[2021-05-15 01:43:09,842] WARNING | darts.models | Support Facebook Prophet is not available. To enable it, install u8darts[fbprophet] or u8darts[all].
loading model_best_10.pth.tar
loading model_best_10.pth.tar
starting run
Running point FI-19: -20.0 delta_t_2: -20.0
Running point FI-19: -20.0 delta_t_2: -18.0
Running point FI-19: -20.0 delta_t_2: -16.0
Running point FI-19: -20.0 delta_t_2: -14.0
Running point FI-19: -20.0 delta_t_2: -12.0
Running point FI-19: -20.0 delta_t_2: -10.0
Running point FI-19: -20.0 delta_t_2: -8.0
Running point FI-19: -20.0 delta_t_2: -6.0
Running point FI-19: -20.0 delta_t_2: -4.0
Running point FI-19: -20.0 delta_t_2: -2.0
Running point FI-19: -20.0 delta_t_2: 0.0
Running point FI-19: -20.0 delta_t_2: 2.0
Running point FI-19: -20.0 delta_t_2: 4.0
Running point FI-19: -20.0 delta_t_2: 6.0
Running point FI-19: -20.0 delta_t_2: 8.0
Running point FI-19: -20.0 delta_t_2: 10.0
Running point FI-19: -20.0 delta_t_2: 12.0
Running point FI-19: -20.0 delta_t_2: 14.0
Running point FI-19: -20.0 delta_t_2: 16.0
Running point FI-19: -20.0 delta_t_2: 18.0
Running point FI-19: -20.0 delta_t_2: 20.0
Running point FI-19: -18.0 delta_t_2: -20.0
Running point FI-19: -18.0 delta_t_2: -18.0
Running point FI-19: -18.0 delta_t_2: -16.0
Running point FI-19: -18.0 delta_t_2: -14.0
Running point FI-19: -18.0 delta_t_2: -12.0
Running point FI-19: -18.0 delta_t_2: -10.0
Running point FI-19: -18.0 delta_t_2: -8.0
Running point FI-19: -18.0 delta_t_2: -6.0
Running point FI-19: -18.0 delta_t_2: -4.0
Running point FI-19: -18.0 delta_t_2: -2.0
Running point FI-19: -18.0 delta_t_2: 0.0
Running point FI-19: -18.0 delta_t_2: 2.0
Running point FI-19: -18.0 delta_t_2: 4.0
Running point FI-19: -18.0 delta_t_2: 6.0
Running point FI-19: -18.0 delta_t_2: 8.0
Running point FI-19: -18.0 delta_t_2: 10.0
Running point FI-19: -18.0 delta_t_2: 12.0
Running point FI-19: -18.0 delta_t_2: 14.0
Running point FI-19: -18.0 delta_t_2: 16.0
Running point FI-19: -18.0 delta_t_2: 18.0
Running point FI-19: -18.0 delta_t_2: 20.0
Running point FI-19: -16.0 delta_t_2: -20.0
Running point FI-19: -16.0 delta_t_2: -18.0
Running point FI-19: -16.0 delta_t_2: -16.0
Running point FI-19: -16.0 delta_t_2: -14.0
Running point FI-19: -16.0 delta_t_2: -12.0
Running point FI-19: -16.0 delta_t_2: -10.0
Running point FI-19: -16.0 delta_t_2: -8.0
Running point FI-19: -16.0 delta_t_2: -6.0
Running point FI-19: -16.0 delta_t_2: -4.0
Running point FI-19: -16.0 delta_t_2: -2.0
Running point FI-19: -16.0 delta_t_2: 0.0
Running point FI-19: -16.0 delta_t_2: 2.0
Running point FI-19: -16.0 delta_t_2: 4.0
Running point FI-19: -16.0 delta_t_2: 6.0
Running point FI-19: -16.0 delta_t_2: 8.0
Running point FI-19: -16.0 delta_t_2: 10.0
Running point FI-19: -16.0 delta_t_2: 12.0
Running point FI-19: -16.0 delta_t_2: 14.0
Running point FI-19: -16.0 delta_t_2: 16.0
Running point FI-19: -16.0 delta_t_2: 18.0
Running point FI-19: -16.0 delta_t_2: 20.0
Running point FI-19: -14.0 delta_t_2: -20.0
Running point FI-19: -14.0 delta_t_2: -18.0
Running point FI-19: -14.0 delta_t_2: -16.0
Running point FI-19: -14.0 delta_t_2: -14.0
Running point FI-19: -14.0 delta_t_2: -12.0
Running point FI-19: -14.0 delta_t_2: -10.0
Running point FI-19: -14.0 delta_t_2: -8.0
Running point FI-19: -14.0 delta_t_2: -6.0
Running point FI-19: -14.0 delta_t_2: -4.0
Running point FI-19: -14.0 delta_t_2: -2.0
Running point FI-19: -14.0 delta_t_2: 0.0
Running point FI-19: -14.0 delta_t_2: 2.0
Running point FI-19: -14.0 delta_t_2: 4.0
Running point FI-19: -14.0 delta_t_2: 6.0
Running point FI-19: -14.0 delta_t_2: 8.0
Running point FI-19: -14.0 delta_t_2: 10.0
Running point FI-19: -14.0 delta_t_2: 12.0
Running point FI-19: -14.0 delta_t_2: 14.0
Running point FI-19: -14.0 delta_t_2: 16.0
Running point FI-19: -14.0 delta_t_2: 18.0
Running point FI-19: -14.0 delta_t_2: 20.0
Running point FI-19: -12.0 delta_t_2: -20.0
Running point FI-19: -12.0 delta_t_2: -18.0
Running point FI-19: -12.0 delta_t_2: -16.0
Running point FI-19: -12.0 delta_t_2: -14.0
Running point FI-19: -12.0 delta_t_2: -12.0
Running point FI-19: -12.0 delta_t_2: -10.0
Running point FI-19: -12.0 delta_t_2: -8.0
Running point FI-19: -12.0 delta_t_2: -6.0
Running point FI-19: -12.0 delta_t_2: -4.0
Running point FI-19: -12.0 delta_t_2: -2.0
Running point FI-19: -12.0 delta_t_2: 0.0
Running point FI-19: -12.0 delta_t_2: 2.0
Running point FI-19: -12.0 delta_t_2: 4.0
Running point FI-19: -12.0 delta_t_2: 6.0
Running point FI-19: -12.0 delta_t_2: 8.0
Running point FI-19: -12.0 delta_t_2: 10.0
Running point FI-19: -12.0 delta_t_2: 12.0
Running point FI-19: -12.0 delta_t_2: 14.0
Running point FI-19: -12.0 delta_t_2: 16.0
Running point FI-19: -12.0 delta_t_2: 18.0
Running point FI-19: -12.0 delta_t_2: 20.0
Running point FI-19: -10.0 delta_t_2: -20.0
Running point FI-19: -10.0 delta_t_2: -18.0
Running point FI-19: -10.0 delta_t_2: -16.0
Running point FI-19: -10.0 delta_t_2: -14.0
Running point FI-19: -10.0 delta_t_2: -12.0
Running point FI-19: -10.0 delta_t_2: -10.0
Running point FI-19: -10.0 delta_t_2: -8.0
Running point FI-19: -10.0 delta_t_2: -6.0
Running point FI-19: -10.0 delta_t_2: -4.0
Running point FI-19: -10.0 delta_t_2: -2.0
Running point FI-19: -10.0 delta_t_2: 0.0
Running point FI-19: -10.0 delta_t_2: 2.0
Running point FI-19: -10.0 delta_t_2: 4.0
Running point FI-19: -10.0 delta_t_2: 6.0
Running point FI-19: -10.0 delta_t_2: 8.0
Running point FI-19: -10.0 delta_t_2: 10.0
Running point FI-19: -10.0 delta_t_2: 12.0
Running point FI-19: -10.0 delta_t_2: 14.0
Running point FI-19: -10.0 delta_t_2: 16.0
Running point FI-19: -10.0 delta_t_2: 18.0
Running point FI-19: -10.0 delta_t_2: 20.0
Running point FI-19: -8.0 delta_t_2: -20.0
Running point FI-19: -8.0 delta_t_2: -18.0
Running point FI-19: -8.0 delta_t_2: -16.0
Running point FI-19: -8.0 delta_t_2: -14.0
Running point FI-19: -8.0 delta_t_2: -12.0
Running point FI-19: -8.0 delta_t_2: -10.0
Running point FI-19: -8.0 delta_t_2: -8.0
Running point FI-19: -8.0 delta_t_2: -6.0
Running point FI-19: -8.0 delta_t_2: -4.0
Running point FI-19: -8.0 delta_t_2: -2.0
Running point FI-19: -8.0 delta_t_2: 0.0
Running point FI-19: -8.0 delta_t_2: 2.0
Running point FI-19: -8.0 delta_t_2: 4.0
Running point FI-19: -8.0 delta_t_2: 6.0
Running point FI-19: -8.0 delta_t_2: 8.0
Running point FI-19: -8.0 delta_t_2: 10.0
Running point FI-19: -8.0 delta_t_2: 12.0
Running point FI-19: -8.0 delta_t_2: 14.0
Running point FI-19: -8.0 delta_t_2: 16.0
Running point FI-19: -8.0 delta_t_2: 18.0
Running point FI-19: -8.0 delta_t_2: 20.0
Running point FI-19: -6.0 delta_t_2: -20.0
Running point FI-19: -6.0 delta_t_2: -18.0
Running point FI-19: -6.0 delta_t_2: -16.0
Running point FI-19: -6.0 delta_t_2: -14.0
Running point FI-19: -6.0 delta_t_2: -12.0
Running point FI-19: -6.0 delta_t_2: -10.0
Running point FI-19: -6.0 delta_t_2: -8.0
Running point FI-19: -6.0 delta_t_2: -6.0
Running point FI-19: -6.0 delta_t_2: -4.0
Running point FI-19: -6.0 delta_t_2: -2.0
Running point FI-19: -6.0 delta_t_2: 0.0
Running point FI-19: -6.0 delta_t_2: 2.0
Running point FI-19: -6.0 delta_t_2: 4.0
Running point FI-19: -6.0 delta_t_2: 6.0
Running point FI-19: -6.0 delta_t_2: 8.0
Running point FI-19: -6.0 delta_t_2: 10.0
Running point FI-19: -6.0 delta_t_2: 12.0
Running point FI-19: -6.0 delta_t_2: 14.0
Running point FI-19: -6.0 delta_t_2: 16.0
Running point FI-19: -6.0 delta_t_2: 18.0
Running point FI-19: -6.0 delta_t_2: 20.0
Running point FI-19: -4.0 delta_t_2: -20.0
Running point FI-19: -4.0 delta_t_2: -18.0
Running point FI-19: -4.0 delta_t_2: -16.0
Running point FI-19: -4.0 delta_t_2: -14.0
Running point FI-19: -4.0 delta_t_2: -12.0
Running point FI-19: -4.0 delta_t_2: -10.0
Running point FI-19: -4.0 delta_t_2: -8.0
Running point FI-19: -4.0 delta_t_2: -6.0
Running point FI-19: -4.0 delta_t_2: -4.0
Running point FI-19: -4.0 delta_t_2: -2.0
Running point FI-19: -4.0 delta_t_2: 0.0
Running point FI-19: -4.0 delta_t_2: 2.0
Running point FI-19: -4.0 delta_t_2: 4.0
Running point FI-19: -4.0 delta_t_2: 6.0
Running point FI-19: -4.0 delta_t_2: 8.0
Running point FI-19: -4.0 delta_t_2: 10.0
Running point FI-19: -4.0 delta_t_2: 12.0
Running point FI-19: -4.0 delta_t_2: 14.0
Running point FI-19: -4.0 delta_t_2: 16.0
Running point FI-19: -4.0 delta_t_2: 18.0
Running point FI-19: -4.0 delta_t_2: 20.0
Running point FI-19: -2.0 delta_t_2: -20.0
Running point FI-19: -2.0 delta_t_2: -18.0
Running point FI-19: -2.0 delta_t_2: -16.0
Running point FI-19: -2.0 delta_t_2: -14.0
Running point FI-19: -2.0 delta_t_2: -12.0
Running point FI-19: -2.0 delta_t_2: -10.0
Running point FI-19: -2.0 delta_t_2: -8.0
Running point FI-19: -2.0 delta_t_2: -6.0
Running point FI-19: -2.0 delta_t_2: -4.0
Running point FI-19: -2.0 delta_t_2: -2.0
Running point FI-19: -2.0 delta_t_2: 0.0
Running point FI-19: -2.0 delta_t_2: 2.0
Running point FI-19: -2.0 delta_t_2: 4.0
Running point FI-19: -2.0 delta_t_2: 6.0
Running point FI-19: -2.0 delta_t_2: 8.0
Running point FI-19: -2.0 delta_t_2: 10.0
Running point FI-19: -2.0 delta_t_2: 12.0
Running point FI-19: -2.0 delta_t_2: 14.0
Running point FI-19: -2.0 delta_t_2: 16.0
Running point FI-19: -2.0 delta_t_2: 18.0
Running point FI-19: -2.0 delta_t_2: 20.0
Running point FI-19: 0.0 delta_t_2: -20.0
Running point FI-19: 0.0 delta_t_2: -18.0
Running point FI-19: 0.0 delta_t_2: -16.0
Running point FI-19: 0.0 delta_t_2: -14.0
Running point FI-19: 0.0 delta_t_2: -12.0
Running point FI-19: 0.0 delta_t_2: -10.0
Running point FI-19: 0.0 delta_t_2: -8.0
Running point FI-19: 0.0 delta_t_2: -6.0
Running point FI-19: 0.0 delta_t_2: -4.0
Running point FI-19: 0.0 delta_t_2: -2.0
Running point FI-19: 0.0 delta_t_2: 0.0
Running point FI-19: 0.0 delta_t_2: 2.0
Running point FI-19: 0.0 delta_t_2: 4.0
Running point FI-19: 0.0 delta_t_2: 6.0
Running point FI-19: 0.0 delta_t_2: 8.0
Running point FI-19: 0.0 delta_t_2: 10.0
Running point FI-19: 0.0 delta_t_2: 12.0
Running point FI-19: 0.0 delta_t_2: 14.0
Running point FI-19: 0.0 delta_t_2: 16.0
Running point FI-19: 0.0 delta_t_2: 18.0
Running point FI-19: 0.0 delta_t_2: 20.0
Running point FI-19: 2.0 delta_t_2: -20.0
Running point FI-19: 2.0 delta_t_2: -18.0
Running point FI-19: 2.0 delta_t_2: -16.0
Running point FI-19: 2.0 delta_t_2: -14.0
Running point FI-19: 2.0 delta_t_2: -12.0
Running point FI-19: 2.0 delta_t_2: -10.0
Running point FI-19: 2.0 delta_t_2: -8.0
Running point FI-19: 2.0 delta_t_2: -6.0
Running point FI-19: 2.0 delta_t_2: -4.0
Running point FI-19: 2.0 delta_t_2: -2.0
Running point FI-19: 2.0 delta_t_2: 0.0
Running point FI-19: 2.0 delta_t_2: 2.0
Running point FI-19: 2.0 delta_t_2: 4.0
Running point FI-19: 2.0 delta_t_2: 6.0
Running point FI-19: 2.0 delta_t_2: 8.0
Running point FI-19: 2.0 delta_t_2: 10.0
Running point FI-19: 2.0 delta_t_2: 12.0
Running point FI-19: 2.0 delta_t_2: 14.0
Running point FI-19: 2.0 delta_t_2: 16.0
Running point FI-19: 2.0 delta_t_2: 18.0
Running point FI-19: 2.0 delta_t_2: 20.0
Running point FI-19: 4.0 delta_t_2: -20.0
Running point FI-19: 4.0 delta_t_2: -18.0
Running point FI-19: 4.0 delta_t_2: -16.0
Running point FI-19: 4.0 delta_t_2: -14.0
Running point FI-19: 4.0 delta_t_2: -12.0
Running point FI-19: 4.0 delta_t_2: -10.0
Running point FI-19: 4.0 delta_t_2: -8.0
Running point FI-19: 4.0 delta_t_2: -6.0
Running point FI-19: 4.0 delta_t_2: -4.0
Running point FI-19: 4.0 delta_t_2: -2.0
Running point FI-19: 4.0 delta_t_2: 0.0
Running point FI-19: 4.0 delta_t_2: 2.0
Running point FI-19: 4.0 delta_t_2: 4.0
Running point FI-19: 4.0 delta_t_2: 6.0
Running point FI-19: 4.0 delta_t_2: 8.0
Running point FI-19: 4.0 delta_t_2: 10.0
Running point FI-19: 4.0 delta_t_2: 12.0
Running point FI-19: 4.0 delta_t_2: 14.0
Running point FI-19: 4.0 delta_t_2: 16.0
Running point FI-19: 4.0 delta_t_2: 18.0
Running point FI-19: 4.0 delta_t_2: 20.0
Running point FI-19: 6.0 delta_t_2: -20.0
Running point FI-19: 6.0 delta_t_2: -18.0
Running point FI-19: 6.0 delta_t_2: -16.0
Running point FI-19: 6.0 delta_t_2: -14.0
Running point FI-19: 6.0 delta_t_2: -12.0
Running point FI-19: 6.0 delta_t_2: -10.0
Running point FI-19: 6.0 delta_t_2: -8.0
Running point FI-19: 6.0 delta_t_2: -6.0
Running point FI-19: 6.0 delta_t_2: -4.0
Running point FI-19: 6.0 delta_t_2: -2.0
Running point FI-19: 6.0 delta_t_2: 0.0
Running point FI-19: 6.0 delta_t_2: 2.0
Running point FI-19: 6.0 delta_t_2: 4.0
Running point FI-19: 6.0 delta_t_2: 6.0
Running point FI-19: 6.0 delta_t_2: 8.0
Running point FI-19: 6.0 delta_t_2: 10.0
Running point FI-19: 6.0 delta_t_2: 12.0
Running point FI-19: 6.0 delta_t_2: 14.0
Running point FI-19: 6.0 delta_t_2: 16.0
Running point FI-19: 6.0 delta_t_2: 18.0
Running point FI-19: 6.0 delta_t_2: 20.0
Running point FI-19: 8.0 delta_t_2: -20.0
Running point FI-19: 8.0 delta_t_2: -18.0
Running point FI-19: 8.0 delta_t_2: -16.0
Running point FI-19: 8.0 delta_t_2: -14.0
Running point FI-19: 8.0 delta_t_2: -12.0
Running point FI-19: 8.0 delta_t_2: -10.0
Running point FI-19: 8.0 delta_t_2: -8.0
Running point FI-19: 8.0 delta_t_2: -6.0
Running point FI-19: 8.0 delta_t_2: -4.0
Running point FI-19: 8.0 delta_t_2: -2.0
Running point FI-19: 8.0 delta_t_2: 0.0
Running point FI-19: 8.0 delta_t_2: 2.0
Running point FI-19: 8.0 delta_t_2: 4.0
Running point FI-19: 8.0 delta_t_2: 6.0
Running point FI-19: 8.0 delta_t_2: 8.0
Running point FI-19: 8.0 delta_t_2: 10.0
Running point FI-19: 8.0 delta_t_2: 12.0
Running point FI-19: 8.0 delta_t_2: 14.0
Running point FI-19: 8.0 delta_t_2: 16.0
Running point FI-19: 8.0 delta_t_2: 18.0
Running point FI-19: 8.0 delta_t_2: 20.0
Running point FI-19: 10.0 delta_t_2: -20.0
Running point FI-19: 10.0 delta_t_2: -18.0
Running point FI-19: 10.0 delta_t_2: -16.0
Running point FI-19: 10.0 delta_t_2: -14.0
Running point FI-19: 10.0 delta_t_2: -12.0
Running point FI-19: 10.0 delta_t_2: -10.0
Running point FI-19: 10.0 delta_t_2: -8.0
Running point FI-19: 10.0 delta_t_2: -6.0
Running point FI-19: 10.0 delta_t_2: -4.0
Running point FI-19: 10.0 delta_t_2: -2.0
Running point FI-19: 10.0 delta_t_2: 0.0
Running point FI-19: 10.0 delta_t_2: 2.0
Running point FI-19: 10.0 delta_t_2: 4.0
Running point FI-19: 10.0 delta_t_2: 6.0
Running point FI-19: 10.0 delta_t_2: 8.0
Running point FI-19: 10.0 delta_t_2: 10.0
Running point FI-19: 10.0 delta_t_2: 12.0
Running point FI-19: 10.0 delta_t_2: 14.0
Running point FI-19: 10.0 delta_t_2: 16.0
Running point FI-19: 10.0 delta_t_2: 18.0
Running point FI-19: 10.0 delta_t_2: 20.0
Running point FI-19: 12.0 delta_t_2: -20.0
Running point FI-19: 12.0 delta_t_2: -18.0
Running point FI-19: 12.0 delta_t_2: -16.0
Running point FI-19: 12.0 delta_t_2: -14.0
Running point FI-19: 12.0 delta_t_2: -12.0
Running point FI-19: 12.0 delta_t_2: -10.0
Running point FI-19: 12.0 delta_t_2: -8.0
Running point FI-19: 12.0 delta_t_2: -6.0
Running point FI-19: 12.0 delta_t_2: -4.0
Running point FI-19: 12.0 delta_t_2: -2.0
Running point FI-19: 12.0 delta_t_2: 0.0
Running point FI-19: 12.0 delta_t_2: 2.0
Running point FI-19: 12.0 delta_t_2: 4.0
Running point FI-19: 12.0 delta_t_2: 6.0
Running point FI-19: 12.0 delta_t_2: 8.0
Running point FI-19: 12.0 delta_t_2: 10.0
Running point FI-19: 12.0 delta_t_2: 12.0
Running point FI-19: 12.0 delta_t_2: 14.0
Running point FI-19: 12.0 delta_t_2: 16.0
Running point FI-19: 12.0 delta_t_2: 18.0
Running point FI-19: 12.0 delta_t_2: 20.0
Running point FI-19: 14.0 delta_t_2: -20.0
Running point FI-19: 14.0 delta_t_2: -18.0
Running point FI-19: 14.0 delta_t_2: -16.0
Running point FI-19: 14.0 delta_t_2: -14.0
Running point FI-19: 14.0 delta_t_2: -12.0
Running point FI-19: 14.0 delta_t_2: -10.0
Running point FI-19: 14.0 delta_t_2: -8.0
Running point FI-19: 14.0 delta_t_2: -6.0
Running point FI-19: 14.0 delta_t_2: -4.0
Running point FI-19: 14.0 delta_t_2: -2.0
Running point FI-19: 14.0 delta_t_2: 0.0
Running point FI-19: 14.0 delta_t_2: 2.0
Running point FI-19: 14.0 delta_t_2: 4.0
Running point FI-19: 14.0 delta_t_2: 6.0
Running point FI-19: 14.0 delta_t_2: 8.0
Running point FI-19: 14.0 delta_t_2: 10.0
Running point FI-19: 14.0 delta_t_2: 12.0
Running point FI-19: 14.0 delta_t_2: 14.0
Running point FI-19: 14.0 delta_t_2: 16.0
Running point FI-19: 14.0 delta_t_2: 18.0
Running point FI-19: 14.0 delta_t_2: 20.0
Running point FI-19: 16.0 delta_t_2: -20.0
Running point FI-19: 16.0 delta_t_2: -18.0
Running point FI-19: 16.0 delta_t_2: -16.0
Running point FI-19: 16.0 delta_t_2: -14.0
Running point FI-19: 16.0 delta_t_2: -12.0
Running point FI-19: 16.0 delta_t_2: -10.0
Running point FI-19: 16.0 delta_t_2: -8.0
Running point FI-19: 16.0 delta_t_2: -6.0
Running point FI-19: 16.0 delta_t_2: -4.0
Running point FI-19: 16.0 delta_t_2: -2.0
Running point FI-19: 16.0 delta_t_2: 0.0
Running point FI-19: 16.0 delta_t_2: 2.0
Running point FI-19: 16.0 delta_t_2: 4.0
Running point FI-19: 16.0 delta_t_2: 6.0
Running point FI-19: 16.0 delta_t_2: 8.0
Running point FI-19: 16.0 delta_t_2: 10.0
Running point FI-19: 16.0 delta_t_2: 12.0
Running point FI-19: 16.0 delta_t_2: 14.0
Running point FI-19: 16.0 delta_t_2: 16.0
Running point FI-19: 16.0 delta_t_2: 18.0
Running point FI-19: 16.0 delta_t_2: 20.0
Running point FI-19: 18.0 delta_t_2: -20.0
Running point FI-19: 18.0 delta_t_2: -18.0
Running point FI-19: 18.0 delta_t_2: -16.0
Running point FI-19: 18.0 delta_t_2: -14.0
Running point FI-19: 18.0 delta_t_2: -12.0
Running point FI-19: 18.0 delta_t_2: -10.0
Running point FI-19: 18.0 delta_t_2: -8.0
Running point FI-19: 18.0 delta_t_2: -6.0
Running point FI-19: 18.0 delta_t_2: -4.0
Running point FI-19: 18.0 delta_t_2: -2.0
Running point FI-19: 18.0 delta_t_2: 0.0
Running point FI-19: 18.0 delta_t_2: 2.0
Running point FI-19: 18.0 delta_t_2: 4.0
Running point FI-19: 18.0 delta_t_2: 6.0
Running point FI-19: 18.0 delta_t_2: 8.0
Running point FI-19: 18.0 delta_t_2: 10.0
Running point FI-19: 18.0 delta_t_2: 12.0
Running point FI-19: 18.0 delta_t_2: 14.0
Running point FI-19: 18.0 delta_t_2: 16.0
Running point FI-19: 18.0 delta_t_2: 18.0
Running point FI-19: 18.0 delta_t_2: 20.0
Running point FI-19: 20.0 delta_t_2: -20.0
Running point FI-19: 20.0 delta_t_2: -18.0
Running point FI-19: 20.0 delta_t_2: -16.0
Running point FI-19: 20.0 delta_t_2: -14.0
Running point FI-19: 20.0 delta_t_2: -12.0
Running point FI-19: 20.0 delta_t_2: -10.0
Running point FI-19: 20.0 delta_t_2: -8.0
Running point FI-19: 20.0 delta_t_2: -6.0
Running point FI-19: 20.0 delta_t_2: -4.0
Running point FI-19: 20.0 delta_t_2: -2.0
Running point FI-19: 20.0 delta_t_2: 0.0
Running point FI-19: 20.0 delta_t_2: 2.0
Running point FI-19: 20.0 delta_t_2: 4.0
Running point FI-19: 20.0 delta_t_2: 6.0
Running point FI-19: 20.0 delta_t_2: 8.0
Running point FI-19: 20.0 delta_t_2: 10.0
Running point FI-19: 20.0 delta_t_2: 12.0
Running point FI-19: 20.0 delta_t_2: 14.0
Running point FI-19: 20.0 delta_t_2: 16.0
Running point FI-19: 20.0 delta_t_2: 18.0
Running point FI-19: 20.0 delta_t_2: 20.0
