[2021-05-15 01:43:09,842] WARNING | darts.models | Support Facebook Prophet is not available. To enable it, install u8darts[fbprophet] or u8darts[all].
loading model_best_10.pth.tar
loading model_best_10.pth.tar
starting run
Running point TI-19: -20.0 delta_t: -20.0
Running point TI-19: -20.0 delta_t: -18.0
Running point TI-19: -20.0 delta_t: -16.0
Running point TI-19: -20.0 delta_t: -14.0
Running point TI-19: -20.0 delta_t: -12.0
Running point TI-19: -20.0 delta_t: -10.0
Running point TI-19: -20.0 delta_t: -8.0
Running point TI-19: -20.0 delta_t: -6.0
Running point TI-19: -20.0 delta_t: -4.0
Running point TI-19: -20.0 delta_t: -2.0
Running point TI-19: -20.0 delta_t: 0.0
Running point TI-19: -20.0 delta_t: 2.0
Running point TI-19: -20.0 delta_t: 4.0
Running point TI-19: -20.0 delta_t: 6.0
Running point TI-19: -20.0 delta_t: 8.0
Running point TI-19: -20.0 delta_t: 10.0
Running point TI-19: -20.0 delta_t: 12.0
Running point TI-19: -20.0 delta_t: 14.0
Running point TI-19: -20.0 delta_t: 16.0
Running point TI-19: -20.0 delta_t: 18.0
Running point TI-19: -20.0 delta_t: 20.0
Running point TI-19: -18.0 delta_t: -20.0
Running point TI-19: -18.0 delta_t: -18.0
Running point TI-19: -18.0 delta_t: -16.0
Running point TI-19: -18.0 delta_t: -14.0
Running point TI-19: -18.0 delta_t: -12.0
Running point TI-19: -18.0 delta_t: -10.0
Running point TI-19: -18.0 delta_t: -8.0
Running point TI-19: -18.0 delta_t: -6.0
Running point TI-19: -18.0 delta_t: -4.0
Running point TI-19: -18.0 delta_t: -2.0
Running point TI-19: -18.0 delta_t: 0.0
Running point TI-19: -18.0 delta_t: 2.0
Running point TI-19: -18.0 delta_t: 4.0
Running point TI-19: -18.0 delta_t: 6.0
Running point TI-19: -18.0 delta_t: 8.0
Running point TI-19: -18.0 delta_t: 10.0
Running point TI-19: -18.0 delta_t: 12.0
Running point TI-19: -18.0 delta_t: 14.0
Running point TI-19: -18.0 delta_t: 16.0
Running point TI-19: -18.0 delta_t: 18.0
Running point TI-19: -18.0 delta_t: 20.0
Running point TI-19: -16.0 delta_t: -20.0
Running point TI-19: -16.0 delta_t: -18.0
Running point TI-19: -16.0 delta_t: -16.0
Running point TI-19: -16.0 delta_t: -14.0
Running point TI-19: -16.0 delta_t: -12.0
Running point TI-19: -16.0 delta_t: -10.0
Running point TI-19: -16.0 delta_t: -8.0
Running point TI-19: -16.0 delta_t: -6.0
Running point TI-19: -16.0 delta_t: -4.0
Running point TI-19: -16.0 delta_t: -2.0
Running point TI-19: -16.0 delta_t: 0.0
Running point TI-19: -16.0 delta_t: 2.0
Running point TI-19: -16.0 delta_t: 4.0
Running point TI-19: -16.0 delta_t: 6.0
Running point TI-19: -16.0 delta_t: 8.0
Running point TI-19: -16.0 delta_t: 10.0
Running point TI-19: -16.0 delta_t: 12.0
Running point TI-19: -16.0 delta_t: 14.0
Running point TI-19: -16.0 delta_t: 16.0
Running point TI-19: -16.0 delta_t: 18.0
Running point TI-19: -16.0 delta_t: 20.0
Running point TI-19: -14.0 delta_t: -20.0
Running point TI-19: -14.0 delta_t: -18.0
Running point TI-19: -14.0 delta_t: -16.0
Running point TI-19: -14.0 delta_t: -14.0
Running point TI-19: -14.0 delta_t: -12.0
Running point TI-19: -14.0 delta_t: -10.0
Running point TI-19: -14.0 delta_t: -8.0
Running point TI-19: -14.0 delta_t: -6.0
Running point TI-19: -14.0 delta_t: -4.0
Running point TI-19: -14.0 delta_t: -2.0
Running point TI-19: -14.0 delta_t: 0.0
Running point TI-19: -14.0 delta_t: 2.0
Running point TI-19: -14.0 delta_t: 4.0
Running point TI-19: -14.0 delta_t: 6.0
Running point TI-19: -14.0 delta_t: 8.0
Running point TI-19: -14.0 delta_t: 10.0
Running point TI-19: -14.0 delta_t: 12.0
Running point TI-19: -14.0 delta_t: 14.0
Running point TI-19: -14.0 delta_t: 16.0
Running point TI-19: -14.0 delta_t: 18.0
Running point TI-19: -14.0 delta_t: 20.0
Running point TI-19: -12.0 delta_t: -20.0
Running point TI-19: -12.0 delta_t: -18.0
Running point TI-19: -12.0 delta_t: -16.0
Running point TI-19: -12.0 delta_t: -14.0
Running point TI-19: -12.0 delta_t: -12.0
Running point TI-19: -12.0 delta_t: -10.0
Running point TI-19: -12.0 delta_t: -8.0
Running point TI-19: -12.0 delta_t: -6.0
Running point TI-19: -12.0 delta_t: -4.0
Running point TI-19: -12.0 delta_t: -2.0
Running point TI-19: -12.0 delta_t: 0.0
Running point TI-19: -12.0 delta_t: 2.0
Running point TI-19: -12.0 delta_t: 4.0
Running point TI-19: -12.0 delta_t: 6.0
Running point TI-19: -12.0 delta_t: 8.0
Running point TI-19: -12.0 delta_t: 10.0
Running point TI-19: -12.0 delta_t: 12.0
Running point TI-19: -12.0 delta_t: 14.0
Running point TI-19: -12.0 delta_t: 16.0
Running point TI-19: -12.0 delta_t: 18.0
Running point TI-19: -12.0 delta_t: 20.0
Running point TI-19: -10.0 delta_t: -20.0
Running point TI-19: -10.0 delta_t: -18.0
Running point TI-19: -10.0 delta_t: -16.0
Running point TI-19: -10.0 delta_t: -14.0
Running point TI-19: -10.0 delta_t: -12.0
Running point TI-19: -10.0 delta_t: -10.0
Running point TI-19: -10.0 delta_t: -8.0
Running point TI-19: -10.0 delta_t: -6.0
Running point TI-19: -10.0 delta_t: -4.0
Running point TI-19: -10.0 delta_t: -2.0
Running point TI-19: -10.0 delta_t: 0.0
Running point TI-19: -10.0 delta_t: 2.0
Running point TI-19: -10.0 delta_t: 4.0
Running point TI-19: -10.0 delta_t: 6.0
Running point TI-19: -10.0 delta_t: 8.0
Running point TI-19: -10.0 delta_t: 10.0
Running point TI-19: -10.0 delta_t: 12.0
Running point TI-19: -10.0 delta_t: 14.0
Running point TI-19: -10.0 delta_t: 16.0
Running point TI-19: -10.0 delta_t: 18.0
Running point TI-19: -10.0 delta_t: 20.0
Running point TI-19: -8.0 delta_t: -20.0
Running point TI-19: -8.0 delta_t: -18.0
Running point TI-19: -8.0 delta_t: -16.0
Running point TI-19: -8.0 delta_t: -14.0
Running point TI-19: -8.0 delta_t: -12.0
Running point TI-19: -8.0 delta_t: -10.0
Running point TI-19: -8.0 delta_t: -8.0
Running point TI-19: -8.0 delta_t: -6.0
Running point TI-19: -8.0 delta_t: -4.0
Running point TI-19: -8.0 delta_t: -2.0
Running point TI-19: -8.0 delta_t: 0.0
Running point TI-19: -8.0 delta_t: 2.0
Running point TI-19: -8.0 delta_t: 4.0
Running point TI-19: -8.0 delta_t: 6.0
Running point TI-19: -8.0 delta_t: 8.0
Running point TI-19: -8.0 delta_t: 10.0
Running point TI-19: -8.0 delta_t: 12.0
Running point TI-19: -8.0 delta_t: 14.0
Running point TI-19: -8.0 delta_t: 16.0
Running point TI-19: -8.0 delta_t: 18.0
Running point TI-19: -8.0 delta_t: 20.0
Running point TI-19: -6.0 delta_t: -20.0
Running point TI-19: -6.0 delta_t: -18.0
Running point TI-19: -6.0 delta_t: -16.0
Running point TI-19: -6.0 delta_t: -14.0
Running point TI-19: -6.0 delta_t: -12.0
Running point TI-19: -6.0 delta_t: -10.0
Running point TI-19: -6.0 delta_t: -8.0
Running point TI-19: -6.0 delta_t: -6.0
Running point TI-19: -6.0 delta_t: -4.0
Running point TI-19: -6.0 delta_t: -2.0
Running point TI-19: -6.0 delta_t: 0.0
Running point TI-19: -6.0 delta_t: 2.0
Running point TI-19: -6.0 delta_t: 4.0
Running point TI-19: -6.0 delta_t: 6.0
Running point TI-19: -6.0 delta_t: 8.0
Running point TI-19: -6.0 delta_t: 10.0
Running point TI-19: -6.0 delta_t: 12.0
Running point TI-19: -6.0 delta_t: 14.0
Running point TI-19: -6.0 delta_t: 16.0
Running point TI-19: -6.0 delta_t: 18.0
Running point TI-19: -6.0 delta_t: 20.0
Running point TI-19: -4.0 delta_t: -20.0
Running point TI-19: -4.0 delta_t: -18.0
Running point TI-19: -4.0 delta_t: -16.0
Running point TI-19: -4.0 delta_t: -14.0
Running point TI-19: -4.0 delta_t: -12.0
Running point TI-19: -4.0 delta_t: -10.0
Running point TI-19: -4.0 delta_t: -8.0
Running point TI-19: -4.0 delta_t: -6.0
Running point TI-19: -4.0 delta_t: -4.0
Running point TI-19: -4.0 delta_t: -2.0
Running point TI-19: -4.0 delta_t: 0.0
Running point TI-19: -4.0 delta_t: 2.0
Running point TI-19: -4.0 delta_t: 4.0
Running point TI-19: -4.0 delta_t: 6.0
Running point TI-19: -4.0 delta_t: 8.0
Running point TI-19: -4.0 delta_t: 10.0
Running point TI-19: -4.0 delta_t: 12.0
Running point TI-19: -4.0 delta_t: 14.0
Running point TI-19: -4.0 delta_t: 16.0
Running point TI-19: -4.0 delta_t: 18.0
Running point TI-19: -4.0 delta_t: 20.0
Running point TI-19: -2.0 delta_t: -20.0
Running point TI-19: -2.0 delta_t: -18.0
Running point TI-19: -2.0 delta_t: -16.0
Running point TI-19: -2.0 delta_t: -14.0
Running point TI-19: -2.0 delta_t: -12.0
Running point TI-19: -2.0 delta_t: -10.0
Running point TI-19: -2.0 delta_t: -8.0
Running point TI-19: -2.0 delta_t: -6.0
Running point TI-19: -2.0 delta_t: -4.0
Running point TI-19: -2.0 delta_t: -2.0
Running point TI-19: -2.0 delta_t: 0.0
Running point TI-19: -2.0 delta_t: 2.0
Running point TI-19: -2.0 delta_t: 4.0
Running point TI-19: -2.0 delta_t: 6.0
Running point TI-19: -2.0 delta_t: 8.0
Running point TI-19: -2.0 delta_t: 10.0
Running point TI-19: -2.0 delta_t: 12.0
Running point TI-19: -2.0 delta_t: 14.0
Running point TI-19: -2.0 delta_t: 16.0
Running point TI-19: -2.0 delta_t: 18.0
Running point TI-19: -2.0 delta_t: 20.0
Running point TI-19: 0.0 delta_t: -20.0
Running point TI-19: 0.0 delta_t: -18.0
Running point TI-19: 0.0 delta_t: -16.0
Running point TI-19: 0.0 delta_t: -14.0
Running point TI-19: 0.0 delta_t: -12.0
Running point TI-19: 0.0 delta_t: -10.0
Running point TI-19: 0.0 delta_t: -8.0
Running point TI-19: 0.0 delta_t: -6.0
Running point TI-19: 0.0 delta_t: -4.0
Running point TI-19: 0.0 delta_t: -2.0
Running point TI-19: 0.0 delta_t: 0.0
Running point TI-19: 0.0 delta_t: 2.0
Running point TI-19: 0.0 delta_t: 4.0
Running point TI-19: 0.0 delta_t: 6.0
Running point TI-19: 0.0 delta_t: 8.0
Running point TI-19: 0.0 delta_t: 10.0
Running point TI-19: 0.0 delta_t: 12.0
Running point TI-19: 0.0 delta_t: 14.0
Running point TI-19: 0.0 delta_t: 16.0
Running point TI-19: 0.0 delta_t: 18.0
Running point TI-19: 0.0 delta_t: 20.0
Running point TI-19: 2.0 delta_t: -20.0
Running point TI-19: 2.0 delta_t: -18.0
Running point TI-19: 2.0 delta_t: -16.0
Running point TI-19: 2.0 delta_t: -14.0
Running point TI-19: 2.0 delta_t: -12.0
Running point TI-19: 2.0 delta_t: -10.0
Running point TI-19: 2.0 delta_t: -8.0
Running point TI-19: 2.0 delta_t: -6.0
Running point TI-19: 2.0 delta_t: -4.0
Running point TI-19: 2.0 delta_t: -2.0
Running point TI-19: 2.0 delta_t: 0.0
Running point TI-19: 2.0 delta_t: 2.0
Running point TI-19: 2.0 delta_t: 4.0
Running point TI-19: 2.0 delta_t: 6.0
Running point TI-19: 2.0 delta_t: 8.0
Running point TI-19: 2.0 delta_t: 10.0
Running point TI-19: 2.0 delta_t: 12.0
Running point TI-19: 2.0 delta_t: 14.0
Running point TI-19: 2.0 delta_t: 16.0
Running point TI-19: 2.0 delta_t: 18.0
Running point TI-19: 2.0 delta_t: 20.0
Running point TI-19: 4.0 delta_t: -20.0
Running point TI-19: 4.0 delta_t: -18.0
Running point TI-19: 4.0 delta_t: -16.0
Running point TI-19: 4.0 delta_t: -14.0
Running point TI-19: 4.0 delta_t: -12.0
Running point TI-19: 4.0 delta_t: -10.0
Running point TI-19: 4.0 delta_t: -8.0
Running point TI-19: 4.0 delta_t: -6.0
Running point TI-19: 4.0 delta_t: -4.0
Running point TI-19: 4.0 delta_t: -2.0
Running point TI-19: 4.0 delta_t: 0.0
Running point TI-19: 4.0 delta_t: 2.0
Running point TI-19: 4.0 delta_t: 4.0
Running point TI-19: 4.0 delta_t: 6.0
Running point TI-19: 4.0 delta_t: 8.0
Running point TI-19: 4.0 delta_t: 10.0
Running point TI-19: 4.0 delta_t: 12.0
Running point TI-19: 4.0 delta_t: 14.0
Running point TI-19: 4.0 delta_t: 16.0
Running point TI-19: 4.0 delta_t: 18.0
Running point TI-19: 4.0 delta_t: 20.0
Running point TI-19: 6.0 delta_t: -20.0
Running point TI-19: 6.0 delta_t: -18.0
Running point TI-19: 6.0 delta_t: -16.0
Running point TI-19: 6.0 delta_t: -14.0
Running point TI-19: 6.0 delta_t: -12.0
Running point TI-19: 6.0 delta_t: -10.0
Running point TI-19: 6.0 delta_t: -8.0
Running point TI-19: 6.0 delta_t: -6.0
Running point TI-19: 6.0 delta_t: -4.0
Running point TI-19: 6.0 delta_t: -2.0
Running point TI-19: 6.0 delta_t: 0.0
Running point TI-19: 6.0 delta_t: 2.0
Running point TI-19: 6.0 delta_t: 4.0
Running point TI-19: 6.0 delta_t: 6.0
Running point TI-19: 6.0 delta_t: 8.0
Running point TI-19: 6.0 delta_t: 10.0
Running point TI-19: 6.0 delta_t: 12.0
Running point TI-19: 6.0 delta_t: 14.0
Running point TI-19: 6.0 delta_t: 16.0
Running point TI-19: 6.0 delta_t: 18.0
Running point TI-19: 6.0 delta_t: 20.0
Running point TI-19: 8.0 delta_t: -20.0
Running point TI-19: 8.0 delta_t: -18.0
Running point TI-19: 8.0 delta_t: -16.0
Running point TI-19: 8.0 delta_t: -14.0
Running point TI-19: 8.0 delta_t: -12.0
Running point TI-19: 8.0 delta_t: -10.0
Running point TI-19: 8.0 delta_t: -8.0
Running point TI-19: 8.0 delta_t: -6.0
Running point TI-19: 8.0 delta_t: -4.0
Running point TI-19: 8.0 delta_t: -2.0
Running point TI-19: 8.0 delta_t: 0.0
Running point TI-19: 8.0 delta_t: 2.0
Running point TI-19: 8.0 delta_t: 4.0
Running point TI-19: 8.0 delta_t: 6.0
Running point TI-19: 8.0 delta_t: 8.0
Running point TI-19: 8.0 delta_t: 10.0
Running point TI-19: 8.0 delta_t: 12.0
Running point TI-19: 8.0 delta_t: 14.0
Running point TI-19: 8.0 delta_t: 16.0
Running point TI-19: 8.0 delta_t: 18.0
Running point TI-19: 8.0 delta_t: 20.0
Running point TI-19: 10.0 delta_t: -20.0
Running point TI-19: 10.0 delta_t: -18.0
Running point TI-19: 10.0 delta_t: -16.0
Running point TI-19: 10.0 delta_t: -14.0
Running point TI-19: 10.0 delta_t: -12.0
Running point TI-19: 10.0 delta_t: -10.0
Running point TI-19: 10.0 delta_t: -8.0
Running point TI-19: 10.0 delta_t: -6.0
Running point TI-19: 10.0 delta_t: -4.0
Running point TI-19: 10.0 delta_t: -2.0
Running point TI-19: 10.0 delta_t: 0.0
Running point TI-19: 10.0 delta_t: 2.0
Running point TI-19: 10.0 delta_t: 4.0
Running point TI-19: 10.0 delta_t: 6.0
Running point TI-19: 10.0 delta_t: 8.0
Running point TI-19: 10.0 delta_t: 10.0
Running point TI-19: 10.0 delta_t: 12.0
Running point TI-19: 10.0 delta_t: 14.0
Running point TI-19: 10.0 delta_t: 16.0
Running point TI-19: 10.0 delta_t: 18.0
Running point TI-19: 10.0 delta_t: 20.0
Running point TI-19: 12.0 delta_t: -20.0
Running point TI-19: 12.0 delta_t: -18.0
Running point TI-19: 12.0 delta_t: -16.0
Running point TI-19: 12.0 delta_t: -14.0
Running point TI-19: 12.0 delta_t: -12.0
Running point TI-19: 12.0 delta_t: -10.0
Running point TI-19: 12.0 delta_t: -8.0
Running point TI-19: 12.0 delta_t: -6.0
Running point TI-19: 12.0 delta_t: -4.0
Running point TI-19: 12.0 delta_t: -2.0
Running point TI-19: 12.0 delta_t: 0.0
Running point TI-19: 12.0 delta_t: 2.0
Running point TI-19: 12.0 delta_t: 4.0
Running point TI-19: 12.0 delta_t: 6.0
Running point TI-19: 12.0 delta_t: 8.0
Running point TI-19: 12.0 delta_t: 10.0
Running point TI-19: 12.0 delta_t: 12.0
Running point TI-19: 12.0 delta_t: 14.0
Running point TI-19: 12.0 delta_t: 16.0
Running point TI-19: 12.0 delta_t: 18.0
Running point TI-19: 12.0 delta_t: 20.0
Running point TI-19: 14.0 delta_t: -20.0
Running point TI-19: 14.0 delta_t: -18.0
Running point TI-19: 14.0 delta_t: -16.0
Running point TI-19: 14.0 delta_t: -14.0
Running point TI-19: 14.0 delta_t: -12.0
Running point TI-19: 14.0 delta_t: -10.0
Running point TI-19: 14.0 delta_t: -8.0
Running point TI-19: 14.0 delta_t: -6.0
Running point TI-19: 14.0 delta_t: -4.0
Running point TI-19: 14.0 delta_t: -2.0
Running point TI-19: 14.0 delta_t: 0.0
Running point TI-19: 14.0 delta_t: 2.0
Running point TI-19: 14.0 delta_t: 4.0
Running point TI-19: 14.0 delta_t: 6.0
Running point TI-19: 14.0 delta_t: 8.0
Running point TI-19: 14.0 delta_t: 10.0
Running point TI-19: 14.0 delta_t: 12.0
Running point TI-19: 14.0 delta_t: 14.0
Running point TI-19: 14.0 delta_t: 16.0
Running point TI-19: 14.0 delta_t: 18.0
Running point TI-19: 14.0 delta_t: 20.0
Running point TI-19: 16.0 delta_t: -20.0
Running point TI-19: 16.0 delta_t: -18.0
Running point TI-19: 16.0 delta_t: -16.0
Running point TI-19: 16.0 delta_t: -14.0
Running point TI-19: 16.0 delta_t: -12.0
Running point TI-19: 16.0 delta_t: -10.0
Running point TI-19: 16.0 delta_t: -8.0
Running point TI-19: 16.0 delta_t: -6.0
Running point TI-19: 16.0 delta_t: -4.0
Running point TI-19: 16.0 delta_t: -2.0
Running point TI-19: 16.0 delta_t: 0.0
Running point TI-19: 16.0 delta_t: 2.0
Running point TI-19: 16.0 delta_t: 4.0
Running point TI-19: 16.0 delta_t: 6.0
Running point TI-19: 16.0 delta_t: 8.0
Running point TI-19: 16.0 delta_t: 10.0
Running point TI-19: 16.0 delta_t: 12.0
Running point TI-19: 16.0 delta_t: 14.0
Running point TI-19: 16.0 delta_t: 16.0
Running point TI-19: 16.0 delta_t: 18.0
Running point TI-19: 16.0 delta_t: 20.0
Running point TI-19: 18.0 delta_t: -20.0
Running point TI-19: 18.0 delta_t: -18.0
Running point TI-19: 18.0 delta_t: -16.0
Running point TI-19: 18.0 delta_t: -14.0
Running point TI-19: 18.0 delta_t: -12.0
Running point TI-19: 18.0 delta_t: -10.0
Running point TI-19: 18.0 delta_t: -8.0
Running point TI-19: 18.0 delta_t: -6.0
Running point TI-19: 18.0 delta_t: -4.0
Running point TI-19: 18.0 delta_t: -2.0
Running point TI-19: 18.0 delta_t: 0.0
Running point TI-19: 18.0 delta_t: 2.0
Running point TI-19: 18.0 delta_t: 4.0
Running point TI-19: 18.0 delta_t: 6.0
Running point TI-19: 18.0 delta_t: 8.0
Running point TI-19: 18.0 delta_t: 10.0
Running point TI-19: 18.0 delta_t: 12.0
Running point TI-19: 18.0 delta_t: 14.0
Running point TI-19: 18.0 delta_t: 16.0
Running point TI-19: 18.0 delta_t: 18.0
Running point TI-19: 18.0 delta_t: 20.0
Running point TI-19: 20.0 delta_t: -20.0
Running point TI-19: 20.0 delta_t: -18.0
Running point TI-19: 20.0 delta_t: -16.0
Running point TI-19: 20.0 delta_t: -14.0
Running point TI-19: 20.0 delta_t: -12.0
Running point TI-19: 20.0 delta_t: -10.0
Running point TI-19: 20.0 delta_t: -8.0
Running point TI-19: 20.0 delta_t: -6.0
Running point TI-19: 20.0 delta_t: -4.0
Running point TI-19: 20.0 delta_t: -2.0
Running point TI-19: 20.0 delta_t: 0.0
Running point TI-19: 20.0 delta_t: 2.0
Running point TI-19: 20.0 delta_t: 4.0
Running point TI-19: 20.0 delta_t: 6.0
Running point TI-19: 20.0 delta_t: 8.0
Running point TI-19: 20.0 delta_t: 10.0
Running point TI-19: 20.0 delta_t: 12.0
Running point TI-19: 20.0 delta_t: 14.0
Running point TI-19: 20.0 delta_t: 16.0
Running point TI-19: 20.0 delta_t: 18.0
Running point TI-19: 20.0 delta_t: 20.0
