[2021-05-15 01:43:09,842] WARNING | darts.models | Support Facebook Prophet is not available. To enable it, install u8darts[fbprophet] or u8darts[all].
loading model_best_10.pth.tar
loading model_best_10.pth.tar
starting run
Running point TI-35: -20.0 delta_t_2: -20.0
Running point TI-35: -20.0 delta_t_2: -18.0
Running point TI-35: -20.0 delta_t_2: -16.0
Running point TI-35: -20.0 delta_t_2: -14.0
Running point TI-35: -20.0 delta_t_2: -12.0
Running point TI-35: -20.0 delta_t_2: -10.0
Running point TI-35: -20.0 delta_t_2: -8.0
Running point TI-35: -20.0 delta_t_2: -6.0
Running point TI-35: -20.0 delta_t_2: -4.0
Running point TI-35: -20.0 delta_t_2: -2.0
Running point TI-35: -20.0 delta_t_2: 0.0
Running point TI-35: -20.0 delta_t_2: 2.0
Running point TI-35: -20.0 delta_t_2: 4.0
Running point TI-35: -20.0 delta_t_2: 6.0
Running point TI-35: -20.0 delta_t_2: 8.0
Running point TI-35: -20.0 delta_t_2: 10.0
Running point TI-35: -20.0 delta_t_2: 12.0
Running point TI-35: -20.0 delta_t_2: 14.0
Running point TI-35: -20.0 delta_t_2: 16.0
Running point TI-35: -20.0 delta_t_2: 18.0
Running point TI-35: -20.0 delta_t_2: 20.0
Running point TI-35: -18.0 delta_t_2: -20.0
Running point TI-35: -18.0 delta_t_2: -18.0
Running point TI-35: -18.0 delta_t_2: -16.0
Running point TI-35: -18.0 delta_t_2: -14.0
Running point TI-35: -18.0 delta_t_2: -12.0
Running point TI-35: -18.0 delta_t_2: -10.0
Running point TI-35: -18.0 delta_t_2: -8.0
Running point TI-35: -18.0 delta_t_2: -6.0
Running point TI-35: -18.0 delta_t_2: -4.0
Running point TI-35: -18.0 delta_t_2: -2.0
Running point TI-35: -18.0 delta_t_2: 0.0
Running point TI-35: -18.0 delta_t_2: 2.0
Running point TI-35: -18.0 delta_t_2: 4.0
Running point TI-35: -18.0 delta_t_2: 6.0
Running point TI-35: -18.0 delta_t_2: 8.0
Running point TI-35: -18.0 delta_t_2: 10.0
Running point TI-35: -18.0 delta_t_2: 12.0
Running point TI-35: -18.0 delta_t_2: 14.0
Running point TI-35: -18.0 delta_t_2: 16.0
Running point TI-35: -18.0 delta_t_2: 18.0
Running point TI-35: -18.0 delta_t_2: 20.0
Running point TI-35: -16.0 delta_t_2: -20.0
Running point TI-35: -16.0 delta_t_2: -18.0
Running point TI-35: -16.0 delta_t_2: -16.0
Running point TI-35: -16.0 delta_t_2: -14.0
Running point TI-35: -16.0 delta_t_2: -12.0
Running point TI-35: -16.0 delta_t_2: -10.0
Running point TI-35: -16.0 delta_t_2: -8.0
Running point TI-35: -16.0 delta_t_2: -6.0
Running point TI-35: -16.0 delta_t_2: -4.0
Running point TI-35: -16.0 delta_t_2: -2.0
Running point TI-35: -16.0 delta_t_2: 0.0
Running point TI-35: -16.0 delta_t_2: 2.0
Running point TI-35: -16.0 delta_t_2: 4.0
Running point TI-35: -16.0 delta_t_2: 6.0
Running point TI-35: -16.0 delta_t_2: 8.0
Running point TI-35: -16.0 delta_t_2: 10.0
Running point TI-35: -16.0 delta_t_2: 12.0
Running point TI-35: -16.0 delta_t_2: 14.0
Running point TI-35: -16.0 delta_t_2: 16.0
Running point TI-35: -16.0 delta_t_2: 18.0
Running point TI-35: -16.0 delta_t_2: 20.0
Running point TI-35: -14.0 delta_t_2: -20.0
Running point TI-35: -14.0 delta_t_2: -18.0
Running point TI-35: -14.0 delta_t_2: -16.0
Running point TI-35: -14.0 delta_t_2: -14.0
Running point TI-35: -14.0 delta_t_2: -12.0
Running point TI-35: -14.0 delta_t_2: -10.0
Running point TI-35: -14.0 delta_t_2: -8.0
Running point TI-35: -14.0 delta_t_2: -6.0
Running point TI-35: -14.0 delta_t_2: -4.0
Running point TI-35: -14.0 delta_t_2: -2.0
Running point TI-35: -14.0 delta_t_2: 0.0
Running point TI-35: -14.0 delta_t_2: 2.0
Running point TI-35: -14.0 delta_t_2: 4.0
Running point TI-35: -14.0 delta_t_2: 6.0
Running point TI-35: -14.0 delta_t_2: 8.0
Running point TI-35: -14.0 delta_t_2: 10.0
Running point TI-35: -14.0 delta_t_2: 12.0
Running point TI-35: -14.0 delta_t_2: 14.0
Running point TI-35: -14.0 delta_t_2: 16.0
Running point TI-35: -14.0 delta_t_2: 18.0
Running point TI-35: -14.0 delta_t_2: 20.0
Running point TI-35: -12.0 delta_t_2: -20.0
Running point TI-35: -12.0 delta_t_2: -18.0
Running point TI-35: -12.0 delta_t_2: -16.0
Running point TI-35: -12.0 delta_t_2: -14.0
Running point TI-35: -12.0 delta_t_2: -12.0
Running point TI-35: -12.0 delta_t_2: -10.0
Running point TI-35: -12.0 delta_t_2: -8.0
Running point TI-35: -12.0 delta_t_2: -6.0
Running point TI-35: -12.0 delta_t_2: -4.0
Running point TI-35: -12.0 delta_t_2: -2.0
Running point TI-35: -12.0 delta_t_2: 0.0
Running point TI-35: -12.0 delta_t_2: 2.0
Running point TI-35: -12.0 delta_t_2: 4.0
Running point TI-35: -12.0 delta_t_2: 6.0
Running point TI-35: -12.0 delta_t_2: 8.0
Running point TI-35: -12.0 delta_t_2: 10.0
Running point TI-35: -12.0 delta_t_2: 12.0
Running point TI-35: -12.0 delta_t_2: 14.0
Running point TI-35: -12.0 delta_t_2: 16.0
Running point TI-35: -12.0 delta_t_2: 18.0
Running point TI-35: -12.0 delta_t_2: 20.0
Running point TI-35: -10.0 delta_t_2: -20.0
Running point TI-35: -10.0 delta_t_2: -18.0
Running point TI-35: -10.0 delta_t_2: -16.0
Running point TI-35: -10.0 delta_t_2: -14.0
Running point TI-35: -10.0 delta_t_2: -12.0
Running point TI-35: -10.0 delta_t_2: -10.0
Running point TI-35: -10.0 delta_t_2: -8.0
Running point TI-35: -10.0 delta_t_2: -6.0
Running point TI-35: -10.0 delta_t_2: -4.0
Running point TI-35: -10.0 delta_t_2: -2.0
Running point TI-35: -10.0 delta_t_2: 0.0
Running point TI-35: -10.0 delta_t_2: 2.0
Running point TI-35: -10.0 delta_t_2: 4.0
Running point TI-35: -10.0 delta_t_2: 6.0
Running point TI-35: -10.0 delta_t_2: 8.0
Running point TI-35: -10.0 delta_t_2: 10.0
Running point TI-35: -10.0 delta_t_2: 12.0
Running point TI-35: -10.0 delta_t_2: 14.0
Running point TI-35: -10.0 delta_t_2: 16.0
Running point TI-35: -10.0 delta_t_2: 18.0
Running point TI-35: -10.0 delta_t_2: 20.0
Running point TI-35: -8.0 delta_t_2: -20.0
Running point TI-35: -8.0 delta_t_2: -18.0
Running point TI-35: -8.0 delta_t_2: -16.0
Running point TI-35: -8.0 delta_t_2: -14.0
Running point TI-35: -8.0 delta_t_2: -12.0
Running point TI-35: -8.0 delta_t_2: -10.0
Running point TI-35: -8.0 delta_t_2: -8.0
Running point TI-35: -8.0 delta_t_2: -6.0
Running point TI-35: -8.0 delta_t_2: -4.0
Running point TI-35: -8.0 delta_t_2: -2.0
Running point TI-35: -8.0 delta_t_2: 0.0
Running point TI-35: -8.0 delta_t_2: 2.0
Running point TI-35: -8.0 delta_t_2: 4.0
Running point TI-35: -8.0 delta_t_2: 6.0
Running point TI-35: -8.0 delta_t_2: 8.0
Running point TI-35: -8.0 delta_t_2: 10.0
Running point TI-35: -8.0 delta_t_2: 12.0
Running point TI-35: -8.0 delta_t_2: 14.0
Running point TI-35: -8.0 delta_t_2: 16.0
Running point TI-35: -8.0 delta_t_2: 18.0
Running point TI-35: -8.0 delta_t_2: 20.0
Running point TI-35: -6.0 delta_t_2: -20.0
Running point TI-35: -6.0 delta_t_2: -18.0
Running point TI-35: -6.0 delta_t_2: -16.0
Running point TI-35: -6.0 delta_t_2: -14.0
Running point TI-35: -6.0 delta_t_2: -12.0
Running point TI-35: -6.0 delta_t_2: -10.0
Running point TI-35: -6.0 delta_t_2: -8.0
Running point TI-35: -6.0 delta_t_2: -6.0
Running point TI-35: -6.0 delta_t_2: -4.0
Running point TI-35: -6.0 delta_t_2: -2.0
Running point TI-35: -6.0 delta_t_2: 0.0
Running point TI-35: -6.0 delta_t_2: 2.0
Running point TI-35: -6.0 delta_t_2: 4.0
Running point TI-35: -6.0 delta_t_2: 6.0
Running point TI-35: -6.0 delta_t_2: 8.0
Running point TI-35: -6.0 delta_t_2: 10.0
Running point TI-35: -6.0 delta_t_2: 12.0
Running point TI-35: -6.0 delta_t_2: 14.0
Running point TI-35: -6.0 delta_t_2: 16.0
Running point TI-35: -6.0 delta_t_2: 18.0
Running point TI-35: -6.0 delta_t_2: 20.0
Running point TI-35: -4.0 delta_t_2: -20.0
Running point TI-35: -4.0 delta_t_2: -18.0
Running point TI-35: -4.0 delta_t_2: -16.0
Running point TI-35: -4.0 delta_t_2: -14.0
Running point TI-35: -4.0 delta_t_2: -12.0
Running point TI-35: -4.0 delta_t_2: -10.0
Running point TI-35: -4.0 delta_t_2: -8.0
Running point TI-35: -4.0 delta_t_2: -6.0
Running point TI-35: -4.0 delta_t_2: -4.0
Running point TI-35: -4.0 delta_t_2: -2.0
Running point TI-35: -4.0 delta_t_2: 0.0
Running point TI-35: -4.0 delta_t_2: 2.0
Running point TI-35: -4.0 delta_t_2: 4.0
Running point TI-35: -4.0 delta_t_2: 6.0
Running point TI-35: -4.0 delta_t_2: 8.0
Running point TI-35: -4.0 delta_t_2: 10.0
Running point TI-35: -4.0 delta_t_2: 12.0
Running point TI-35: -4.0 delta_t_2: 14.0
Running point TI-35: -4.0 delta_t_2: 16.0
Running point TI-35: -4.0 delta_t_2: 18.0
Running point TI-35: -4.0 delta_t_2: 20.0
Running point TI-35: -2.0 delta_t_2: -20.0
Running point TI-35: -2.0 delta_t_2: -18.0
Running point TI-35: -2.0 delta_t_2: -16.0
Running point TI-35: -2.0 delta_t_2: -14.0
Running point TI-35: -2.0 delta_t_2: -12.0
Running point TI-35: -2.0 delta_t_2: -10.0
Running point TI-35: -2.0 delta_t_2: -8.0
Running point TI-35: -2.0 delta_t_2: -6.0
Running point TI-35: -2.0 delta_t_2: -4.0
Running point TI-35: -2.0 delta_t_2: -2.0
Running point TI-35: -2.0 delta_t_2: 0.0
Running point TI-35: -2.0 delta_t_2: 2.0
Running point TI-35: -2.0 delta_t_2: 4.0
Running point TI-35: -2.0 delta_t_2: 6.0
Running point TI-35: -2.0 delta_t_2: 8.0
Running point TI-35: -2.0 delta_t_2: 10.0
Running point TI-35: -2.0 delta_t_2: 12.0
Running point TI-35: -2.0 delta_t_2: 14.0
Running point TI-35: -2.0 delta_t_2: 16.0
Running point TI-35: -2.0 delta_t_2: 18.0
Running point TI-35: -2.0 delta_t_2: 20.0
Running point TI-35: 0.0 delta_t_2: -20.0
Running point TI-35: 0.0 delta_t_2: -18.0
Running point TI-35: 0.0 delta_t_2: -16.0
Running point TI-35: 0.0 delta_t_2: -14.0
Running point TI-35: 0.0 delta_t_2: -12.0
Running point TI-35: 0.0 delta_t_2: -10.0
Running point TI-35: 0.0 delta_t_2: -8.0
Running point TI-35: 0.0 delta_t_2: -6.0
Running point TI-35: 0.0 delta_t_2: -4.0
Running point TI-35: 0.0 delta_t_2: -2.0
Running point TI-35: 0.0 delta_t_2: 0.0
Running point TI-35: 0.0 delta_t_2: 2.0
Running point TI-35: 0.0 delta_t_2: 4.0
Running point TI-35: 0.0 delta_t_2: 6.0
Running point TI-35: 0.0 delta_t_2: 8.0
Running point TI-35: 0.0 delta_t_2: 10.0
Running point TI-35: 0.0 delta_t_2: 12.0
Running point TI-35: 0.0 delta_t_2: 14.0
Running point TI-35: 0.0 delta_t_2: 16.0
Running point TI-35: 0.0 delta_t_2: 18.0
Running point TI-35: 0.0 delta_t_2: 20.0
Running point TI-35: 2.0 delta_t_2: -20.0
Running point TI-35: 2.0 delta_t_2: -18.0
Running point TI-35: 2.0 delta_t_2: -16.0
Running point TI-35: 2.0 delta_t_2: -14.0
Running point TI-35: 2.0 delta_t_2: -12.0
Running point TI-35: 2.0 delta_t_2: -10.0
Running point TI-35: 2.0 delta_t_2: -8.0
Running point TI-35: 2.0 delta_t_2: -6.0
Running point TI-35: 2.0 delta_t_2: -4.0
Running point TI-35: 2.0 delta_t_2: -2.0
Running point TI-35: 2.0 delta_t_2: 0.0
Running point TI-35: 2.0 delta_t_2: 2.0
Running point TI-35: 2.0 delta_t_2: 4.0
Running point TI-35: 2.0 delta_t_2: 6.0
Running point TI-35: 2.0 delta_t_2: 8.0
Running point TI-35: 2.0 delta_t_2: 10.0
Running point TI-35: 2.0 delta_t_2: 12.0
Running point TI-35: 2.0 delta_t_2: 14.0
Running point TI-35: 2.0 delta_t_2: 16.0
Running point TI-35: 2.0 delta_t_2: 18.0
Running point TI-35: 2.0 delta_t_2: 20.0
Running point TI-35: 4.0 delta_t_2: -20.0
Running point TI-35: 4.0 delta_t_2: -18.0
Running point TI-35: 4.0 delta_t_2: -16.0
Running point TI-35: 4.0 delta_t_2: -14.0
Running point TI-35: 4.0 delta_t_2: -12.0
Running point TI-35: 4.0 delta_t_2: -10.0
Running point TI-35: 4.0 delta_t_2: -8.0
Running point TI-35: 4.0 delta_t_2: -6.0
Running point TI-35: 4.0 delta_t_2: -4.0
Running point TI-35: 4.0 delta_t_2: -2.0
Running point TI-35: 4.0 delta_t_2: 0.0
Running point TI-35: 4.0 delta_t_2: 2.0
Running point TI-35: 4.0 delta_t_2: 4.0
Running point TI-35: 4.0 delta_t_2: 6.0
Running point TI-35: 4.0 delta_t_2: 8.0
Running point TI-35: 4.0 delta_t_2: 10.0
Running point TI-35: 4.0 delta_t_2: 12.0
Running point TI-35: 4.0 delta_t_2: 14.0
Running point TI-35: 4.0 delta_t_2: 16.0
Running point TI-35: 4.0 delta_t_2: 18.0
Running point TI-35: 4.0 delta_t_2: 20.0
Running point TI-35: 6.0 delta_t_2: -20.0
Running point TI-35: 6.0 delta_t_2: -18.0
Running point TI-35: 6.0 delta_t_2: -16.0
Running point TI-35: 6.0 delta_t_2: -14.0
Running point TI-35: 6.0 delta_t_2: -12.0
Running point TI-35: 6.0 delta_t_2: -10.0
Running point TI-35: 6.0 delta_t_2: -8.0
Running point TI-35: 6.0 delta_t_2: -6.0
Running point TI-35: 6.0 delta_t_2: -4.0
Running point TI-35: 6.0 delta_t_2: -2.0
Running point TI-35: 6.0 delta_t_2: 0.0
Running point TI-35: 6.0 delta_t_2: 2.0
Running point TI-35: 6.0 delta_t_2: 4.0
Running point TI-35: 6.0 delta_t_2: 6.0
Running point TI-35: 6.0 delta_t_2: 8.0
Running point TI-35: 6.0 delta_t_2: 10.0
Running point TI-35: 6.0 delta_t_2: 12.0
Running point TI-35: 6.0 delta_t_2: 14.0
Running point TI-35: 6.0 delta_t_2: 16.0
Running point TI-35: 6.0 delta_t_2: 18.0
Running point TI-35: 6.0 delta_t_2: 20.0
Running point TI-35: 8.0 delta_t_2: -20.0
Running point TI-35: 8.0 delta_t_2: -18.0
Running point TI-35: 8.0 delta_t_2: -16.0
Running point TI-35: 8.0 delta_t_2: -14.0
Running point TI-35: 8.0 delta_t_2: -12.0
Running point TI-35: 8.0 delta_t_2: -10.0
Running point TI-35: 8.0 delta_t_2: -8.0
Running point TI-35: 8.0 delta_t_2: -6.0
Running point TI-35: 8.0 delta_t_2: -4.0
Running point TI-35: 8.0 delta_t_2: -2.0
Running point TI-35: 8.0 delta_t_2: 0.0
Running point TI-35: 8.0 delta_t_2: 2.0
Running point TI-35: 8.0 delta_t_2: 4.0
Running point TI-35: 8.0 delta_t_2: 6.0
Running point TI-35: 8.0 delta_t_2: 8.0
Running point TI-35: 8.0 delta_t_2: 10.0
Running point TI-35: 8.0 delta_t_2: 12.0
Running point TI-35: 8.0 delta_t_2: 14.0
Running point TI-35: 8.0 delta_t_2: 16.0
Running point TI-35: 8.0 delta_t_2: 18.0
Running point TI-35: 8.0 delta_t_2: 20.0
Running point TI-35: 10.0 delta_t_2: -20.0
Running point TI-35: 10.0 delta_t_2: -18.0
Running point TI-35: 10.0 delta_t_2: -16.0
Running point TI-35: 10.0 delta_t_2: -14.0
Running point TI-35: 10.0 delta_t_2: -12.0
Running point TI-35: 10.0 delta_t_2: -10.0
Running point TI-35: 10.0 delta_t_2: -8.0
Running point TI-35: 10.0 delta_t_2: -6.0
Running point TI-35: 10.0 delta_t_2: -4.0
Running point TI-35: 10.0 delta_t_2: -2.0
Running point TI-35: 10.0 delta_t_2: 0.0
Running point TI-35: 10.0 delta_t_2: 2.0
Running point TI-35: 10.0 delta_t_2: 4.0
Running point TI-35: 10.0 delta_t_2: 6.0
Running point TI-35: 10.0 delta_t_2: 8.0
Running point TI-35: 10.0 delta_t_2: 10.0
Running point TI-35: 10.0 delta_t_2: 12.0
Running point TI-35: 10.0 delta_t_2: 14.0
Running point TI-35: 10.0 delta_t_2: 16.0
Running point TI-35: 10.0 delta_t_2: 18.0
Running point TI-35: 10.0 delta_t_2: 20.0
Running point TI-35: 12.0 delta_t_2: -20.0
Running point TI-35: 12.0 delta_t_2: -18.0
Running point TI-35: 12.0 delta_t_2: -16.0
Running point TI-35: 12.0 delta_t_2: -14.0
Running point TI-35: 12.0 delta_t_2: -12.0
Running point TI-35: 12.0 delta_t_2: -10.0
Running point TI-35: 12.0 delta_t_2: -8.0
Running point TI-35: 12.0 delta_t_2: -6.0
Running point TI-35: 12.0 delta_t_2: -4.0
Running point TI-35: 12.0 delta_t_2: -2.0
Running point TI-35: 12.0 delta_t_2: 0.0
Running point TI-35: 12.0 delta_t_2: 2.0
Running point TI-35: 12.0 delta_t_2: 4.0
Running point TI-35: 12.0 delta_t_2: 6.0
Running point TI-35: 12.0 delta_t_2: 8.0
Running point TI-35: 12.0 delta_t_2: 10.0
Running point TI-35: 12.0 delta_t_2: 12.0
Running point TI-35: 12.0 delta_t_2: 14.0
Running point TI-35: 12.0 delta_t_2: 16.0
Running point TI-35: 12.0 delta_t_2: 18.0
Running point TI-35: 12.0 delta_t_2: 20.0
Running point TI-35: 14.0 delta_t_2: -20.0
Running point TI-35: 14.0 delta_t_2: -18.0
Running point TI-35: 14.0 delta_t_2: -16.0
Running point TI-35: 14.0 delta_t_2: -14.0
Running point TI-35: 14.0 delta_t_2: -12.0
Running point TI-35: 14.0 delta_t_2: -10.0
Running point TI-35: 14.0 delta_t_2: -8.0
Running point TI-35: 14.0 delta_t_2: -6.0
Running point TI-35: 14.0 delta_t_2: -4.0
Running point TI-35: 14.0 delta_t_2: -2.0
Running point TI-35: 14.0 delta_t_2: 0.0
Running point TI-35: 14.0 delta_t_2: 2.0
Running point TI-35: 14.0 delta_t_2: 4.0
Running point TI-35: 14.0 delta_t_2: 6.0
Running point TI-35: 14.0 delta_t_2: 8.0
Running point TI-35: 14.0 delta_t_2: 10.0
Running point TI-35: 14.0 delta_t_2: 12.0
Running point TI-35: 14.0 delta_t_2: 14.0
Running point TI-35: 14.0 delta_t_2: 16.0
Running point TI-35: 14.0 delta_t_2: 18.0
Running point TI-35: 14.0 delta_t_2: 20.0
Running point TI-35: 16.0 delta_t_2: -20.0
Running point TI-35: 16.0 delta_t_2: -18.0
Running point TI-35: 16.0 delta_t_2: -16.0
Running point TI-35: 16.0 delta_t_2: -14.0
Running point TI-35: 16.0 delta_t_2: -12.0
Running point TI-35: 16.0 delta_t_2: -10.0
Running point TI-35: 16.0 delta_t_2: -8.0
Running point TI-35: 16.0 delta_t_2: -6.0
Running point TI-35: 16.0 delta_t_2: -4.0
Running point TI-35: 16.0 delta_t_2: -2.0
Running point TI-35: 16.0 delta_t_2: 0.0
Running point TI-35: 16.0 delta_t_2: 2.0
Running point TI-35: 16.0 delta_t_2: 4.0
Running point TI-35: 16.0 delta_t_2: 6.0
Running point TI-35: 16.0 delta_t_2: 8.0
Running point TI-35: 16.0 delta_t_2: 10.0
Running point TI-35: 16.0 delta_t_2: 12.0
Running point TI-35: 16.0 delta_t_2: 14.0
Running point TI-35: 16.0 delta_t_2: 16.0
Running point TI-35: 16.0 delta_t_2: 18.0
Running point TI-35: 16.0 delta_t_2: 20.0
Running point TI-35: 18.0 delta_t_2: -20.0
Running point TI-35: 18.0 delta_t_2: -18.0
Running point TI-35: 18.0 delta_t_2: -16.0
Running point TI-35: 18.0 delta_t_2: -14.0
Running point TI-35: 18.0 delta_t_2: -12.0
Running point TI-35: 18.0 delta_t_2: -10.0
Running point TI-35: 18.0 delta_t_2: -8.0
Running point TI-35: 18.0 delta_t_2: -6.0
Running point TI-35: 18.0 delta_t_2: -4.0
Running point TI-35: 18.0 delta_t_2: -2.0
Running point TI-35: 18.0 delta_t_2: 0.0
Running point TI-35: 18.0 delta_t_2: 2.0
Running point TI-35: 18.0 delta_t_2: 4.0
Running point TI-35: 18.0 delta_t_2: 6.0
Running point TI-35: 18.0 delta_t_2: 8.0
Running point TI-35: 18.0 delta_t_2: 10.0
Running point TI-35: 18.0 delta_t_2: 12.0
Running point TI-35: 18.0 delta_t_2: 14.0
Running point TI-35: 18.0 delta_t_2: 16.0
Running point TI-35: 18.0 delta_t_2: 18.0
Running point TI-35: 18.0 delta_t_2: 20.0
Running point TI-35: 20.0 delta_t_2: -20.0
Running point TI-35: 20.0 delta_t_2: -18.0
Running point TI-35: 20.0 delta_t_2: -16.0
Running point TI-35: 20.0 delta_t_2: -14.0
Running point TI-35: 20.0 delta_t_2: -12.0
Running point TI-35: 20.0 delta_t_2: -10.0
Running point TI-35: 20.0 delta_t_2: -8.0
Running point TI-35: 20.0 delta_t_2: -6.0
Running point TI-35: 20.0 delta_t_2: -4.0
Running point TI-35: 20.0 delta_t_2: -2.0
Running point TI-35: 20.0 delta_t_2: 0.0
Running point TI-35: 20.0 delta_t_2: 2.0
Running point TI-35: 20.0 delta_t_2: 4.0
Running point TI-35: 20.0 delta_t_2: 6.0
Running point TI-35: 20.0 delta_t_2: 8.0
Running point TI-35: 20.0 delta_t_2: 10.0
Running point TI-35: 20.0 delta_t_2: 12.0
Running point TI-35: 20.0 delta_t_2: 14.0
Running point TI-35: 20.0 delta_t_2: 16.0
Running point TI-35: 20.0 delta_t_2: 18.0
Running point TI-35: 20.0 delta_t_2: 20.0
