[2021-05-15 01:43:09,842] WARNING | darts.models | Support Facebook Prophet is not available. To enable it, install u8darts[fbprophet] or u8darts[all].
loading model_best_10.pth.tar
loading model_best_10.pth.tar
starting run
Running point TI-3: -20.0 FI-19: -20.0
Running point TI-3: -20.0 FI-19: -18.0
Running point TI-3: -20.0 FI-19: -16.0
Running point TI-3: -20.0 FI-19: -14.0
Running point TI-3: -20.0 FI-19: -12.0
Running point TI-3: -20.0 FI-19: -10.0
Running point TI-3: -20.0 FI-19: -8.0
Running point TI-3: -20.0 FI-19: -6.0
Running point TI-3: -20.0 FI-19: -4.0
Running point TI-3: -20.0 FI-19: -2.0
Running point TI-3: -20.0 FI-19: 0.0
Running point TI-3: -20.0 FI-19: 2.0
Running point TI-3: -20.0 FI-19: 4.0
Running point TI-3: -20.0 FI-19: 6.0
Running point TI-3: -20.0 FI-19: 8.0
Running point TI-3: -20.0 FI-19: 10.0
Running point TI-3: -20.0 FI-19: 12.0
Running point TI-3: -20.0 FI-19: 14.0
Running point TI-3: -20.0 FI-19: 16.0
Running point TI-3: -20.0 FI-19: 18.0
Running point TI-3: -20.0 FI-19: 20.0
Running point TI-3: -18.0 FI-19: -20.0
Running point TI-3: -18.0 FI-19: -18.0
Running point TI-3: -18.0 FI-19: -16.0
Running point TI-3: -18.0 FI-19: -14.0
Running point TI-3: -18.0 FI-19: -12.0
Running point TI-3: -18.0 FI-19: -10.0
Running point TI-3: -18.0 FI-19: -8.0
Running point TI-3: -18.0 FI-19: -6.0
Running point TI-3: -18.0 FI-19: -4.0
Running point TI-3: -18.0 FI-19: -2.0
Running point TI-3: -18.0 FI-19: 0.0
Running point TI-3: -18.0 FI-19: 2.0
Running point TI-3: -18.0 FI-19: 4.0
Running point TI-3: -18.0 FI-19: 6.0
Running point TI-3: -18.0 FI-19: 8.0
Running point TI-3: -18.0 FI-19: 10.0
Running point TI-3: -18.0 FI-19: 12.0
Running point TI-3: -18.0 FI-19: 14.0
Running point TI-3: -18.0 FI-19: 16.0
Running point TI-3: -18.0 FI-19: 18.0
Running point TI-3: -18.0 FI-19: 20.0
Running point TI-3: -16.0 FI-19: -20.0
Running point TI-3: -16.0 FI-19: -18.0
Running point TI-3: -16.0 FI-19: -16.0
Running point TI-3: -16.0 FI-19: -14.0
Running point TI-3: -16.0 FI-19: -12.0
Running point TI-3: -16.0 FI-19: -10.0
Running point TI-3: -16.0 FI-19: -8.0
Running point TI-3: -16.0 FI-19: -6.0
Running point TI-3: -16.0 FI-19: -4.0
Running point TI-3: -16.0 FI-19: -2.0
Running point TI-3: -16.0 FI-19: 0.0
Running point TI-3: -16.0 FI-19: 2.0
Running point TI-3: -16.0 FI-19: 4.0
Running point TI-3: -16.0 FI-19: 6.0
Running point TI-3: -16.0 FI-19: 8.0
Running point TI-3: -16.0 FI-19: 10.0
Running point TI-3: -16.0 FI-19: 12.0
Running point TI-3: -16.0 FI-19: 14.0
Running point TI-3: -16.0 FI-19: 16.0
Running point TI-3: -16.0 FI-19: 18.0
Running point TI-3: -16.0 FI-19: 20.0
Running point TI-3: -14.0 FI-19: -20.0
Running point TI-3: -14.0 FI-19: -18.0
Running point TI-3: -14.0 FI-19: -16.0
Running point TI-3: -14.0 FI-19: -14.0
Running point TI-3: -14.0 FI-19: -12.0
Running point TI-3: -14.0 FI-19: -10.0
Running point TI-3: -14.0 FI-19: -8.0
Running point TI-3: -14.0 FI-19: -6.0
Running point TI-3: -14.0 FI-19: -4.0
Running point TI-3: -14.0 FI-19: -2.0
Running point TI-3: -14.0 FI-19: 0.0
Running point TI-3: -14.0 FI-19: 2.0
Running point TI-3: -14.0 FI-19: 4.0
Running point TI-3: -14.0 FI-19: 6.0
Running point TI-3: -14.0 FI-19: 8.0
Running point TI-3: -14.0 FI-19: 10.0
Running point TI-3: -14.0 FI-19: 12.0
Running point TI-3: -14.0 FI-19: 14.0
Running point TI-3: -14.0 FI-19: 16.0
Running point TI-3: -14.0 FI-19: 18.0
Running point TI-3: -14.0 FI-19: 20.0
Running point TI-3: -12.0 FI-19: -20.0
Running point TI-3: -12.0 FI-19: -18.0
Running point TI-3: -12.0 FI-19: -16.0
Running point TI-3: -12.0 FI-19: -14.0
Running point TI-3: -12.0 FI-19: -12.0
Running point TI-3: -12.0 FI-19: -10.0
Running point TI-3: -12.0 FI-19: -8.0
Running point TI-3: -12.0 FI-19: -6.0
Running point TI-3: -12.0 FI-19: -4.0
Running point TI-3: -12.0 FI-19: -2.0
Running point TI-3: -12.0 FI-19: 0.0
Running point TI-3: -12.0 FI-19: 2.0
Running point TI-3: -12.0 FI-19: 4.0
Running point TI-3: -12.0 FI-19: 6.0
Running point TI-3: -12.0 FI-19: 8.0
Running point TI-3: -12.0 FI-19: 10.0
Running point TI-3: -12.0 FI-19: 12.0
Running point TI-3: -12.0 FI-19: 14.0
Running point TI-3: -12.0 FI-19: 16.0
Running point TI-3: -12.0 FI-19: 18.0
Running point TI-3: -12.0 FI-19: 20.0
Running point TI-3: -10.0 FI-19: -20.0
Running point TI-3: -10.0 FI-19: -18.0
Running point TI-3: -10.0 FI-19: -16.0
Running point TI-3: -10.0 FI-19: -14.0
Running point TI-3: -10.0 FI-19: -12.0
Running point TI-3: -10.0 FI-19: -10.0
Running point TI-3: -10.0 FI-19: -8.0
Running point TI-3: -10.0 FI-19: -6.0
Running point TI-3: -10.0 FI-19: -4.0
Running point TI-3: -10.0 FI-19: -2.0
Running point TI-3: -10.0 FI-19: 0.0
Running point TI-3: -10.0 FI-19: 2.0
Running point TI-3: -10.0 FI-19: 4.0
Running point TI-3: -10.0 FI-19: 6.0
Running point TI-3: -10.0 FI-19: 8.0
Running point TI-3: -10.0 FI-19: 10.0
Running point TI-3: -10.0 FI-19: 12.0
Running point TI-3: -10.0 FI-19: 14.0
Running point TI-3: -10.0 FI-19: 16.0
Running point TI-3: -10.0 FI-19: 18.0
Running point TI-3: -10.0 FI-19: 20.0
Running point TI-3: -8.0 FI-19: -20.0
Running point TI-3: -8.0 FI-19: -18.0
Running point TI-3: -8.0 FI-19: -16.0
Running point TI-3: -8.0 FI-19: -14.0
Running point TI-3: -8.0 FI-19: -12.0
Running point TI-3: -8.0 FI-19: -10.0
Running point TI-3: -8.0 FI-19: -8.0
Running point TI-3: -8.0 FI-19: -6.0
Running point TI-3: -8.0 FI-19: -4.0
Running point TI-3: -8.0 FI-19: -2.0
Running point TI-3: -8.0 FI-19: 0.0
Running point TI-3: -8.0 FI-19: 2.0
Running point TI-3: -8.0 FI-19: 4.0
Running point TI-3: -8.0 FI-19: 6.0
Running point TI-3: -8.0 FI-19: 8.0
Running point TI-3: -8.0 FI-19: 10.0
Running point TI-3: -8.0 FI-19: 12.0
Running point TI-3: -8.0 FI-19: 14.0
Running point TI-3: -8.0 FI-19: 16.0
Running point TI-3: -8.0 FI-19: 18.0
Running point TI-3: -8.0 FI-19: 20.0
Running point TI-3: -6.0 FI-19: -20.0
Running point TI-3: -6.0 FI-19: -18.0
Running point TI-3: -6.0 FI-19: -16.0
Running point TI-3: -6.0 FI-19: -14.0
Running point TI-3: -6.0 FI-19: -12.0
Running point TI-3: -6.0 FI-19: -10.0
Running point TI-3: -6.0 FI-19: -8.0
Running point TI-3: -6.0 FI-19: -6.0
Running point TI-3: -6.0 FI-19: -4.0
Running point TI-3: -6.0 FI-19: -2.0
Running point TI-3: -6.0 FI-19: 0.0
Running point TI-3: -6.0 FI-19: 2.0
Running point TI-3: -6.0 FI-19: 4.0
Running point TI-3: -6.0 FI-19: 6.0
Running point TI-3: -6.0 FI-19: 8.0
Running point TI-3: -6.0 FI-19: 10.0
Running point TI-3: -6.0 FI-19: 12.0
Running point TI-3: -6.0 FI-19: 14.0
Running point TI-3: -6.0 FI-19: 16.0
Running point TI-3: -6.0 FI-19: 18.0
Running point TI-3: -6.0 FI-19: 20.0
Running point TI-3: -4.0 FI-19: -20.0
Running point TI-3: -4.0 FI-19: -18.0
Running point TI-3: -4.0 FI-19: -16.0
Running point TI-3: -4.0 FI-19: -14.0
Running point TI-3: -4.0 FI-19: -12.0
Running point TI-3: -4.0 FI-19: -10.0
Running point TI-3: -4.0 FI-19: -8.0
Running point TI-3: -4.0 FI-19: -6.0
Running point TI-3: -4.0 FI-19: -4.0
Running point TI-3: -4.0 FI-19: -2.0
Running point TI-3: -4.0 FI-19: 0.0
Running point TI-3: -4.0 FI-19: 2.0
Running point TI-3: -4.0 FI-19: 4.0
Running point TI-3: -4.0 FI-19: 6.0
Running point TI-3: -4.0 FI-19: 8.0
Running point TI-3: -4.0 FI-19: 10.0
Running point TI-3: -4.0 FI-19: 12.0
Running point TI-3: -4.0 FI-19: 14.0
Running point TI-3: -4.0 FI-19: 16.0
Running point TI-3: -4.0 FI-19: 18.0
Running point TI-3: -4.0 FI-19: 20.0
Running point TI-3: -2.0 FI-19: -20.0
Running point TI-3: -2.0 FI-19: -18.0
Running point TI-3: -2.0 FI-19: -16.0
Running point TI-3: -2.0 FI-19: -14.0
Running point TI-3: -2.0 FI-19: -12.0
Running point TI-3: -2.0 FI-19: -10.0
Running point TI-3: -2.0 FI-19: -8.0
Running point TI-3: -2.0 FI-19: -6.0
Running point TI-3: -2.0 FI-19: -4.0
Running point TI-3: -2.0 FI-19: -2.0
Running point TI-3: -2.0 FI-19: 0.0
Running point TI-3: -2.0 FI-19: 2.0
Running point TI-3: -2.0 FI-19: 4.0
Running point TI-3: -2.0 FI-19: 6.0
Running point TI-3: -2.0 FI-19: 8.0
Running point TI-3: -2.0 FI-19: 10.0
Running point TI-3: -2.0 FI-19: 12.0
Running point TI-3: -2.0 FI-19: 14.0
Running point TI-3: -2.0 FI-19: 16.0
Running point TI-3: -2.0 FI-19: 18.0
Running point TI-3: -2.0 FI-19: 20.0
Running point TI-3: 0.0 FI-19: -20.0
Running point TI-3: 0.0 FI-19: -18.0
Running point TI-3: 0.0 FI-19: -16.0
Running point TI-3: 0.0 FI-19: -14.0
Running point TI-3: 0.0 FI-19: -12.0
Running point TI-3: 0.0 FI-19: -10.0
Running point TI-3: 0.0 FI-19: -8.0
Running point TI-3: 0.0 FI-19: -6.0
Running point TI-3: 0.0 FI-19: -4.0
Running point TI-3: 0.0 FI-19: -2.0
Running point TI-3: 0.0 FI-19: 0.0
Running point TI-3: 0.0 FI-19: 2.0
Running point TI-3: 0.0 FI-19: 4.0
Running point TI-3: 0.0 FI-19: 6.0
Running point TI-3: 0.0 FI-19: 8.0
Running point TI-3: 0.0 FI-19: 10.0
Running point TI-3: 0.0 FI-19: 12.0
Running point TI-3: 0.0 FI-19: 14.0
Running point TI-3: 0.0 FI-19: 16.0
Running point TI-3: 0.0 FI-19: 18.0
Running point TI-3: 0.0 FI-19: 20.0
Running point TI-3: 2.0 FI-19: -20.0
Running point TI-3: 2.0 FI-19: -18.0
Running point TI-3: 2.0 FI-19: -16.0
Running point TI-3: 2.0 FI-19: -14.0
Running point TI-3: 2.0 FI-19: -12.0
Running point TI-3: 2.0 FI-19: -10.0
Running point TI-3: 2.0 FI-19: -8.0
Running point TI-3: 2.0 FI-19: -6.0
Running point TI-3: 2.0 FI-19: -4.0
Running point TI-3: 2.0 FI-19: -2.0
Running point TI-3: 2.0 FI-19: 0.0
Running point TI-3: 2.0 FI-19: 2.0
Running point TI-3: 2.0 FI-19: 4.0
Running point TI-3: 2.0 FI-19: 6.0
Running point TI-3: 2.0 FI-19: 8.0
Running point TI-3: 2.0 FI-19: 10.0
Running point TI-3: 2.0 FI-19: 12.0
Running point TI-3: 2.0 FI-19: 14.0
Running point TI-3: 2.0 FI-19: 16.0
Running point TI-3: 2.0 FI-19: 18.0
Running point TI-3: 2.0 FI-19: 20.0
Running point TI-3: 4.0 FI-19: -20.0
Running point TI-3: 4.0 FI-19: -18.0
Running point TI-3: 4.0 FI-19: -16.0
Running point TI-3: 4.0 FI-19: -14.0
Running point TI-3: 4.0 FI-19: -12.0
Running point TI-3: 4.0 FI-19: -10.0
Running point TI-3: 4.0 FI-19: -8.0
Running point TI-3: 4.0 FI-19: -6.0
Running point TI-3: 4.0 FI-19: -4.0
Running point TI-3: 4.0 FI-19: -2.0
Running point TI-3: 4.0 FI-19: 0.0
Running point TI-3: 4.0 FI-19: 2.0
Running point TI-3: 4.0 FI-19: 4.0
Running point TI-3: 4.0 FI-19: 6.0
Running point TI-3: 4.0 FI-19: 8.0
Running point TI-3: 4.0 FI-19: 10.0
Running point TI-3: 4.0 FI-19: 12.0
Running point TI-3: 4.0 FI-19: 14.0
Running point TI-3: 4.0 FI-19: 16.0
Running point TI-3: 4.0 FI-19: 18.0
Running point TI-3: 4.0 FI-19: 20.0
Running point TI-3: 6.0 FI-19: -20.0
Running point TI-3: 6.0 FI-19: -18.0
Running point TI-3: 6.0 FI-19: -16.0
Running point TI-3: 6.0 FI-19: -14.0
Running point TI-3: 6.0 FI-19: -12.0
Running point TI-3: 6.0 FI-19: -10.0
Running point TI-3: 6.0 FI-19: -8.0
Running point TI-3: 6.0 FI-19: -6.0
Running point TI-3: 6.0 FI-19: -4.0
Running point TI-3: 6.0 FI-19: -2.0
Running point TI-3: 6.0 FI-19: 0.0
Running point TI-3: 6.0 FI-19: 2.0
Running point TI-3: 6.0 FI-19: 4.0
Running point TI-3: 6.0 FI-19: 6.0
Running point TI-3: 6.0 FI-19: 8.0
Running point TI-3: 6.0 FI-19: 10.0
Running point TI-3: 6.0 FI-19: 12.0
Running point TI-3: 6.0 FI-19: 14.0
Running point TI-3: 6.0 FI-19: 16.0
Running point TI-3: 6.0 FI-19: 18.0
Running point TI-3: 6.0 FI-19: 20.0
Running point TI-3: 8.0 FI-19: -20.0
Running point TI-3: 8.0 FI-19: -18.0
Running point TI-3: 8.0 FI-19: -16.0
Running point TI-3: 8.0 FI-19: -14.0
Running point TI-3: 8.0 FI-19: -12.0
Running point TI-3: 8.0 FI-19: -10.0
Running point TI-3: 8.0 FI-19: -8.0
Running point TI-3: 8.0 FI-19: -6.0
Running point TI-3: 8.0 FI-19: -4.0
Running point TI-3: 8.0 FI-19: -2.0
Running point TI-3: 8.0 FI-19: 0.0
Running point TI-3: 8.0 FI-19: 2.0
Running point TI-3: 8.0 FI-19: 4.0
Running point TI-3: 8.0 FI-19: 6.0
Running point TI-3: 8.0 FI-19: 8.0
Running point TI-3: 8.0 FI-19: 10.0
Running point TI-3: 8.0 FI-19: 12.0
Running point TI-3: 8.0 FI-19: 14.0
Running point TI-3: 8.0 FI-19: 16.0
Running point TI-3: 8.0 FI-19: 18.0
Running point TI-3: 8.0 FI-19: 20.0
Running point TI-3: 10.0 FI-19: -20.0
Running point TI-3: 10.0 FI-19: -18.0
Running point TI-3: 10.0 FI-19: -16.0
Running point TI-3: 10.0 FI-19: -14.0
Running point TI-3: 10.0 FI-19: -12.0
Running point TI-3: 10.0 FI-19: -10.0
Running point TI-3: 10.0 FI-19: -8.0
Running point TI-3: 10.0 FI-19: -6.0
Running point TI-3: 10.0 FI-19: -4.0
Running point TI-3: 10.0 FI-19: -2.0
Running point TI-3: 10.0 FI-19: 0.0
Running point TI-3: 10.0 FI-19: 2.0
Running point TI-3: 10.0 FI-19: 4.0
Running point TI-3: 10.0 FI-19: 6.0
Running point TI-3: 10.0 FI-19: 8.0
Running point TI-3: 10.0 FI-19: 10.0
Running point TI-3: 10.0 FI-19: 12.0
Running point TI-3: 10.0 FI-19: 14.0
Running point TI-3: 10.0 FI-19: 16.0
Running point TI-3: 10.0 FI-19: 18.0
Running point TI-3: 10.0 FI-19: 20.0
Running point TI-3: 12.0 FI-19: -20.0
Running point TI-3: 12.0 FI-19: -18.0
Running point TI-3: 12.0 FI-19: -16.0
Running point TI-3: 12.0 FI-19: -14.0
Running point TI-3: 12.0 FI-19: -12.0
Running point TI-3: 12.0 FI-19: -10.0
Running point TI-3: 12.0 FI-19: -8.0
Running point TI-3: 12.0 FI-19: -6.0
Running point TI-3: 12.0 FI-19: -4.0
Running point TI-3: 12.0 FI-19: -2.0
Running point TI-3: 12.0 FI-19: 0.0
Running point TI-3: 12.0 FI-19: 2.0
Running point TI-3: 12.0 FI-19: 4.0
Running point TI-3: 12.0 FI-19: 6.0
Running point TI-3: 12.0 FI-19: 8.0
Running point TI-3: 12.0 FI-19: 10.0
Running point TI-3: 12.0 FI-19: 12.0
Running point TI-3: 12.0 FI-19: 14.0
Running point TI-3: 12.0 FI-19: 16.0
Running point TI-3: 12.0 FI-19: 18.0
Running point TI-3: 12.0 FI-19: 20.0
Running point TI-3: 14.0 FI-19: -20.0
Running point TI-3: 14.0 FI-19: -18.0
Running point TI-3: 14.0 FI-19: -16.0
Running point TI-3: 14.0 FI-19: -14.0
Running point TI-3: 14.0 FI-19: -12.0
Running point TI-3: 14.0 FI-19: -10.0
Running point TI-3: 14.0 FI-19: -8.0
Running point TI-3: 14.0 FI-19: -6.0
Running point TI-3: 14.0 FI-19: -4.0
Running point TI-3: 14.0 FI-19: -2.0
Running point TI-3: 14.0 FI-19: 0.0
Running point TI-3: 14.0 FI-19: 2.0
Running point TI-3: 14.0 FI-19: 4.0
Running point TI-3: 14.0 FI-19: 6.0
Running point TI-3: 14.0 FI-19: 8.0
Running point TI-3: 14.0 FI-19: 10.0
Running point TI-3: 14.0 FI-19: 12.0
Running point TI-3: 14.0 FI-19: 14.0
Running point TI-3: 14.0 FI-19: 16.0
Running point TI-3: 14.0 FI-19: 18.0
Running point TI-3: 14.0 FI-19: 20.0
Running point TI-3: 16.0 FI-19: -20.0
Running point TI-3: 16.0 FI-19: -18.0
Running point TI-3: 16.0 FI-19: -16.0
Running point TI-3: 16.0 FI-19: -14.0
Running point TI-3: 16.0 FI-19: -12.0
Running point TI-3: 16.0 FI-19: -10.0
Running point TI-3: 16.0 FI-19: -8.0
Running point TI-3: 16.0 FI-19: -6.0
Running point TI-3: 16.0 FI-19: -4.0
Running point TI-3: 16.0 FI-19: -2.0
Running point TI-3: 16.0 FI-19: 0.0
Running point TI-3: 16.0 FI-19: 2.0
Running point TI-3: 16.0 FI-19: 4.0
Running point TI-3: 16.0 FI-19: 6.0
Running point TI-3: 16.0 FI-19: 8.0
Running point TI-3: 16.0 FI-19: 10.0
Running point TI-3: 16.0 FI-19: 12.0
Running point TI-3: 16.0 FI-19: 14.0
Running point TI-3: 16.0 FI-19: 16.0
Running point TI-3: 16.0 FI-19: 18.0
Running point TI-3: 16.0 FI-19: 20.0
Running point TI-3: 18.0 FI-19: -20.0
Running point TI-3: 18.0 FI-19: -18.0
Running point TI-3: 18.0 FI-19: -16.0
Running point TI-3: 18.0 FI-19: -14.0
Running point TI-3: 18.0 FI-19: -12.0
Running point TI-3: 18.0 FI-19: -10.0
Running point TI-3: 18.0 FI-19: -8.0
Running point TI-3: 18.0 FI-19: -6.0
Running point TI-3: 18.0 FI-19: -4.0
Running point TI-3: 18.0 FI-19: -2.0
Running point TI-3: 18.0 FI-19: 0.0
Running point TI-3: 18.0 FI-19: 2.0
Running point TI-3: 18.0 FI-19: 4.0
Running point TI-3: 18.0 FI-19: 6.0
Running point TI-3: 18.0 FI-19: 8.0
Running point TI-3: 18.0 FI-19: 10.0
Running point TI-3: 18.0 FI-19: 12.0
Running point TI-3: 18.0 FI-19: 14.0
Running point TI-3: 18.0 FI-19: 16.0
Running point TI-3: 18.0 FI-19: 18.0
Running point TI-3: 18.0 FI-19: 20.0
Running point TI-3: 20.0 FI-19: -20.0
Running point TI-3: 20.0 FI-19: -18.0
Running point TI-3: 20.0 FI-19: -16.0
Running point TI-3: 20.0 FI-19: -14.0
Running point TI-3: 20.0 FI-19: -12.0
Running point TI-3: 20.0 FI-19: -10.0
Running point TI-3: 20.0 FI-19: -8.0
Running point TI-3: 20.0 FI-19: -6.0
Running point TI-3: 20.0 FI-19: -4.0
Running point TI-3: 20.0 FI-19: -2.0
Running point TI-3: 20.0 FI-19: 0.0
Running point TI-3: 20.0 FI-19: 2.0
Running point TI-3: 20.0 FI-19: 4.0
Running point TI-3: 20.0 FI-19: 6.0
Running point TI-3: 20.0 FI-19: 8.0
Running point TI-3: 20.0 FI-19: 10.0
Running point TI-3: 20.0 FI-19: 12.0
Running point TI-3: 20.0 FI-19: 14.0
Running point TI-3: 20.0 FI-19: 16.0
Running point TI-3: 20.0 FI-19: 18.0
Running point TI-3: 20.0 FI-19: 20.0
