[2021-05-15 01:43:09,842] WARNING | darts.models | Support Facebook Prophet is not available. To enable it, install u8darts[fbprophet] or u8darts[all].
loading model_best_10.pth.tar
loading model_best_10.pth.tar
starting run
Running point FI-11: -20.0 delta_t: -20.0
Running point FI-11: -20.0 delta_t: -18.0
Running point FI-11: -20.0 delta_t: -16.0
Running point FI-11: -20.0 delta_t: -14.0
Running point FI-11: -20.0 delta_t: -12.0
Running point FI-11: -20.0 delta_t: -10.0
Running point FI-11: -20.0 delta_t: -8.0
Running point FI-11: -20.0 delta_t: -6.0
Running point FI-11: -20.0 delta_t: -4.0
Running point FI-11: -20.0 delta_t: -2.0
Running point FI-11: -20.0 delta_t: 0.0
Running point FI-11: -20.0 delta_t: 2.0
Running point FI-11: -20.0 delta_t: 4.0
Running point FI-11: -20.0 delta_t: 6.0
Running point FI-11: -20.0 delta_t: 8.0
Running point FI-11: -20.0 delta_t: 10.0
Running point FI-11: -20.0 delta_t: 12.0
Running point FI-11: -20.0 delta_t: 14.0
Running point FI-11: -20.0 delta_t: 16.0
Running point FI-11: -20.0 delta_t: 18.0
Running point FI-11: -20.0 delta_t: 20.0
Running point FI-11: -18.0 delta_t: -20.0
Running point FI-11: -18.0 delta_t: -18.0
Running point FI-11: -18.0 delta_t: -16.0
Running point FI-11: -18.0 delta_t: -14.0
Running point FI-11: -18.0 delta_t: -12.0
Running point FI-11: -18.0 delta_t: -10.0
Running point FI-11: -18.0 delta_t: -8.0
Running point FI-11: -18.0 delta_t: -6.0
Running point FI-11: -18.0 delta_t: -4.0
Running point FI-11: -18.0 delta_t: -2.0
Running point FI-11: -18.0 delta_t: 0.0
Running point FI-11: -18.0 delta_t: 2.0
Running point FI-11: -18.0 delta_t: 4.0
Running point FI-11: -18.0 delta_t: 6.0
Running point FI-11: -18.0 delta_t: 8.0
Running point FI-11: -18.0 delta_t: 10.0
Running point FI-11: -18.0 delta_t: 12.0
Running point FI-11: -18.0 delta_t: 14.0
Running point FI-11: -18.0 delta_t: 16.0
Running point FI-11: -18.0 delta_t: 18.0
Running point FI-11: -18.0 delta_t: 20.0
Running point FI-11: -16.0 delta_t: -20.0
Running point FI-11: -16.0 delta_t: -18.0
Running point FI-11: -16.0 delta_t: -16.0
Running point FI-11: -16.0 delta_t: -14.0
Running point FI-11: -16.0 delta_t: -12.0
Running point FI-11: -16.0 delta_t: -10.0
Running point FI-11: -16.0 delta_t: -8.0
Running point FI-11: -16.0 delta_t: -6.0
Running point FI-11: -16.0 delta_t: -4.0
Running point FI-11: -16.0 delta_t: -2.0
Running point FI-11: -16.0 delta_t: 0.0
Running point FI-11: -16.0 delta_t: 2.0
Running point FI-11: -16.0 delta_t: 4.0
Running point FI-11: -16.0 delta_t: 6.0
Running point FI-11: -16.0 delta_t: 8.0
Running point FI-11: -16.0 delta_t: 10.0
Running point FI-11: -16.0 delta_t: 12.0
Running point FI-11: -16.0 delta_t: 14.0
Running point FI-11: -16.0 delta_t: 16.0
Running point FI-11: -16.0 delta_t: 18.0
Running point FI-11: -16.0 delta_t: 20.0
Running point FI-11: -14.0 delta_t: -20.0
Running point FI-11: -14.0 delta_t: -18.0
Running point FI-11: -14.0 delta_t: -16.0
Running point FI-11: -14.0 delta_t: -14.0
Running point FI-11: -14.0 delta_t: -12.0
Running point FI-11: -14.0 delta_t: -10.0
Running point FI-11: -14.0 delta_t: -8.0
Running point FI-11: -14.0 delta_t: -6.0
Running point FI-11: -14.0 delta_t: -4.0
Running point FI-11: -14.0 delta_t: -2.0
Running point FI-11: -14.0 delta_t: 0.0
Running point FI-11: -14.0 delta_t: 2.0
Running point FI-11: -14.0 delta_t: 4.0
Running point FI-11: -14.0 delta_t: 6.0
Running point FI-11: -14.0 delta_t: 8.0
Running point FI-11: -14.0 delta_t: 10.0
Running point FI-11: -14.0 delta_t: 12.0
Running point FI-11: -14.0 delta_t: 14.0
Running point FI-11: -14.0 delta_t: 16.0
Running point FI-11: -14.0 delta_t: 18.0
Running point FI-11: -14.0 delta_t: 20.0
Running point FI-11: -12.0 delta_t: -20.0
Running point FI-11: -12.0 delta_t: -18.0
Running point FI-11: -12.0 delta_t: -16.0
Running point FI-11: -12.0 delta_t: -14.0
Running point FI-11: -12.0 delta_t: -12.0
Running point FI-11: -12.0 delta_t: -10.0
Running point FI-11: -12.0 delta_t: -8.0
Running point FI-11: -12.0 delta_t: -6.0
Running point FI-11: -12.0 delta_t: -4.0
Running point FI-11: -12.0 delta_t: -2.0
Running point FI-11: -12.0 delta_t: 0.0
Running point FI-11: -12.0 delta_t: 2.0
Running point FI-11: -12.0 delta_t: 4.0
Running point FI-11: -12.0 delta_t: 6.0
Running point FI-11: -12.0 delta_t: 8.0
Running point FI-11: -12.0 delta_t: 10.0
Running point FI-11: -12.0 delta_t: 12.0
Running point FI-11: -12.0 delta_t: 14.0
Running point FI-11: -12.0 delta_t: 16.0
Running point FI-11: -12.0 delta_t: 18.0
Running point FI-11: -12.0 delta_t: 20.0
Running point FI-11: -10.0 delta_t: -20.0
Running point FI-11: -10.0 delta_t: -18.0
Running point FI-11: -10.0 delta_t: -16.0
Running point FI-11: -10.0 delta_t: -14.0
Running point FI-11: -10.0 delta_t: -12.0
Running point FI-11: -10.0 delta_t: -10.0
Running point FI-11: -10.0 delta_t: -8.0
Running point FI-11: -10.0 delta_t: -6.0
Running point FI-11: -10.0 delta_t: -4.0
Running point FI-11: -10.0 delta_t: -2.0
Running point FI-11: -10.0 delta_t: 0.0
Running point FI-11: -10.0 delta_t: 2.0
Running point FI-11: -10.0 delta_t: 4.0
Running point FI-11: -10.0 delta_t: 6.0
Running point FI-11: -10.0 delta_t: 8.0
Running point FI-11: -10.0 delta_t: 10.0
Running point FI-11: -10.0 delta_t: 12.0
Running point FI-11: -10.0 delta_t: 14.0
Running point FI-11: -10.0 delta_t: 16.0
Running point FI-11: -10.0 delta_t: 18.0
Running point FI-11: -10.0 delta_t: 20.0
Running point FI-11: -8.0 delta_t: -20.0
Running point FI-11: -8.0 delta_t: -18.0
Running point FI-11: -8.0 delta_t: -16.0
Running point FI-11: -8.0 delta_t: -14.0
Running point FI-11: -8.0 delta_t: -12.0
Running point FI-11: -8.0 delta_t: -10.0
Running point FI-11: -8.0 delta_t: -8.0
Running point FI-11: -8.0 delta_t: -6.0
Running point FI-11: -8.0 delta_t: -4.0
Running point FI-11: -8.0 delta_t: -2.0
Running point FI-11: -8.0 delta_t: 0.0
Running point FI-11: -8.0 delta_t: 2.0
Running point FI-11: -8.0 delta_t: 4.0
Running point FI-11: -8.0 delta_t: 6.0
Running point FI-11: -8.0 delta_t: 8.0
Running point FI-11: -8.0 delta_t: 10.0
Running point FI-11: -8.0 delta_t: 12.0
Running point FI-11: -8.0 delta_t: 14.0
Running point FI-11: -8.0 delta_t: 16.0
Running point FI-11: -8.0 delta_t: 18.0
Running point FI-11: -8.0 delta_t: 20.0
Running point FI-11: -6.0 delta_t: -20.0
Running point FI-11: -6.0 delta_t: -18.0
Running point FI-11: -6.0 delta_t: -16.0
Running point FI-11: -6.0 delta_t: -14.0
Running point FI-11: -6.0 delta_t: -12.0
Running point FI-11: -6.0 delta_t: -10.0
Running point FI-11: -6.0 delta_t: -8.0
Running point FI-11: -6.0 delta_t: -6.0
Running point FI-11: -6.0 delta_t: -4.0
Running point FI-11: -6.0 delta_t: -2.0
Running point FI-11: -6.0 delta_t: 0.0
Running point FI-11: -6.0 delta_t: 2.0
Running point FI-11: -6.0 delta_t: 4.0
Running point FI-11: -6.0 delta_t: 6.0
Running point FI-11: -6.0 delta_t: 8.0
Running point FI-11: -6.0 delta_t: 10.0
Running point FI-11: -6.0 delta_t: 12.0
Running point FI-11: -6.0 delta_t: 14.0
Running point FI-11: -6.0 delta_t: 16.0
Running point FI-11: -6.0 delta_t: 18.0
Running point FI-11: -6.0 delta_t: 20.0
Running point FI-11: -4.0 delta_t: -20.0
Running point FI-11: -4.0 delta_t: -18.0
Running point FI-11: -4.0 delta_t: -16.0
Running point FI-11: -4.0 delta_t: -14.0
Running point FI-11: -4.0 delta_t: -12.0
Running point FI-11: -4.0 delta_t: -10.0
Running point FI-11: -4.0 delta_t: -8.0
Running point FI-11: -4.0 delta_t: -6.0
Running point FI-11: -4.0 delta_t: -4.0
Running point FI-11: -4.0 delta_t: -2.0
Running point FI-11: -4.0 delta_t: 0.0
Running point FI-11: -4.0 delta_t: 2.0
Running point FI-11: -4.0 delta_t: 4.0
Running point FI-11: -4.0 delta_t: 6.0
Running point FI-11: -4.0 delta_t: 8.0
Running point FI-11: -4.0 delta_t: 10.0
Running point FI-11: -4.0 delta_t: 12.0
Running point FI-11: -4.0 delta_t: 14.0
Running point FI-11: -4.0 delta_t: 16.0
Running point FI-11: -4.0 delta_t: 18.0
Running point FI-11: -4.0 delta_t: 20.0
Running point FI-11: -2.0 delta_t: -20.0
Running point FI-11: -2.0 delta_t: -18.0
Running point FI-11: -2.0 delta_t: -16.0
Running point FI-11: -2.0 delta_t: -14.0
Running point FI-11: -2.0 delta_t: -12.0
Running point FI-11: -2.0 delta_t: -10.0
Running point FI-11: -2.0 delta_t: -8.0
Running point FI-11: -2.0 delta_t: -6.0
Running point FI-11: -2.0 delta_t: -4.0
Running point FI-11: -2.0 delta_t: -2.0
Running point FI-11: -2.0 delta_t: 0.0
Running point FI-11: -2.0 delta_t: 2.0
Running point FI-11: -2.0 delta_t: 4.0
Running point FI-11: -2.0 delta_t: 6.0
Running point FI-11: -2.0 delta_t: 8.0
Running point FI-11: -2.0 delta_t: 10.0
Running point FI-11: -2.0 delta_t: 12.0
Running point FI-11: -2.0 delta_t: 14.0
Running point FI-11: -2.0 delta_t: 16.0
Running point FI-11: -2.0 delta_t: 18.0
Running point FI-11: -2.0 delta_t: 20.0
Running point FI-11: 0.0 delta_t: -20.0
Running point FI-11: 0.0 delta_t: -18.0
Running point FI-11: 0.0 delta_t: -16.0
Running point FI-11: 0.0 delta_t: -14.0
Running point FI-11: 0.0 delta_t: -12.0
Running point FI-11: 0.0 delta_t: -10.0
Running point FI-11: 0.0 delta_t: -8.0
Running point FI-11: 0.0 delta_t: -6.0
Running point FI-11: 0.0 delta_t: -4.0
Running point FI-11: 0.0 delta_t: -2.0
Running point FI-11: 0.0 delta_t: 0.0
Running point FI-11: 0.0 delta_t: 2.0
Running point FI-11: 0.0 delta_t: 4.0
Running point FI-11: 0.0 delta_t: 6.0
Running point FI-11: 0.0 delta_t: 8.0
Running point FI-11: 0.0 delta_t: 10.0
Running point FI-11: 0.0 delta_t: 12.0
Running point FI-11: 0.0 delta_t: 14.0
Running point FI-11: 0.0 delta_t: 16.0
Running point FI-11: 0.0 delta_t: 18.0
Running point FI-11: 0.0 delta_t: 20.0
Running point FI-11: 2.0 delta_t: -20.0
Running point FI-11: 2.0 delta_t: -18.0
Running point FI-11: 2.0 delta_t: -16.0
Running point FI-11: 2.0 delta_t: -14.0
Running point FI-11: 2.0 delta_t: -12.0
Running point FI-11: 2.0 delta_t: -10.0
Running point FI-11: 2.0 delta_t: -8.0
Running point FI-11: 2.0 delta_t: -6.0
Running point FI-11: 2.0 delta_t: -4.0
Running point FI-11: 2.0 delta_t: -2.0
Running point FI-11: 2.0 delta_t: 0.0
Running point FI-11: 2.0 delta_t: 2.0
Running point FI-11: 2.0 delta_t: 4.0
Running point FI-11: 2.0 delta_t: 6.0
Running point FI-11: 2.0 delta_t: 8.0
Running point FI-11: 2.0 delta_t: 10.0
Running point FI-11: 2.0 delta_t: 12.0
Running point FI-11: 2.0 delta_t: 14.0
Running point FI-11: 2.0 delta_t: 16.0
Running point FI-11: 2.0 delta_t: 18.0
Running point FI-11: 2.0 delta_t: 20.0
Running point FI-11: 4.0 delta_t: -20.0
Running point FI-11: 4.0 delta_t: -18.0
Running point FI-11: 4.0 delta_t: -16.0
Running point FI-11: 4.0 delta_t: -14.0
Running point FI-11: 4.0 delta_t: -12.0
Running point FI-11: 4.0 delta_t: -10.0
Running point FI-11: 4.0 delta_t: -8.0
Running point FI-11: 4.0 delta_t: -6.0
Running point FI-11: 4.0 delta_t: -4.0
Running point FI-11: 4.0 delta_t: -2.0
Running point FI-11: 4.0 delta_t: 0.0
Running point FI-11: 4.0 delta_t: 2.0
Running point FI-11: 4.0 delta_t: 4.0
Running point FI-11: 4.0 delta_t: 6.0
Running point FI-11: 4.0 delta_t: 8.0
Running point FI-11: 4.0 delta_t: 10.0
Running point FI-11: 4.0 delta_t: 12.0
Running point FI-11: 4.0 delta_t: 14.0
Running point FI-11: 4.0 delta_t: 16.0
Running point FI-11: 4.0 delta_t: 18.0
Running point FI-11: 4.0 delta_t: 20.0
Running point FI-11: 6.0 delta_t: -20.0
Running point FI-11: 6.0 delta_t: -18.0
Running point FI-11: 6.0 delta_t: -16.0
Running point FI-11: 6.0 delta_t: -14.0
Running point FI-11: 6.0 delta_t: -12.0
Running point FI-11: 6.0 delta_t: -10.0
Running point FI-11: 6.0 delta_t: -8.0
Running point FI-11: 6.0 delta_t: -6.0
Running point FI-11: 6.0 delta_t: -4.0
Running point FI-11: 6.0 delta_t: -2.0
Running point FI-11: 6.0 delta_t: 0.0
Running point FI-11: 6.0 delta_t: 2.0
Running point FI-11: 6.0 delta_t: 4.0
Running point FI-11: 6.0 delta_t: 6.0
Running point FI-11: 6.0 delta_t: 8.0
Running point FI-11: 6.0 delta_t: 10.0
Running point FI-11: 6.0 delta_t: 12.0
Running point FI-11: 6.0 delta_t: 14.0
Running point FI-11: 6.0 delta_t: 16.0
Running point FI-11: 6.0 delta_t: 18.0
Running point FI-11: 6.0 delta_t: 20.0
Running point FI-11: 8.0 delta_t: -20.0
Running point FI-11: 8.0 delta_t: -18.0
Running point FI-11: 8.0 delta_t: -16.0
Running point FI-11: 8.0 delta_t: -14.0
Running point FI-11: 8.0 delta_t: -12.0
Running point FI-11: 8.0 delta_t: -10.0
Running point FI-11: 8.0 delta_t: -8.0
Running point FI-11: 8.0 delta_t: -6.0
Running point FI-11: 8.0 delta_t: -4.0
Running point FI-11: 8.0 delta_t: -2.0
Running point FI-11: 8.0 delta_t: 0.0
Running point FI-11: 8.0 delta_t: 2.0
Running point FI-11: 8.0 delta_t: 4.0
Running point FI-11: 8.0 delta_t: 6.0
Running point FI-11: 8.0 delta_t: 8.0
Running point FI-11: 8.0 delta_t: 10.0
Running point FI-11: 8.0 delta_t: 12.0
Running point FI-11: 8.0 delta_t: 14.0
Running point FI-11: 8.0 delta_t: 16.0
Running point FI-11: 8.0 delta_t: 18.0
Running point FI-11: 8.0 delta_t: 20.0
Running point FI-11: 10.0 delta_t: -20.0
Running point FI-11: 10.0 delta_t: -18.0
Running point FI-11: 10.0 delta_t: -16.0
Running point FI-11: 10.0 delta_t: -14.0
Running point FI-11: 10.0 delta_t: -12.0
Running point FI-11: 10.0 delta_t: -10.0
Running point FI-11: 10.0 delta_t: -8.0
Running point FI-11: 10.0 delta_t: -6.0
Running point FI-11: 10.0 delta_t: -4.0
Running point FI-11: 10.0 delta_t: -2.0
Running point FI-11: 10.0 delta_t: 0.0
Running point FI-11: 10.0 delta_t: 2.0
Running point FI-11: 10.0 delta_t: 4.0
Running point FI-11: 10.0 delta_t: 6.0
Running point FI-11: 10.0 delta_t: 8.0
Running point FI-11: 10.0 delta_t: 10.0
Running point FI-11: 10.0 delta_t: 12.0
Running point FI-11: 10.0 delta_t: 14.0
Running point FI-11: 10.0 delta_t: 16.0
Running point FI-11: 10.0 delta_t: 18.0
Running point FI-11: 10.0 delta_t: 20.0
Running point FI-11: 12.0 delta_t: -20.0
Running point FI-11: 12.0 delta_t: -18.0
Running point FI-11: 12.0 delta_t: -16.0
Running point FI-11: 12.0 delta_t: -14.0
Running point FI-11: 12.0 delta_t: -12.0
Running point FI-11: 12.0 delta_t: -10.0
Running point FI-11: 12.0 delta_t: -8.0
Running point FI-11: 12.0 delta_t: -6.0
Running point FI-11: 12.0 delta_t: -4.0
Running point FI-11: 12.0 delta_t: -2.0
Running point FI-11: 12.0 delta_t: 0.0
Running point FI-11: 12.0 delta_t: 2.0
Running point FI-11: 12.0 delta_t: 4.0
Running point FI-11: 12.0 delta_t: 6.0
Running point FI-11: 12.0 delta_t: 8.0
Running point FI-11: 12.0 delta_t: 10.0
Running point FI-11: 12.0 delta_t: 12.0
Running point FI-11: 12.0 delta_t: 14.0
Running point FI-11: 12.0 delta_t: 16.0
Running point FI-11: 12.0 delta_t: 18.0
Running point FI-11: 12.0 delta_t: 20.0
Running point FI-11: 14.0 delta_t: -20.0
Running point FI-11: 14.0 delta_t: -18.0
Running point FI-11: 14.0 delta_t: -16.0
Running point FI-11: 14.0 delta_t: -14.0
Running point FI-11: 14.0 delta_t: -12.0
Running point FI-11: 14.0 delta_t: -10.0
Running point FI-11: 14.0 delta_t: -8.0
Running point FI-11: 14.0 delta_t: -6.0
Running point FI-11: 14.0 delta_t: -4.0
Running point FI-11: 14.0 delta_t: -2.0
Running point FI-11: 14.0 delta_t: 0.0
Running point FI-11: 14.0 delta_t: 2.0
Running point FI-11: 14.0 delta_t: 4.0
Running point FI-11: 14.0 delta_t: 6.0
Running point FI-11: 14.0 delta_t: 8.0
Running point FI-11: 14.0 delta_t: 10.0
Running point FI-11: 14.0 delta_t: 12.0
Running point FI-11: 14.0 delta_t: 14.0
Running point FI-11: 14.0 delta_t: 16.0
Running point FI-11: 14.0 delta_t: 18.0
Running point FI-11: 14.0 delta_t: 20.0
Running point FI-11: 16.0 delta_t: -20.0
Running point FI-11: 16.0 delta_t: -18.0
Running point FI-11: 16.0 delta_t: -16.0
Running point FI-11: 16.0 delta_t: -14.0
Running point FI-11: 16.0 delta_t: -12.0
Running point FI-11: 16.0 delta_t: -10.0
Running point FI-11: 16.0 delta_t: -8.0
Running point FI-11: 16.0 delta_t: -6.0
Running point FI-11: 16.0 delta_t: -4.0
Running point FI-11: 16.0 delta_t: -2.0
Running point FI-11: 16.0 delta_t: 0.0
Running point FI-11: 16.0 delta_t: 2.0
Running point FI-11: 16.0 delta_t: 4.0
Running point FI-11: 16.0 delta_t: 6.0
Running point FI-11: 16.0 delta_t: 8.0
Running point FI-11: 16.0 delta_t: 10.0
Running point FI-11: 16.0 delta_t: 12.0
Running point FI-11: 16.0 delta_t: 14.0
Running point FI-11: 16.0 delta_t: 16.0
Running point FI-11: 16.0 delta_t: 18.0
Running point FI-11: 16.0 delta_t: 20.0
Running point FI-11: 18.0 delta_t: -20.0
Running point FI-11: 18.0 delta_t: -18.0
Running point FI-11: 18.0 delta_t: -16.0
Running point FI-11: 18.0 delta_t: -14.0
Running point FI-11: 18.0 delta_t: -12.0
Running point FI-11: 18.0 delta_t: -10.0
Running point FI-11: 18.0 delta_t: -8.0
Running point FI-11: 18.0 delta_t: -6.0
Running point FI-11: 18.0 delta_t: -4.0
Running point FI-11: 18.0 delta_t: -2.0
Running point FI-11: 18.0 delta_t: 0.0
Running point FI-11: 18.0 delta_t: 2.0
Running point FI-11: 18.0 delta_t: 4.0
Running point FI-11: 18.0 delta_t: 6.0
Running point FI-11: 18.0 delta_t: 8.0
Running point FI-11: 18.0 delta_t: 10.0
Running point FI-11: 18.0 delta_t: 12.0
Running point FI-11: 18.0 delta_t: 14.0
Running point FI-11: 18.0 delta_t: 16.0
Running point FI-11: 18.0 delta_t: 18.0
Running point FI-11: 18.0 delta_t: 20.0
Running point FI-11: 20.0 delta_t: -20.0
Running point FI-11: 20.0 delta_t: -18.0
Running point FI-11: 20.0 delta_t: -16.0
Running point FI-11: 20.0 delta_t: -14.0
Running point FI-11: 20.0 delta_t: -12.0
Running point FI-11: 20.0 delta_t: -10.0
Running point FI-11: 20.0 delta_t: -8.0
Running point FI-11: 20.0 delta_t: -6.0
Running point FI-11: 20.0 delta_t: -4.0
Running point FI-11: 20.0 delta_t: -2.0
Running point FI-11: 20.0 delta_t: 0.0
Running point FI-11: 20.0 delta_t: 2.0
Running point FI-11: 20.0 delta_t: 4.0
Running point FI-11: 20.0 delta_t: 6.0
Running point FI-11: 20.0 delta_t: 8.0
Running point FI-11: 20.0 delta_t: 10.0
Running point FI-11: 20.0 delta_t: 12.0
Running point FI-11: 20.0 delta_t: 14.0
Running point FI-11: 20.0 delta_t: 16.0
Running point FI-11: 20.0 delta_t: 18.0
Running point FI-11: 20.0 delta_t: 20.0
