[2021-05-15 01:43:09,842] WARNING | darts.models | Support Facebook Prophet is not available. To enable it, install u8darts[fbprophet] or u8darts[all].
loading model_best_10.pth.tar
loading model_best_10.pth.tar
starting run
Running point FI-20: -20.0 TI-35: -20.0
Running point FI-20: -20.0 TI-35: -18.0
Running point FI-20: -20.0 TI-35: -16.0
Running point FI-20: -20.0 TI-35: -14.0
Running point FI-20: -20.0 TI-35: -12.0
Running point FI-20: -20.0 TI-35: -10.0
Running point FI-20: -20.0 TI-35: -8.0
Running point FI-20: -20.0 TI-35: -6.0
Running point FI-20: -20.0 TI-35: -4.0
Running point FI-20: -20.0 TI-35: -2.0
Running point FI-20: -20.0 TI-35: 0.0
Running point FI-20: -20.0 TI-35: 2.0
Running point FI-20: -20.0 TI-35: 4.0
Running point FI-20: -20.0 TI-35: 6.0
Running point FI-20: -20.0 TI-35: 8.0
Running point FI-20: -20.0 TI-35: 10.0
Running point FI-20: -20.0 TI-35: 12.0
Running point FI-20: -20.0 TI-35: 14.0
Running point FI-20: -20.0 TI-35: 16.0
Running point FI-20: -20.0 TI-35: 18.0
Running point FI-20: -20.0 TI-35: 20.0
Running point FI-20: -18.0 TI-35: -20.0
Running point FI-20: -18.0 TI-35: -18.0
Running point FI-20: -18.0 TI-35: -16.0
Running point FI-20: -18.0 TI-35: -14.0
Running point FI-20: -18.0 TI-35: -12.0
Running point FI-20: -18.0 TI-35: -10.0
Running point FI-20: -18.0 TI-35: -8.0
Running point FI-20: -18.0 TI-35: -6.0
Running point FI-20: -18.0 TI-35: -4.0
Running point FI-20: -18.0 TI-35: -2.0
Running point FI-20: -18.0 TI-35: 0.0
Running point FI-20: -18.0 TI-35: 2.0
Running point FI-20: -18.0 TI-35: 4.0
Running point FI-20: -18.0 TI-35: 6.0
Running point FI-20: -18.0 TI-35: 8.0
Running point FI-20: -18.0 TI-35: 10.0
Running point FI-20: -18.0 TI-35: 12.0
Running point FI-20: -18.0 TI-35: 14.0
Running point FI-20: -18.0 TI-35: 16.0
Running point FI-20: -18.0 TI-35: 18.0
Running point FI-20: -18.0 TI-35: 20.0
Running point FI-20: -16.0 TI-35: -20.0
Running point FI-20: -16.0 TI-35: -18.0
Running point FI-20: -16.0 TI-35: -16.0
Running point FI-20: -16.0 TI-35: -14.0
Running point FI-20: -16.0 TI-35: -12.0
Running point FI-20: -16.0 TI-35: -10.0
Running point FI-20: -16.0 TI-35: -8.0
Running point FI-20: -16.0 TI-35: -6.0
Running point FI-20: -16.0 TI-35: -4.0
Running point FI-20: -16.0 TI-35: -2.0
Running point FI-20: -16.0 TI-35: 0.0
Running point FI-20: -16.0 TI-35: 2.0
Running point FI-20: -16.0 TI-35: 4.0
Running point FI-20: -16.0 TI-35: 6.0
Running point FI-20: -16.0 TI-35: 8.0
Running point FI-20: -16.0 TI-35: 10.0
Running point FI-20: -16.0 TI-35: 12.0
Running point FI-20: -16.0 TI-35: 14.0
Running point FI-20: -16.0 TI-35: 16.0
Running point FI-20: -16.0 TI-35: 18.0
Running point FI-20: -16.0 TI-35: 20.0
Running point FI-20: -14.0 TI-35: -20.0
Running point FI-20: -14.0 TI-35: -18.0
Running point FI-20: -14.0 TI-35: -16.0
Running point FI-20: -14.0 TI-35: -14.0
Running point FI-20: -14.0 TI-35: -12.0
Running point FI-20: -14.0 TI-35: -10.0
Running point FI-20: -14.0 TI-35: -8.0
Running point FI-20: -14.0 TI-35: -6.0
Running point FI-20: -14.0 TI-35: -4.0
Running point FI-20: -14.0 TI-35: -2.0
Running point FI-20: -14.0 TI-35: 0.0
Running point FI-20: -14.0 TI-35: 2.0
Running point FI-20: -14.0 TI-35: 4.0
Running point FI-20: -14.0 TI-35: 6.0
Running point FI-20: -14.0 TI-35: 8.0
Running point FI-20: -14.0 TI-35: 10.0
Running point FI-20: -14.0 TI-35: 12.0
Running point FI-20: -14.0 TI-35: 14.0
Running point FI-20: -14.0 TI-35: 16.0
Running point FI-20: -14.0 TI-35: 18.0
Running point FI-20: -14.0 TI-35: 20.0
Running point FI-20: -12.0 TI-35: -20.0
Running point FI-20: -12.0 TI-35: -18.0
Running point FI-20: -12.0 TI-35: -16.0
Running point FI-20: -12.0 TI-35: -14.0
Running point FI-20: -12.0 TI-35: -12.0
Running point FI-20: -12.0 TI-35: -10.0
Running point FI-20: -12.0 TI-35: -8.0
Running point FI-20: -12.0 TI-35: -6.0
Running point FI-20: -12.0 TI-35: -4.0
Running point FI-20: -12.0 TI-35: -2.0
Running point FI-20: -12.0 TI-35: 0.0
Running point FI-20: -12.0 TI-35: 2.0
Running point FI-20: -12.0 TI-35: 4.0
Running point FI-20: -12.0 TI-35: 6.0
Running point FI-20: -12.0 TI-35: 8.0
Running point FI-20: -12.0 TI-35: 10.0
Running point FI-20: -12.0 TI-35: 12.0
Running point FI-20: -12.0 TI-35: 14.0
Running point FI-20: -12.0 TI-35: 16.0
Running point FI-20: -12.0 TI-35: 18.0
Running point FI-20: -12.0 TI-35: 20.0
Running point FI-20: -10.0 TI-35: -20.0
Running point FI-20: -10.0 TI-35: -18.0
Running point FI-20: -10.0 TI-35: -16.0
Running point FI-20: -10.0 TI-35: -14.0
Running point FI-20: -10.0 TI-35: -12.0
Running point FI-20: -10.0 TI-35: -10.0
Running point FI-20: -10.0 TI-35: -8.0
Running point FI-20: -10.0 TI-35: -6.0
Running point FI-20: -10.0 TI-35: -4.0
Running point FI-20: -10.0 TI-35: -2.0
Running point FI-20: -10.0 TI-35: 0.0
Running point FI-20: -10.0 TI-35: 2.0
Running point FI-20: -10.0 TI-35: 4.0
Running point FI-20: -10.0 TI-35: 6.0
Running point FI-20: -10.0 TI-35: 8.0
Running point FI-20: -10.0 TI-35: 10.0
Running point FI-20: -10.0 TI-35: 12.0
Running point FI-20: -10.0 TI-35: 14.0
Running point FI-20: -10.0 TI-35: 16.0
Running point FI-20: -10.0 TI-35: 18.0
Running point FI-20: -10.0 TI-35: 20.0
Running point FI-20: -8.0 TI-35: -20.0
Running point FI-20: -8.0 TI-35: -18.0
Running point FI-20: -8.0 TI-35: -16.0
Running point FI-20: -8.0 TI-35: -14.0
Running point FI-20: -8.0 TI-35: -12.0
Running point FI-20: -8.0 TI-35: -10.0
Running point FI-20: -8.0 TI-35: -8.0
Running point FI-20: -8.0 TI-35: -6.0
Running point FI-20: -8.0 TI-35: -4.0
Running point FI-20: -8.0 TI-35: -2.0
Running point FI-20: -8.0 TI-35: 0.0
Running point FI-20: -8.0 TI-35: 2.0
Running point FI-20: -8.0 TI-35: 4.0
Running point FI-20: -8.0 TI-35: 6.0
Running point FI-20: -8.0 TI-35: 8.0
Running point FI-20: -8.0 TI-35: 10.0
Running point FI-20: -8.0 TI-35: 12.0
Running point FI-20: -8.0 TI-35: 14.0
Running point FI-20: -8.0 TI-35: 16.0
Running point FI-20: -8.0 TI-35: 18.0
Running point FI-20: -8.0 TI-35: 20.0
Running point FI-20: -6.0 TI-35: -20.0
Running point FI-20: -6.0 TI-35: -18.0
Running point FI-20: -6.0 TI-35: -16.0
Running point FI-20: -6.0 TI-35: -14.0
Running point FI-20: -6.0 TI-35: -12.0
Running point FI-20: -6.0 TI-35: -10.0
Running point FI-20: -6.0 TI-35: -8.0
Running point FI-20: -6.0 TI-35: -6.0
Running point FI-20: -6.0 TI-35: -4.0
Running point FI-20: -6.0 TI-35: -2.0
Running point FI-20: -6.0 TI-35: 0.0
Running point FI-20: -6.0 TI-35: 2.0
Running point FI-20: -6.0 TI-35: 4.0
Running point FI-20: -6.0 TI-35: 6.0
Running point FI-20: -6.0 TI-35: 8.0
Running point FI-20: -6.0 TI-35: 10.0
Running point FI-20: -6.0 TI-35: 12.0
Running point FI-20: -6.0 TI-35: 14.0
Running point FI-20: -6.0 TI-35: 16.0
Running point FI-20: -6.0 TI-35: 18.0
Running point FI-20: -6.0 TI-35: 20.0
Running point FI-20: -4.0 TI-35: -20.0
Running point FI-20: -4.0 TI-35: -18.0
Running point FI-20: -4.0 TI-35: -16.0
Running point FI-20: -4.0 TI-35: -14.0
Running point FI-20: -4.0 TI-35: -12.0
Running point FI-20: -4.0 TI-35: -10.0
Running point FI-20: -4.0 TI-35: -8.0
Running point FI-20: -4.0 TI-35: -6.0
Running point FI-20: -4.0 TI-35: -4.0
Running point FI-20: -4.0 TI-35: -2.0
Running point FI-20: -4.0 TI-35: 0.0
Running point FI-20: -4.0 TI-35: 2.0
Running point FI-20: -4.0 TI-35: 4.0
Running point FI-20: -4.0 TI-35: 6.0
Running point FI-20: -4.0 TI-35: 8.0
Running point FI-20: -4.0 TI-35: 10.0
Running point FI-20: -4.0 TI-35: 12.0
Running point FI-20: -4.0 TI-35: 14.0
Running point FI-20: -4.0 TI-35: 16.0
Running point FI-20: -4.0 TI-35: 18.0
Running point FI-20: -4.0 TI-35: 20.0
Running point FI-20: -2.0 TI-35: -20.0
Running point FI-20: -2.0 TI-35: -18.0
Running point FI-20: -2.0 TI-35: -16.0
Running point FI-20: -2.0 TI-35: -14.0
Running point FI-20: -2.0 TI-35: -12.0
Running point FI-20: -2.0 TI-35: -10.0
Running point FI-20: -2.0 TI-35: -8.0
Running point FI-20: -2.0 TI-35: -6.0
Running point FI-20: -2.0 TI-35: -4.0
Running point FI-20: -2.0 TI-35: -2.0
Running point FI-20: -2.0 TI-35: 0.0
Running point FI-20: -2.0 TI-35: 2.0
Running point FI-20: -2.0 TI-35: 4.0
Running point FI-20: -2.0 TI-35: 6.0
Running point FI-20: -2.0 TI-35: 8.0
Running point FI-20: -2.0 TI-35: 10.0
Running point FI-20: -2.0 TI-35: 12.0
Running point FI-20: -2.0 TI-35: 14.0
Running point FI-20: -2.0 TI-35: 16.0
Running point FI-20: -2.0 TI-35: 18.0
Running point FI-20: -2.0 TI-35: 20.0
Running point FI-20: 0.0 TI-35: -20.0
Running point FI-20: 0.0 TI-35: -18.0
Running point FI-20: 0.0 TI-35: -16.0
Running point FI-20: 0.0 TI-35: -14.0
Running point FI-20: 0.0 TI-35: -12.0
Running point FI-20: 0.0 TI-35: -10.0
Running point FI-20: 0.0 TI-35: -8.0
Running point FI-20: 0.0 TI-35: -6.0
Running point FI-20: 0.0 TI-35: -4.0
Running point FI-20: 0.0 TI-35: -2.0
Running point FI-20: 0.0 TI-35: 0.0
Running point FI-20: 0.0 TI-35: 2.0
Running point FI-20: 0.0 TI-35: 4.0
Running point FI-20: 0.0 TI-35: 6.0
Running point FI-20: 0.0 TI-35: 8.0
Running point FI-20: 0.0 TI-35: 10.0
Running point FI-20: 0.0 TI-35: 12.0
Running point FI-20: 0.0 TI-35: 14.0
Running point FI-20: 0.0 TI-35: 16.0
Running point FI-20: 0.0 TI-35: 18.0
Running point FI-20: 0.0 TI-35: 20.0
Running point FI-20: 2.0 TI-35: -20.0
Running point FI-20: 2.0 TI-35: -18.0
Running point FI-20: 2.0 TI-35: -16.0
Running point FI-20: 2.0 TI-35: -14.0
Running point FI-20: 2.0 TI-35: -12.0
Running point FI-20: 2.0 TI-35: -10.0
Running point FI-20: 2.0 TI-35: -8.0
Running point FI-20: 2.0 TI-35: -6.0
Running point FI-20: 2.0 TI-35: -4.0
Running point FI-20: 2.0 TI-35: -2.0
Running point FI-20: 2.0 TI-35: 0.0
Running point FI-20: 2.0 TI-35: 2.0
Running point FI-20: 2.0 TI-35: 4.0
Running point FI-20: 2.0 TI-35: 6.0
Running point FI-20: 2.0 TI-35: 8.0
Running point FI-20: 2.0 TI-35: 10.0
Running point FI-20: 2.0 TI-35: 12.0
Running point FI-20: 2.0 TI-35: 14.0
Running point FI-20: 2.0 TI-35: 16.0
Running point FI-20: 2.0 TI-35: 18.0
Running point FI-20: 2.0 TI-35: 20.0
Running point FI-20: 4.0 TI-35: -20.0
Running point FI-20: 4.0 TI-35: -18.0
Running point FI-20: 4.0 TI-35: -16.0
Running point FI-20: 4.0 TI-35: -14.0
Running point FI-20: 4.0 TI-35: -12.0
Running point FI-20: 4.0 TI-35: -10.0
Running point FI-20: 4.0 TI-35: -8.0
Running point FI-20: 4.0 TI-35: -6.0
Running point FI-20: 4.0 TI-35: -4.0
Running point FI-20: 4.0 TI-35: -2.0
Running point FI-20: 4.0 TI-35: 0.0
Running point FI-20: 4.0 TI-35: 2.0
Running point FI-20: 4.0 TI-35: 4.0
Running point FI-20: 4.0 TI-35: 6.0
Running point FI-20: 4.0 TI-35: 8.0
Running point FI-20: 4.0 TI-35: 10.0
Running point FI-20: 4.0 TI-35: 12.0
Running point FI-20: 4.0 TI-35: 14.0
Running point FI-20: 4.0 TI-35: 16.0
Running point FI-20: 4.0 TI-35: 18.0
Running point FI-20: 4.0 TI-35: 20.0
Running point FI-20: 6.0 TI-35: -20.0
Running point FI-20: 6.0 TI-35: -18.0
Running point FI-20: 6.0 TI-35: -16.0
Running point FI-20: 6.0 TI-35: -14.0
Running point FI-20: 6.0 TI-35: -12.0
Running point FI-20: 6.0 TI-35: -10.0
Running point FI-20: 6.0 TI-35: -8.0
Running point FI-20: 6.0 TI-35: -6.0
Running point FI-20: 6.0 TI-35: -4.0
Running point FI-20: 6.0 TI-35: -2.0
Running point FI-20: 6.0 TI-35: 0.0
Running point FI-20: 6.0 TI-35: 2.0
Running point FI-20: 6.0 TI-35: 4.0
Running point FI-20: 6.0 TI-35: 6.0
Running point FI-20: 6.0 TI-35: 8.0
Running point FI-20: 6.0 TI-35: 10.0
Running point FI-20: 6.0 TI-35: 12.0
Running point FI-20: 6.0 TI-35: 14.0
Running point FI-20: 6.0 TI-35: 16.0
Running point FI-20: 6.0 TI-35: 18.0
Running point FI-20: 6.0 TI-35: 20.0
Running point FI-20: 8.0 TI-35: -20.0
Running point FI-20: 8.0 TI-35: -18.0
Running point FI-20: 8.0 TI-35: -16.0
Running point FI-20: 8.0 TI-35: -14.0
Running point FI-20: 8.0 TI-35: -12.0
Running point FI-20: 8.0 TI-35: -10.0
Running point FI-20: 8.0 TI-35: -8.0
Running point FI-20: 8.0 TI-35: -6.0
Running point FI-20: 8.0 TI-35: -4.0
Running point FI-20: 8.0 TI-35: -2.0
Running point FI-20: 8.0 TI-35: 0.0
Running point FI-20: 8.0 TI-35: 2.0
Running point FI-20: 8.0 TI-35: 4.0
Running point FI-20: 8.0 TI-35: 6.0
Running point FI-20: 8.0 TI-35: 8.0
Running point FI-20: 8.0 TI-35: 10.0
Running point FI-20: 8.0 TI-35: 12.0
Running point FI-20: 8.0 TI-35: 14.0
Running point FI-20: 8.0 TI-35: 16.0
Running point FI-20: 8.0 TI-35: 18.0
Running point FI-20: 8.0 TI-35: 20.0
Running point FI-20: 10.0 TI-35: -20.0
Running point FI-20: 10.0 TI-35: -18.0
Running point FI-20: 10.0 TI-35: -16.0
Running point FI-20: 10.0 TI-35: -14.0
Running point FI-20: 10.0 TI-35: -12.0
Running point FI-20: 10.0 TI-35: -10.0
Running point FI-20: 10.0 TI-35: -8.0
Running point FI-20: 10.0 TI-35: -6.0
Running point FI-20: 10.0 TI-35: -4.0
Running point FI-20: 10.0 TI-35: -2.0
Running point FI-20: 10.0 TI-35: 0.0
Running point FI-20: 10.0 TI-35: 2.0
Running point FI-20: 10.0 TI-35: 4.0
Running point FI-20: 10.0 TI-35: 6.0
Running point FI-20: 10.0 TI-35: 8.0
Running point FI-20: 10.0 TI-35: 10.0
Running point FI-20: 10.0 TI-35: 12.0
Running point FI-20: 10.0 TI-35: 14.0
Running point FI-20: 10.0 TI-35: 16.0
Running point FI-20: 10.0 TI-35: 18.0
Running point FI-20: 10.0 TI-35: 20.0
Running point FI-20: 12.0 TI-35: -20.0
Running point FI-20: 12.0 TI-35: -18.0
Running point FI-20: 12.0 TI-35: -16.0
Running point FI-20: 12.0 TI-35: -14.0
Running point FI-20: 12.0 TI-35: -12.0
Running point FI-20: 12.0 TI-35: -10.0
Running point FI-20: 12.0 TI-35: -8.0
Running point FI-20: 12.0 TI-35: -6.0
Running point FI-20: 12.0 TI-35: -4.0
Running point FI-20: 12.0 TI-35: -2.0
Running point FI-20: 12.0 TI-35: 0.0
Running point FI-20: 12.0 TI-35: 2.0
Running point FI-20: 12.0 TI-35: 4.0
Running point FI-20: 12.0 TI-35: 6.0
Running point FI-20: 12.0 TI-35: 8.0
Running point FI-20: 12.0 TI-35: 10.0
Running point FI-20: 12.0 TI-35: 12.0
Running point FI-20: 12.0 TI-35: 14.0
Running point FI-20: 12.0 TI-35: 16.0
Running point FI-20: 12.0 TI-35: 18.0
Running point FI-20: 12.0 TI-35: 20.0
Running point FI-20: 14.0 TI-35: -20.0
Running point FI-20: 14.0 TI-35: -18.0
Running point FI-20: 14.0 TI-35: -16.0
Running point FI-20: 14.0 TI-35: -14.0
Running point FI-20: 14.0 TI-35: -12.0
Running point FI-20: 14.0 TI-35: -10.0
Running point FI-20: 14.0 TI-35: -8.0
Running point FI-20: 14.0 TI-35: -6.0
Running point FI-20: 14.0 TI-35: -4.0
Running point FI-20: 14.0 TI-35: -2.0
Running point FI-20: 14.0 TI-35: 0.0
Running point FI-20: 14.0 TI-35: 2.0
Running point FI-20: 14.0 TI-35: 4.0
Running point FI-20: 14.0 TI-35: 6.0
Running point FI-20: 14.0 TI-35: 8.0
Running point FI-20: 14.0 TI-35: 10.0
Running point FI-20: 14.0 TI-35: 12.0
Running point FI-20: 14.0 TI-35: 14.0
Running point FI-20: 14.0 TI-35: 16.0
Running point FI-20: 14.0 TI-35: 18.0
Running point FI-20: 14.0 TI-35: 20.0
Running point FI-20: 16.0 TI-35: -20.0
Running point FI-20: 16.0 TI-35: -18.0
Running point FI-20: 16.0 TI-35: -16.0
Running point FI-20: 16.0 TI-35: -14.0
Running point FI-20: 16.0 TI-35: -12.0
Running point FI-20: 16.0 TI-35: -10.0
Running point FI-20: 16.0 TI-35: -8.0
Running point FI-20: 16.0 TI-35: -6.0
Running point FI-20: 16.0 TI-35: -4.0
Running point FI-20: 16.0 TI-35: -2.0
Running point FI-20: 16.0 TI-35: 0.0
Running point FI-20: 16.0 TI-35: 2.0
Running point FI-20: 16.0 TI-35: 4.0
Running point FI-20: 16.0 TI-35: 6.0
Running point FI-20: 16.0 TI-35: 8.0
Running point FI-20: 16.0 TI-35: 10.0
Running point FI-20: 16.0 TI-35: 12.0
Running point FI-20: 16.0 TI-35: 14.0
Running point FI-20: 16.0 TI-35: 16.0
Running point FI-20: 16.0 TI-35: 18.0
Running point FI-20: 16.0 TI-35: 20.0
Running point FI-20: 18.0 TI-35: -20.0
Running point FI-20: 18.0 TI-35: -18.0
Running point FI-20: 18.0 TI-35: -16.0
Running point FI-20: 18.0 TI-35: -14.0
Running point FI-20: 18.0 TI-35: -12.0
Running point FI-20: 18.0 TI-35: -10.0
Running point FI-20: 18.0 TI-35: -8.0
Running point FI-20: 18.0 TI-35: -6.0
Running point FI-20: 18.0 TI-35: -4.0
Running point FI-20: 18.0 TI-35: -2.0
Running point FI-20: 18.0 TI-35: 0.0
Running point FI-20: 18.0 TI-35: 2.0
Running point FI-20: 18.0 TI-35: 4.0
Running point FI-20: 18.0 TI-35: 6.0
Running point FI-20: 18.0 TI-35: 8.0
Running point FI-20: 18.0 TI-35: 10.0
Running point FI-20: 18.0 TI-35: 12.0
Running point FI-20: 18.0 TI-35: 14.0
Running point FI-20: 18.0 TI-35: 16.0
Running point FI-20: 18.0 TI-35: 18.0
Running point FI-20: 18.0 TI-35: 20.0
Running point FI-20: 20.0 TI-35: -20.0
Running point FI-20: 20.0 TI-35: -18.0
Running point FI-20: 20.0 TI-35: -16.0
Running point FI-20: 20.0 TI-35: -14.0
Running point FI-20: 20.0 TI-35: -12.0
Running point FI-20: 20.0 TI-35: -10.0
Running point FI-20: 20.0 TI-35: -8.0
Running point FI-20: 20.0 TI-35: -6.0
Running point FI-20: 20.0 TI-35: -4.0
Running point FI-20: 20.0 TI-35: -2.0
Running point FI-20: 20.0 TI-35: 0.0
Running point FI-20: 20.0 TI-35: 2.0
Running point FI-20: 20.0 TI-35: 4.0
Running point FI-20: 20.0 TI-35: 6.0
Running point FI-20: 20.0 TI-35: 8.0
Running point FI-20: 20.0 TI-35: 10.0
Running point FI-20: 20.0 TI-35: 12.0
Running point FI-20: 20.0 TI-35: 14.0
Running point FI-20: 20.0 TI-35: 16.0
Running point FI-20: 20.0 TI-35: 18.0
Running point FI-20: 20.0 TI-35: 20.0
