[2021-05-15 01:43:09,842] WARNING | darts.models | Support Facebook Prophet is not available. To enable it, install u8darts[fbprophet] or u8darts[all].
loading model_best_10.pth.tar
loading model_best_10.pth.tar
starting run
Running point FI-11: -20.0 TI-1213: -20.0
Running point FI-11: -20.0 TI-1213: -18.0
Running point FI-11: -20.0 TI-1213: -16.0
Running point FI-11: -20.0 TI-1213: -14.0
Running point FI-11: -20.0 TI-1213: -12.0
Running point FI-11: -20.0 TI-1213: -10.0
Running point FI-11: -20.0 TI-1213: -8.0
Running point FI-11: -20.0 TI-1213: -6.0
Running point FI-11: -20.0 TI-1213: -4.0
Running point FI-11: -20.0 TI-1213: -2.0
Running point FI-11: -20.0 TI-1213: 0.0
Running point FI-11: -20.0 TI-1213: 2.0
Running point FI-11: -20.0 TI-1213: 4.0
Running point FI-11: -20.0 TI-1213: 6.0
Running point FI-11: -20.0 TI-1213: 8.0
Running point FI-11: -20.0 TI-1213: 10.0
Running point FI-11: -20.0 TI-1213: 12.0
Running point FI-11: -20.0 TI-1213: 14.0
Running point FI-11: -20.0 TI-1213: 16.0
Running point FI-11: -20.0 TI-1213: 18.0
Running point FI-11: -20.0 TI-1213: 20.0
Running point FI-11: -18.0 TI-1213: -20.0
Running point FI-11: -18.0 TI-1213: -18.0
Running point FI-11: -18.0 TI-1213: -16.0
Running point FI-11: -18.0 TI-1213: -14.0
Running point FI-11: -18.0 TI-1213: -12.0
Running point FI-11: -18.0 TI-1213: -10.0
Running point FI-11: -18.0 TI-1213: -8.0
Running point FI-11: -18.0 TI-1213: -6.0
Running point FI-11: -18.0 TI-1213: -4.0
Running point FI-11: -18.0 TI-1213: -2.0
Running point FI-11: -18.0 TI-1213: 0.0
Running point FI-11: -18.0 TI-1213: 2.0
Running point FI-11: -18.0 TI-1213: 4.0
Running point FI-11: -18.0 TI-1213: 6.0
Running point FI-11: -18.0 TI-1213: 8.0
Running point FI-11: -18.0 TI-1213: 10.0
Running point FI-11: -18.0 TI-1213: 12.0
Running point FI-11: -18.0 TI-1213: 14.0
Running point FI-11: -18.0 TI-1213: 16.0
Running point FI-11: -18.0 TI-1213: 18.0
Running point FI-11: -18.0 TI-1213: 20.0
Running point FI-11: -16.0 TI-1213: -20.0
Running point FI-11: -16.0 TI-1213: -18.0
Running point FI-11: -16.0 TI-1213: -16.0
Running point FI-11: -16.0 TI-1213: -14.0
Running point FI-11: -16.0 TI-1213: -12.0
Running point FI-11: -16.0 TI-1213: -10.0
Running point FI-11: -16.0 TI-1213: -8.0
Running point FI-11: -16.0 TI-1213: -6.0
Running point FI-11: -16.0 TI-1213: -4.0
Running point FI-11: -16.0 TI-1213: -2.0
Running point FI-11: -16.0 TI-1213: 0.0
Running point FI-11: -16.0 TI-1213: 2.0
Running point FI-11: -16.0 TI-1213: 4.0
Running point FI-11: -16.0 TI-1213: 6.0
Running point FI-11: -16.0 TI-1213: 8.0
Running point FI-11: -16.0 TI-1213: 10.0
Running point FI-11: -16.0 TI-1213: 12.0
Running point FI-11: -16.0 TI-1213: 14.0
Running point FI-11: -16.0 TI-1213: 16.0
Running point FI-11: -16.0 TI-1213: 18.0
Running point FI-11: -16.0 TI-1213: 20.0
Running point FI-11: -14.0 TI-1213: -20.0
Running point FI-11: -14.0 TI-1213: -18.0
Running point FI-11: -14.0 TI-1213: -16.0
Running point FI-11: -14.0 TI-1213: -14.0
Running point FI-11: -14.0 TI-1213: -12.0
Running point FI-11: -14.0 TI-1213: -10.0
Running point FI-11: -14.0 TI-1213: -8.0
Running point FI-11: -14.0 TI-1213: -6.0
Running point FI-11: -14.0 TI-1213: -4.0
Running point FI-11: -14.0 TI-1213: -2.0
Running point FI-11: -14.0 TI-1213: 0.0
Running point FI-11: -14.0 TI-1213: 2.0
Running point FI-11: -14.0 TI-1213: 4.0
Running point FI-11: -14.0 TI-1213: 6.0
Running point FI-11: -14.0 TI-1213: 8.0
Running point FI-11: -14.0 TI-1213: 10.0
Running point FI-11: -14.0 TI-1213: 12.0
Running point FI-11: -14.0 TI-1213: 14.0
Running point FI-11: -14.0 TI-1213: 16.0
Running point FI-11: -14.0 TI-1213: 18.0
Running point FI-11: -14.0 TI-1213: 20.0
Running point FI-11: -12.0 TI-1213: -20.0
Running point FI-11: -12.0 TI-1213: -18.0
Running point FI-11: -12.0 TI-1213: -16.0
Running point FI-11: -12.0 TI-1213: -14.0
Running point FI-11: -12.0 TI-1213: -12.0
Running point FI-11: -12.0 TI-1213: -10.0
Running point FI-11: -12.0 TI-1213: -8.0
Running point FI-11: -12.0 TI-1213: -6.0
Running point FI-11: -12.0 TI-1213: -4.0
Running point FI-11: -12.0 TI-1213: -2.0
Running point FI-11: -12.0 TI-1213: 0.0
Running point FI-11: -12.0 TI-1213: 2.0
Running point FI-11: -12.0 TI-1213: 4.0
Running point FI-11: -12.0 TI-1213: 6.0
Running point FI-11: -12.0 TI-1213: 8.0
Running point FI-11: -12.0 TI-1213: 10.0
Running point FI-11: -12.0 TI-1213: 12.0
Running point FI-11: -12.0 TI-1213: 14.0
Running point FI-11: -12.0 TI-1213: 16.0
Running point FI-11: -12.0 TI-1213: 18.0
Running point FI-11: -12.0 TI-1213: 20.0
Running point FI-11: -10.0 TI-1213: -20.0
Running point FI-11: -10.0 TI-1213: -18.0
Running point FI-11: -10.0 TI-1213: -16.0
Running point FI-11: -10.0 TI-1213: -14.0
Running point FI-11: -10.0 TI-1213: -12.0
Running point FI-11: -10.0 TI-1213: -10.0
Running point FI-11: -10.0 TI-1213: -8.0
Running point FI-11: -10.0 TI-1213: -6.0
Running point FI-11: -10.0 TI-1213: -4.0
Running point FI-11: -10.0 TI-1213: -2.0
Running point FI-11: -10.0 TI-1213: 0.0
Running point FI-11: -10.0 TI-1213: 2.0
Running point FI-11: -10.0 TI-1213: 4.0
Running point FI-11: -10.0 TI-1213: 6.0
Running point FI-11: -10.0 TI-1213: 8.0
Running point FI-11: -10.0 TI-1213: 10.0
Running point FI-11: -10.0 TI-1213: 12.0
Running point FI-11: -10.0 TI-1213: 14.0
Running point FI-11: -10.0 TI-1213: 16.0
Running point FI-11: -10.0 TI-1213: 18.0
Running point FI-11: -10.0 TI-1213: 20.0
Running point FI-11: -8.0 TI-1213: -20.0
Running point FI-11: -8.0 TI-1213: -18.0
Running point FI-11: -8.0 TI-1213: -16.0
Running point FI-11: -8.0 TI-1213: -14.0
Running point FI-11: -8.0 TI-1213: -12.0
Running point FI-11: -8.0 TI-1213: -10.0
Running point FI-11: -8.0 TI-1213: -8.0
Running point FI-11: -8.0 TI-1213: -6.0
Running point FI-11: -8.0 TI-1213: -4.0
Running point FI-11: -8.0 TI-1213: -2.0
Running point FI-11: -8.0 TI-1213: 0.0
Running point FI-11: -8.0 TI-1213: 2.0
Running point FI-11: -8.0 TI-1213: 4.0
Running point FI-11: -8.0 TI-1213: 6.0
Running point FI-11: -8.0 TI-1213: 8.0
Running point FI-11: -8.0 TI-1213: 10.0
Running point FI-11: -8.0 TI-1213: 12.0
Running point FI-11: -8.0 TI-1213: 14.0
Running point FI-11: -8.0 TI-1213: 16.0
Running point FI-11: -8.0 TI-1213: 18.0
Running point FI-11: -8.0 TI-1213: 20.0
Running point FI-11: -6.0 TI-1213: -20.0
Running point FI-11: -6.0 TI-1213: -18.0
Running point FI-11: -6.0 TI-1213: -16.0
Running point FI-11: -6.0 TI-1213: -14.0
Running point FI-11: -6.0 TI-1213: -12.0
Running point FI-11: -6.0 TI-1213: -10.0
Running point FI-11: -6.0 TI-1213: -8.0
Running point FI-11: -6.0 TI-1213: -6.0
Running point FI-11: -6.0 TI-1213: -4.0
Running point FI-11: -6.0 TI-1213: -2.0
Running point FI-11: -6.0 TI-1213: 0.0
Running point FI-11: -6.0 TI-1213: 2.0
Running point FI-11: -6.0 TI-1213: 4.0
Running point FI-11: -6.0 TI-1213: 6.0
Running point FI-11: -6.0 TI-1213: 8.0
Running point FI-11: -6.0 TI-1213: 10.0
Running point FI-11: -6.0 TI-1213: 12.0
Running point FI-11: -6.0 TI-1213: 14.0
Running point FI-11: -6.0 TI-1213: 16.0
Running point FI-11: -6.0 TI-1213: 18.0
Running point FI-11: -6.0 TI-1213: 20.0
Running point FI-11: -4.0 TI-1213: -20.0
Running point FI-11: -4.0 TI-1213: -18.0
Running point FI-11: -4.0 TI-1213: -16.0
Running point FI-11: -4.0 TI-1213: -14.0
Running point FI-11: -4.0 TI-1213: -12.0
Running point FI-11: -4.0 TI-1213: -10.0
Running point FI-11: -4.0 TI-1213: -8.0
Running point FI-11: -4.0 TI-1213: -6.0
Running point FI-11: -4.0 TI-1213: -4.0
Running point FI-11: -4.0 TI-1213: -2.0
Running point FI-11: -4.0 TI-1213: 0.0
Running point FI-11: -4.0 TI-1213: 2.0
Running point FI-11: -4.0 TI-1213: 4.0
Running point FI-11: -4.0 TI-1213: 6.0
Running point FI-11: -4.0 TI-1213: 8.0
Running point FI-11: -4.0 TI-1213: 10.0
Running point FI-11: -4.0 TI-1213: 12.0
Running point FI-11: -4.0 TI-1213: 14.0
Running point FI-11: -4.0 TI-1213: 16.0
Running point FI-11: -4.0 TI-1213: 18.0
Running point FI-11: -4.0 TI-1213: 20.0
Running point FI-11: -2.0 TI-1213: -20.0
Running point FI-11: -2.0 TI-1213: -18.0
Running point FI-11: -2.0 TI-1213: -16.0
Running point FI-11: -2.0 TI-1213: -14.0
Running point FI-11: -2.0 TI-1213: -12.0
Running point FI-11: -2.0 TI-1213: -10.0
Running point FI-11: -2.0 TI-1213: -8.0
Running point FI-11: -2.0 TI-1213: -6.0
Running point FI-11: -2.0 TI-1213: -4.0
Running point FI-11: -2.0 TI-1213: -2.0
Running point FI-11: -2.0 TI-1213: 0.0
Running point FI-11: -2.0 TI-1213: 2.0
Running point FI-11: -2.0 TI-1213: 4.0
Running point FI-11: -2.0 TI-1213: 6.0
Running point FI-11: -2.0 TI-1213: 8.0
Running point FI-11: -2.0 TI-1213: 10.0
Running point FI-11: -2.0 TI-1213: 12.0
Running point FI-11: -2.0 TI-1213: 14.0
Running point FI-11: -2.0 TI-1213: 16.0
Running point FI-11: -2.0 TI-1213: 18.0
Running point FI-11: -2.0 TI-1213: 20.0
Running point FI-11: 0.0 TI-1213: -20.0
Running point FI-11: 0.0 TI-1213: -18.0
Running point FI-11: 0.0 TI-1213: -16.0
Running point FI-11: 0.0 TI-1213: -14.0
Running point FI-11: 0.0 TI-1213: -12.0
Running point FI-11: 0.0 TI-1213: -10.0
Running point FI-11: 0.0 TI-1213: -8.0
Running point FI-11: 0.0 TI-1213: -6.0
Running point FI-11: 0.0 TI-1213: -4.0
Running point FI-11: 0.0 TI-1213: -2.0
Running point FI-11: 0.0 TI-1213: 0.0
Running point FI-11: 0.0 TI-1213: 2.0
Running point FI-11: 0.0 TI-1213: 4.0
Running point FI-11: 0.0 TI-1213: 6.0
Running point FI-11: 0.0 TI-1213: 8.0
Running point FI-11: 0.0 TI-1213: 10.0
Running point FI-11: 0.0 TI-1213: 12.0
Running point FI-11: 0.0 TI-1213: 14.0
Running point FI-11: 0.0 TI-1213: 16.0
Running point FI-11: 0.0 TI-1213: 18.0
Running point FI-11: 0.0 TI-1213: 20.0
Running point FI-11: 2.0 TI-1213: -20.0
Running point FI-11: 2.0 TI-1213: -18.0
Running point FI-11: 2.0 TI-1213: -16.0
Running point FI-11: 2.0 TI-1213: -14.0
Running point FI-11: 2.0 TI-1213: -12.0
Running point FI-11: 2.0 TI-1213: -10.0
Running point FI-11: 2.0 TI-1213: -8.0
Running point FI-11: 2.0 TI-1213: -6.0
Running point FI-11: 2.0 TI-1213: -4.0
Running point FI-11: 2.0 TI-1213: -2.0
Running point FI-11: 2.0 TI-1213: 0.0
Running point FI-11: 2.0 TI-1213: 2.0
Running point FI-11: 2.0 TI-1213: 4.0
Running point FI-11: 2.0 TI-1213: 6.0
Running point FI-11: 2.0 TI-1213: 8.0
Running point FI-11: 2.0 TI-1213: 10.0
Running point FI-11: 2.0 TI-1213: 12.0
Running point FI-11: 2.0 TI-1213: 14.0
Running point FI-11: 2.0 TI-1213: 16.0
Running point FI-11: 2.0 TI-1213: 18.0
Running point FI-11: 2.0 TI-1213: 20.0
Running point FI-11: 4.0 TI-1213: -20.0
Running point FI-11: 4.0 TI-1213: -18.0
Running point FI-11: 4.0 TI-1213: -16.0
Running point FI-11: 4.0 TI-1213: -14.0
Running point FI-11: 4.0 TI-1213: -12.0
Running point FI-11: 4.0 TI-1213: -10.0
Running point FI-11: 4.0 TI-1213: -8.0
Running point FI-11: 4.0 TI-1213: -6.0
Running point FI-11: 4.0 TI-1213: -4.0
Running point FI-11: 4.0 TI-1213: -2.0
Running point FI-11: 4.0 TI-1213: 0.0
Running point FI-11: 4.0 TI-1213: 2.0
Running point FI-11: 4.0 TI-1213: 4.0
Running point FI-11: 4.0 TI-1213: 6.0
Running point FI-11: 4.0 TI-1213: 8.0
Running point FI-11: 4.0 TI-1213: 10.0
Running point FI-11: 4.0 TI-1213: 12.0
Running point FI-11: 4.0 TI-1213: 14.0
Running point FI-11: 4.0 TI-1213: 16.0
Running point FI-11: 4.0 TI-1213: 18.0
Running point FI-11: 4.0 TI-1213: 20.0
Running point FI-11: 6.0 TI-1213: -20.0
Running point FI-11: 6.0 TI-1213: -18.0
Running point FI-11: 6.0 TI-1213: -16.0
Running point FI-11: 6.0 TI-1213: -14.0
Running point FI-11: 6.0 TI-1213: -12.0
Running point FI-11: 6.0 TI-1213: -10.0
Running point FI-11: 6.0 TI-1213: -8.0
Running point FI-11: 6.0 TI-1213: -6.0
Running point FI-11: 6.0 TI-1213: -4.0
Running point FI-11: 6.0 TI-1213: -2.0
Running point FI-11: 6.0 TI-1213: 0.0
Running point FI-11: 6.0 TI-1213: 2.0
Running point FI-11: 6.0 TI-1213: 4.0
Running point FI-11: 6.0 TI-1213: 6.0
Running point FI-11: 6.0 TI-1213: 8.0
Running point FI-11: 6.0 TI-1213: 10.0
Running point FI-11: 6.0 TI-1213: 12.0
Running point FI-11: 6.0 TI-1213: 14.0
Running point FI-11: 6.0 TI-1213: 16.0
Running point FI-11: 6.0 TI-1213: 18.0
Running point FI-11: 6.0 TI-1213: 20.0
Running point FI-11: 8.0 TI-1213: -20.0
Running point FI-11: 8.0 TI-1213: -18.0
Running point FI-11: 8.0 TI-1213: -16.0
Running point FI-11: 8.0 TI-1213: -14.0
Running point FI-11: 8.0 TI-1213: -12.0
Running point FI-11: 8.0 TI-1213: -10.0
Running point FI-11: 8.0 TI-1213: -8.0
Running point FI-11: 8.0 TI-1213: -6.0
Running point FI-11: 8.0 TI-1213: -4.0
Running point FI-11: 8.0 TI-1213: -2.0
Running point FI-11: 8.0 TI-1213: 0.0
Running point FI-11: 8.0 TI-1213: 2.0
Running point FI-11: 8.0 TI-1213: 4.0
Running point FI-11: 8.0 TI-1213: 6.0
Running point FI-11: 8.0 TI-1213: 8.0
Running point FI-11: 8.0 TI-1213: 10.0
Running point FI-11: 8.0 TI-1213: 12.0
Running point FI-11: 8.0 TI-1213: 14.0
Running point FI-11: 8.0 TI-1213: 16.0
Running point FI-11: 8.0 TI-1213: 18.0
Running point FI-11: 8.0 TI-1213: 20.0
Running point FI-11: 10.0 TI-1213: -20.0
Running point FI-11: 10.0 TI-1213: -18.0
Running point FI-11: 10.0 TI-1213: -16.0
Running point FI-11: 10.0 TI-1213: -14.0
Running point FI-11: 10.0 TI-1213: -12.0
Running point FI-11: 10.0 TI-1213: -10.0
Running point FI-11: 10.0 TI-1213: -8.0
Running point FI-11: 10.0 TI-1213: -6.0
Running point FI-11: 10.0 TI-1213: -4.0
Running point FI-11: 10.0 TI-1213: -2.0
Running point FI-11: 10.0 TI-1213: 0.0
Running point FI-11: 10.0 TI-1213: 2.0
Running point FI-11: 10.0 TI-1213: 4.0
Running point FI-11: 10.0 TI-1213: 6.0
Running point FI-11: 10.0 TI-1213: 8.0
Running point FI-11: 10.0 TI-1213: 10.0
Running point FI-11: 10.0 TI-1213: 12.0
Running point FI-11: 10.0 TI-1213: 14.0
Running point FI-11: 10.0 TI-1213: 16.0
Running point FI-11: 10.0 TI-1213: 18.0
Running point FI-11: 10.0 TI-1213: 20.0
Running point FI-11: 12.0 TI-1213: -20.0
Running point FI-11: 12.0 TI-1213: -18.0
Running point FI-11: 12.0 TI-1213: -16.0
Running point FI-11: 12.0 TI-1213: -14.0
Running point FI-11: 12.0 TI-1213: -12.0
Running point FI-11: 12.0 TI-1213: -10.0
Running point FI-11: 12.0 TI-1213: -8.0
Running point FI-11: 12.0 TI-1213: -6.0
Running point FI-11: 12.0 TI-1213: -4.0
Running point FI-11: 12.0 TI-1213: -2.0
Running point FI-11: 12.0 TI-1213: 0.0
Running point FI-11: 12.0 TI-1213: 2.0
Running point FI-11: 12.0 TI-1213: 4.0
Running point FI-11: 12.0 TI-1213: 6.0
Running point FI-11: 12.0 TI-1213: 8.0
Running point FI-11: 12.0 TI-1213: 10.0
Running point FI-11: 12.0 TI-1213: 12.0
Running point FI-11: 12.0 TI-1213: 14.0
Running point FI-11: 12.0 TI-1213: 16.0
Running point FI-11: 12.0 TI-1213: 18.0
Running point FI-11: 12.0 TI-1213: 20.0
Running point FI-11: 14.0 TI-1213: -20.0
Running point FI-11: 14.0 TI-1213: -18.0
Running point FI-11: 14.0 TI-1213: -16.0
Running point FI-11: 14.0 TI-1213: -14.0
Running point FI-11: 14.0 TI-1213: -12.0
Running point FI-11: 14.0 TI-1213: -10.0
Running point FI-11: 14.0 TI-1213: -8.0
Running point FI-11: 14.0 TI-1213: -6.0
Running point FI-11: 14.0 TI-1213: -4.0
Running point FI-11: 14.0 TI-1213: -2.0
Running point FI-11: 14.0 TI-1213: 0.0
Running point FI-11: 14.0 TI-1213: 2.0
Running point FI-11: 14.0 TI-1213: 4.0
Running point FI-11: 14.0 TI-1213: 6.0
Running point FI-11: 14.0 TI-1213: 8.0
Running point FI-11: 14.0 TI-1213: 10.0
Running point FI-11: 14.0 TI-1213: 12.0
Running point FI-11: 14.0 TI-1213: 14.0
Running point FI-11: 14.0 TI-1213: 16.0
Running point FI-11: 14.0 TI-1213: 18.0
Running point FI-11: 14.0 TI-1213: 20.0
Running point FI-11: 16.0 TI-1213: -20.0
Running point FI-11: 16.0 TI-1213: -18.0
Running point FI-11: 16.0 TI-1213: -16.0
Running point FI-11: 16.0 TI-1213: -14.0
Running point FI-11: 16.0 TI-1213: -12.0
Running point FI-11: 16.0 TI-1213: -10.0
Running point FI-11: 16.0 TI-1213: -8.0
Running point FI-11: 16.0 TI-1213: -6.0
Running point FI-11: 16.0 TI-1213: -4.0
Running point FI-11: 16.0 TI-1213: -2.0
Running point FI-11: 16.0 TI-1213: 0.0
Running point FI-11: 16.0 TI-1213: 2.0
Running point FI-11: 16.0 TI-1213: 4.0
Running point FI-11: 16.0 TI-1213: 6.0
Running point FI-11: 16.0 TI-1213: 8.0
Running point FI-11: 16.0 TI-1213: 10.0
Running point FI-11: 16.0 TI-1213: 12.0
Running point FI-11: 16.0 TI-1213: 14.0
Running point FI-11: 16.0 TI-1213: 16.0
Running point FI-11: 16.0 TI-1213: 18.0
Running point FI-11: 16.0 TI-1213: 20.0
Running point FI-11: 18.0 TI-1213: -20.0
Running point FI-11: 18.0 TI-1213: -18.0
Running point FI-11: 18.0 TI-1213: -16.0
Running point FI-11: 18.0 TI-1213: -14.0
Running point FI-11: 18.0 TI-1213: -12.0
Running point FI-11: 18.0 TI-1213: -10.0
Running point FI-11: 18.0 TI-1213: -8.0
Running point FI-11: 18.0 TI-1213: -6.0
Running point FI-11: 18.0 TI-1213: -4.0
Running point FI-11: 18.0 TI-1213: -2.0
Running point FI-11: 18.0 TI-1213: 0.0
Running point FI-11: 18.0 TI-1213: 2.0
Running point FI-11: 18.0 TI-1213: 4.0
Running point FI-11: 18.0 TI-1213: 6.0
Running point FI-11: 18.0 TI-1213: 8.0
Running point FI-11: 18.0 TI-1213: 10.0
Running point FI-11: 18.0 TI-1213: 12.0
Running point FI-11: 18.0 TI-1213: 14.0
Running point FI-11: 18.0 TI-1213: 16.0
Running point FI-11: 18.0 TI-1213: 18.0
Running point FI-11: 18.0 TI-1213: 20.0
Running point FI-11: 20.0 TI-1213: -20.0
Running point FI-11: 20.0 TI-1213: -18.0
Running point FI-11: 20.0 TI-1213: -16.0
Running point FI-11: 20.0 TI-1213: -14.0
Running point FI-11: 20.0 TI-1213: -12.0
Running point FI-11: 20.0 TI-1213: -10.0
Running point FI-11: 20.0 TI-1213: -8.0
Running point FI-11: 20.0 TI-1213: -6.0
Running point FI-11: 20.0 TI-1213: -4.0
Running point FI-11: 20.0 TI-1213: -2.0
Running point FI-11: 20.0 TI-1213: 0.0
Running point FI-11: 20.0 TI-1213: 2.0
Running point FI-11: 20.0 TI-1213: 4.0
Running point FI-11: 20.0 TI-1213: 6.0
Running point FI-11: 20.0 TI-1213: 8.0
Running point FI-11: 20.0 TI-1213: 10.0
Running point FI-11: 20.0 TI-1213: 12.0
Running point FI-11: 20.0 TI-1213: 14.0
Running point FI-11: 20.0 TI-1213: 16.0
Running point FI-11: 20.0 TI-1213: 18.0
Running point FI-11: 20.0 TI-1213: 20.0
