[2021-05-15 01:43:09,842] WARNING | darts.models | Support Facebook Prophet is not available. To enable it, install u8darts[fbprophet] or u8darts[all].
loading model_best_10.pth.tar
loading model_best_10.pth.tar
starting run
Running point TI-1213: -20.0 FI-20: -20.0
Running point TI-1213: -20.0 FI-20: -18.0
Running point TI-1213: -20.0 FI-20: -16.0
Running point TI-1213: -20.0 FI-20: -14.0
Running point TI-1213: -20.0 FI-20: -12.0
Running point TI-1213: -20.0 FI-20: -10.0
Running point TI-1213: -20.0 FI-20: -8.0
Running point TI-1213: -20.0 FI-20: -6.0
Running point TI-1213: -20.0 FI-20: -4.0
Running point TI-1213: -20.0 FI-20: -2.0
Running point TI-1213: -20.0 FI-20: 0.0
Running point TI-1213: -20.0 FI-20: 2.0
Running point TI-1213: -20.0 FI-20: 4.0
Running point TI-1213: -20.0 FI-20: 6.0
Running point TI-1213: -20.0 FI-20: 8.0
Running point TI-1213: -20.0 FI-20: 10.0
Running point TI-1213: -20.0 FI-20: 12.0
Running point TI-1213: -20.0 FI-20: 14.0
Running point TI-1213: -20.0 FI-20: 16.0
Running point TI-1213: -20.0 FI-20: 18.0
Running point TI-1213: -20.0 FI-20: 20.0
Running point TI-1213: -18.0 FI-20: -20.0
Running point TI-1213: -18.0 FI-20: -18.0
Running point TI-1213: -18.0 FI-20: -16.0
Running point TI-1213: -18.0 FI-20: -14.0
Running point TI-1213: -18.0 FI-20: -12.0
Running point TI-1213: -18.0 FI-20: -10.0
Running point TI-1213: -18.0 FI-20: -8.0
Running point TI-1213: -18.0 FI-20: -6.0
Running point TI-1213: -18.0 FI-20: -4.0
Running point TI-1213: -18.0 FI-20: -2.0
Running point TI-1213: -18.0 FI-20: 0.0
Running point TI-1213: -18.0 FI-20: 2.0
Running point TI-1213: -18.0 FI-20: 4.0
Running point TI-1213: -18.0 FI-20: 6.0
Running point TI-1213: -18.0 FI-20: 8.0
Running point TI-1213: -18.0 FI-20: 10.0
Running point TI-1213: -18.0 FI-20: 12.0
Running point TI-1213: -18.0 FI-20: 14.0
Running point TI-1213: -18.0 FI-20: 16.0
Running point TI-1213: -18.0 FI-20: 18.0
Running point TI-1213: -18.0 FI-20: 20.0
Running point TI-1213: -16.0 FI-20: -20.0
Running point TI-1213: -16.0 FI-20: -18.0
Running point TI-1213: -16.0 FI-20: -16.0
Running point TI-1213: -16.0 FI-20: -14.0
Running point TI-1213: -16.0 FI-20: -12.0
Running point TI-1213: -16.0 FI-20: -10.0
Running point TI-1213: -16.0 FI-20: -8.0
Running point TI-1213: -16.0 FI-20: -6.0
Running point TI-1213: -16.0 FI-20: -4.0
Running point TI-1213: -16.0 FI-20: -2.0
Running point TI-1213: -16.0 FI-20: 0.0
Running point TI-1213: -16.0 FI-20: 2.0
Running point TI-1213: -16.0 FI-20: 4.0
Running point TI-1213: -16.0 FI-20: 6.0
Running point TI-1213: -16.0 FI-20: 8.0
Running point TI-1213: -16.0 FI-20: 10.0
Running point TI-1213: -16.0 FI-20: 12.0
Running point TI-1213: -16.0 FI-20: 14.0
Running point TI-1213: -16.0 FI-20: 16.0
Running point TI-1213: -16.0 FI-20: 18.0
Running point TI-1213: -16.0 FI-20: 20.0
Running point TI-1213: -14.0 FI-20: -20.0
Running point TI-1213: -14.0 FI-20: -18.0
Running point TI-1213: -14.0 FI-20: -16.0
Running point TI-1213: -14.0 FI-20: -14.0
Running point TI-1213: -14.0 FI-20: -12.0
Running point TI-1213: -14.0 FI-20: -10.0
Running point TI-1213: -14.0 FI-20: -8.0
Running point TI-1213: -14.0 FI-20: -6.0
Running point TI-1213: -14.0 FI-20: -4.0
Running point TI-1213: -14.0 FI-20: -2.0
Running point TI-1213: -14.0 FI-20: 0.0
Running point TI-1213: -14.0 FI-20: 2.0
Running point TI-1213: -14.0 FI-20: 4.0
Running point TI-1213: -14.0 FI-20: 6.0
Running point TI-1213: -14.0 FI-20: 8.0
Running point TI-1213: -14.0 FI-20: 10.0
Running point TI-1213: -14.0 FI-20: 12.0
Running point TI-1213: -14.0 FI-20: 14.0
Running point TI-1213: -14.0 FI-20: 16.0
Running point TI-1213: -14.0 FI-20: 18.0
Running point TI-1213: -14.0 FI-20: 20.0
Running point TI-1213: -12.0 FI-20: -20.0
Running point TI-1213: -12.0 FI-20: -18.0
Running point TI-1213: -12.0 FI-20: -16.0
Running point TI-1213: -12.0 FI-20: -14.0
Running point TI-1213: -12.0 FI-20: -12.0
Running point TI-1213: -12.0 FI-20: -10.0
Running point TI-1213: -12.0 FI-20: -8.0
Running point TI-1213: -12.0 FI-20: -6.0
Running point TI-1213: -12.0 FI-20: -4.0
Running point TI-1213: -12.0 FI-20: -2.0
Running point TI-1213: -12.0 FI-20: 0.0
Running point TI-1213: -12.0 FI-20: 2.0
Running point TI-1213: -12.0 FI-20: 4.0
Running point TI-1213: -12.0 FI-20: 6.0
Running point TI-1213: -12.0 FI-20: 8.0
Running point TI-1213: -12.0 FI-20: 10.0
Running point TI-1213: -12.0 FI-20: 12.0
Running point TI-1213: -12.0 FI-20: 14.0
Running point TI-1213: -12.0 FI-20: 16.0
Running point TI-1213: -12.0 FI-20: 18.0
Running point TI-1213: -12.0 FI-20: 20.0
Running point TI-1213: -10.0 FI-20: -20.0
Running point TI-1213: -10.0 FI-20: -18.0
Running point TI-1213: -10.0 FI-20: -16.0
Running point TI-1213: -10.0 FI-20: -14.0
Running point TI-1213: -10.0 FI-20: -12.0
Running point TI-1213: -10.0 FI-20: -10.0
Running point TI-1213: -10.0 FI-20: -8.0
Running point TI-1213: -10.0 FI-20: -6.0
Running point TI-1213: -10.0 FI-20: -4.0
Running point TI-1213: -10.0 FI-20: -2.0
Running point TI-1213: -10.0 FI-20: 0.0
Running point TI-1213: -10.0 FI-20: 2.0
Running point TI-1213: -10.0 FI-20: 4.0
Running point TI-1213: -10.0 FI-20: 6.0
Running point TI-1213: -10.0 FI-20: 8.0
Running point TI-1213: -10.0 FI-20: 10.0
Running point TI-1213: -10.0 FI-20: 12.0
Running point TI-1213: -10.0 FI-20: 14.0
Running point TI-1213: -10.0 FI-20: 16.0
Running point TI-1213: -10.0 FI-20: 18.0
Running point TI-1213: -10.0 FI-20: 20.0
Running point TI-1213: -8.0 FI-20: -20.0
Running point TI-1213: -8.0 FI-20: -18.0
Running point TI-1213: -8.0 FI-20: -16.0
Running point TI-1213: -8.0 FI-20: -14.0
Running point TI-1213: -8.0 FI-20: -12.0
Running point TI-1213: -8.0 FI-20: -10.0
Running point TI-1213: -8.0 FI-20: -8.0
Running point TI-1213: -8.0 FI-20: -6.0
Running point TI-1213: -8.0 FI-20: -4.0
Running point TI-1213: -8.0 FI-20: -2.0
Running point TI-1213: -8.0 FI-20: 0.0
Running point TI-1213: -8.0 FI-20: 2.0
Running point TI-1213: -8.0 FI-20: 4.0
Running point TI-1213: -8.0 FI-20: 6.0
Running point TI-1213: -8.0 FI-20: 8.0
Running point TI-1213: -8.0 FI-20: 10.0
Running point TI-1213: -8.0 FI-20: 12.0
Running point TI-1213: -8.0 FI-20: 14.0
Running point TI-1213: -8.0 FI-20: 16.0
Running point TI-1213: -8.0 FI-20: 18.0
Running point TI-1213: -8.0 FI-20: 20.0
Running point TI-1213: -6.0 FI-20: -20.0
Running point TI-1213: -6.0 FI-20: -18.0
Running point TI-1213: -6.0 FI-20: -16.0
Running point TI-1213: -6.0 FI-20: -14.0
Running point TI-1213: -6.0 FI-20: -12.0
Running point TI-1213: -6.0 FI-20: -10.0
Running point TI-1213: -6.0 FI-20: -8.0
Running point TI-1213: -6.0 FI-20: -6.0
Running point TI-1213: -6.0 FI-20: -4.0
Running point TI-1213: -6.0 FI-20: -2.0
Running point TI-1213: -6.0 FI-20: 0.0
Running point TI-1213: -6.0 FI-20: 2.0
Running point TI-1213: -6.0 FI-20: 4.0
Running point TI-1213: -6.0 FI-20: 6.0
Running point TI-1213: -6.0 FI-20: 8.0
Running point TI-1213: -6.0 FI-20: 10.0
Running point TI-1213: -6.0 FI-20: 12.0
Running point TI-1213: -6.0 FI-20: 14.0
Running point TI-1213: -6.0 FI-20: 16.0
Running point TI-1213: -6.0 FI-20: 18.0
Running point TI-1213: -6.0 FI-20: 20.0
Running point TI-1213: -4.0 FI-20: -20.0
Running point TI-1213: -4.0 FI-20: -18.0
Running point TI-1213: -4.0 FI-20: -16.0
Running point TI-1213: -4.0 FI-20: -14.0
Running point TI-1213: -4.0 FI-20: -12.0
Running point TI-1213: -4.0 FI-20: -10.0
Running point TI-1213: -4.0 FI-20: -8.0
Running point TI-1213: -4.0 FI-20: -6.0
Running point TI-1213: -4.0 FI-20: -4.0
Running point TI-1213: -4.0 FI-20: -2.0
Running point TI-1213: -4.0 FI-20: 0.0
Running point TI-1213: -4.0 FI-20: 2.0
Running point TI-1213: -4.0 FI-20: 4.0
Running point TI-1213: -4.0 FI-20: 6.0
Running point TI-1213: -4.0 FI-20: 8.0
Running point TI-1213: -4.0 FI-20: 10.0
Running point TI-1213: -4.0 FI-20: 12.0
Running point TI-1213: -4.0 FI-20: 14.0
Running point TI-1213: -4.0 FI-20: 16.0
Running point TI-1213: -4.0 FI-20: 18.0
Running point TI-1213: -4.0 FI-20: 20.0
Running point TI-1213: -2.0 FI-20: -20.0
Running point TI-1213: -2.0 FI-20: -18.0
Running point TI-1213: -2.0 FI-20: -16.0
Running point TI-1213: -2.0 FI-20: -14.0
Running point TI-1213: -2.0 FI-20: -12.0
Running point TI-1213: -2.0 FI-20: -10.0
Running point TI-1213: -2.0 FI-20: -8.0
Running point TI-1213: -2.0 FI-20: -6.0
Running point TI-1213: -2.0 FI-20: -4.0
Running point TI-1213: -2.0 FI-20: -2.0
Running point TI-1213: -2.0 FI-20: 0.0
Running point TI-1213: -2.0 FI-20: 2.0
Running point TI-1213: -2.0 FI-20: 4.0
Running point TI-1213: -2.0 FI-20: 6.0
Running point TI-1213: -2.0 FI-20: 8.0
Running point TI-1213: -2.0 FI-20: 10.0
Running point TI-1213: -2.0 FI-20: 12.0
Running point TI-1213: -2.0 FI-20: 14.0
Running point TI-1213: -2.0 FI-20: 16.0
Running point TI-1213: -2.0 FI-20: 18.0
Running point TI-1213: -2.0 FI-20: 20.0
Running point TI-1213: 0.0 FI-20: -20.0
Running point TI-1213: 0.0 FI-20: -18.0
Running point TI-1213: 0.0 FI-20: -16.0
Running point TI-1213: 0.0 FI-20: -14.0
Running point TI-1213: 0.0 FI-20: -12.0
Running point TI-1213: 0.0 FI-20: -10.0
Running point TI-1213: 0.0 FI-20: -8.0
Running point TI-1213: 0.0 FI-20: -6.0
Running point TI-1213: 0.0 FI-20: -4.0
Running point TI-1213: 0.0 FI-20: -2.0
Running point TI-1213: 0.0 FI-20: 0.0
Running point TI-1213: 0.0 FI-20: 2.0
Running point TI-1213: 0.0 FI-20: 4.0
Running point TI-1213: 0.0 FI-20: 6.0
Running point TI-1213: 0.0 FI-20: 8.0
Running point TI-1213: 0.0 FI-20: 10.0
Running point TI-1213: 0.0 FI-20: 12.0
Running point TI-1213: 0.0 FI-20: 14.0
Running point TI-1213: 0.0 FI-20: 16.0
Running point TI-1213: 0.0 FI-20: 18.0
Running point TI-1213: 0.0 FI-20: 20.0
Running point TI-1213: 2.0 FI-20: -20.0
Running point TI-1213: 2.0 FI-20: -18.0
Running point TI-1213: 2.0 FI-20: -16.0
Running point TI-1213: 2.0 FI-20: -14.0
Running point TI-1213: 2.0 FI-20: -12.0
Running point TI-1213: 2.0 FI-20: -10.0
Running point TI-1213: 2.0 FI-20: -8.0
Running point TI-1213: 2.0 FI-20: -6.0
Running point TI-1213: 2.0 FI-20: -4.0
Running point TI-1213: 2.0 FI-20: -2.0
Running point TI-1213: 2.0 FI-20: 0.0
Running point TI-1213: 2.0 FI-20: 2.0
Running point TI-1213: 2.0 FI-20: 4.0
Running point TI-1213: 2.0 FI-20: 6.0
Running point TI-1213: 2.0 FI-20: 8.0
Running point TI-1213: 2.0 FI-20: 10.0
Running point TI-1213: 2.0 FI-20: 12.0
Running point TI-1213: 2.0 FI-20: 14.0
Running point TI-1213: 2.0 FI-20: 16.0
Running point TI-1213: 2.0 FI-20: 18.0
Running point TI-1213: 2.0 FI-20: 20.0
Running point TI-1213: 4.0 FI-20: -20.0
Running point TI-1213: 4.0 FI-20: -18.0
Running point TI-1213: 4.0 FI-20: -16.0
Running point TI-1213: 4.0 FI-20: -14.0
Running point TI-1213: 4.0 FI-20: -12.0
Running point TI-1213: 4.0 FI-20: -10.0
Running point TI-1213: 4.0 FI-20: -8.0
Running point TI-1213: 4.0 FI-20: -6.0
Running point TI-1213: 4.0 FI-20: -4.0
Running point TI-1213: 4.0 FI-20: -2.0
Running point TI-1213: 4.0 FI-20: 0.0
Running point TI-1213: 4.0 FI-20: 2.0
Running point TI-1213: 4.0 FI-20: 4.0
Running point TI-1213: 4.0 FI-20: 6.0
Running point TI-1213: 4.0 FI-20: 8.0
Running point TI-1213: 4.0 FI-20: 10.0
Running point TI-1213: 4.0 FI-20: 12.0
Running point TI-1213: 4.0 FI-20: 14.0
Running point TI-1213: 4.0 FI-20: 16.0
Running point TI-1213: 4.0 FI-20: 18.0
Running point TI-1213: 4.0 FI-20: 20.0
Running point TI-1213: 6.0 FI-20: -20.0
Running point TI-1213: 6.0 FI-20: -18.0
Running point TI-1213: 6.0 FI-20: -16.0
Running point TI-1213: 6.0 FI-20: -14.0
Running point TI-1213: 6.0 FI-20: -12.0
Running point TI-1213: 6.0 FI-20: -10.0
Running point TI-1213: 6.0 FI-20: -8.0
Running point TI-1213: 6.0 FI-20: -6.0
Running point TI-1213: 6.0 FI-20: -4.0
Running point TI-1213: 6.0 FI-20: -2.0
Running point TI-1213: 6.0 FI-20: 0.0
Running point TI-1213: 6.0 FI-20: 2.0
Running point TI-1213: 6.0 FI-20: 4.0
Running point TI-1213: 6.0 FI-20: 6.0
Running point TI-1213: 6.0 FI-20: 8.0
Running point TI-1213: 6.0 FI-20: 10.0
Running point TI-1213: 6.0 FI-20: 12.0
Running point TI-1213: 6.0 FI-20: 14.0
Running point TI-1213: 6.0 FI-20: 16.0
Running point TI-1213: 6.0 FI-20: 18.0
Running point TI-1213: 6.0 FI-20: 20.0
Running point TI-1213: 8.0 FI-20: -20.0
Running point TI-1213: 8.0 FI-20: -18.0
Running point TI-1213: 8.0 FI-20: -16.0
Running point TI-1213: 8.0 FI-20: -14.0
Running point TI-1213: 8.0 FI-20: -12.0
Running point TI-1213: 8.0 FI-20: -10.0
Running point TI-1213: 8.0 FI-20: -8.0
Running point TI-1213: 8.0 FI-20: -6.0
Running point TI-1213: 8.0 FI-20: -4.0
Running point TI-1213: 8.0 FI-20: -2.0
Running point TI-1213: 8.0 FI-20: 0.0
Running point TI-1213: 8.0 FI-20: 2.0
Running point TI-1213: 8.0 FI-20: 4.0
Running point TI-1213: 8.0 FI-20: 6.0
Running point TI-1213: 8.0 FI-20: 8.0
Running point TI-1213: 8.0 FI-20: 10.0
Running point TI-1213: 8.0 FI-20: 12.0
Running point TI-1213: 8.0 FI-20: 14.0
Running point TI-1213: 8.0 FI-20: 16.0
Running point TI-1213: 8.0 FI-20: 18.0
Running point TI-1213: 8.0 FI-20: 20.0
Running point TI-1213: 10.0 FI-20: -20.0
Running point TI-1213: 10.0 FI-20: -18.0
Running point TI-1213: 10.0 FI-20: -16.0
Running point TI-1213: 10.0 FI-20: -14.0
Running point TI-1213: 10.0 FI-20: -12.0
Running point TI-1213: 10.0 FI-20: -10.0
Running point TI-1213: 10.0 FI-20: -8.0
Running point TI-1213: 10.0 FI-20: -6.0
Running point TI-1213: 10.0 FI-20: -4.0
Running point TI-1213: 10.0 FI-20: -2.0
Running point TI-1213: 10.0 FI-20: 0.0
Running point TI-1213: 10.0 FI-20: 2.0
Running point TI-1213: 10.0 FI-20: 4.0
Running point TI-1213: 10.0 FI-20: 6.0
Running point TI-1213: 10.0 FI-20: 8.0
Running point TI-1213: 10.0 FI-20: 10.0
Running point TI-1213: 10.0 FI-20: 12.0
Running point TI-1213: 10.0 FI-20: 14.0
Running point TI-1213: 10.0 FI-20: 16.0
Running point TI-1213: 10.0 FI-20: 18.0
Running point TI-1213: 10.0 FI-20: 20.0
Running point TI-1213: 12.0 FI-20: -20.0
Running point TI-1213: 12.0 FI-20: -18.0
Running point TI-1213: 12.0 FI-20: -16.0
Running point TI-1213: 12.0 FI-20: -14.0
Running point TI-1213: 12.0 FI-20: -12.0
Running point TI-1213: 12.0 FI-20: -10.0
Running point TI-1213: 12.0 FI-20: -8.0
Running point TI-1213: 12.0 FI-20: -6.0
Running point TI-1213: 12.0 FI-20: -4.0
Running point TI-1213: 12.0 FI-20: -2.0
Running point TI-1213: 12.0 FI-20: 0.0
Running point TI-1213: 12.0 FI-20: 2.0
Running point TI-1213: 12.0 FI-20: 4.0
Running point TI-1213: 12.0 FI-20: 6.0
Running point TI-1213: 12.0 FI-20: 8.0
Running point TI-1213: 12.0 FI-20: 10.0
Running point TI-1213: 12.0 FI-20: 12.0
Running point TI-1213: 12.0 FI-20: 14.0
Running point TI-1213: 12.0 FI-20: 16.0
Running point TI-1213: 12.0 FI-20: 18.0
Running point TI-1213: 12.0 FI-20: 20.0
Running point TI-1213: 14.0 FI-20: -20.0
Running point TI-1213: 14.0 FI-20: -18.0
Running point TI-1213: 14.0 FI-20: -16.0
Running point TI-1213: 14.0 FI-20: -14.0
Running point TI-1213: 14.0 FI-20: -12.0
Running point TI-1213: 14.0 FI-20: -10.0
Running point TI-1213: 14.0 FI-20: -8.0
Running point TI-1213: 14.0 FI-20: -6.0
Running point TI-1213: 14.0 FI-20: -4.0
Running point TI-1213: 14.0 FI-20: -2.0
Running point TI-1213: 14.0 FI-20: 0.0
Running point TI-1213: 14.0 FI-20: 2.0
Running point TI-1213: 14.0 FI-20: 4.0
Running point TI-1213: 14.0 FI-20: 6.0
Running point TI-1213: 14.0 FI-20: 8.0
Running point TI-1213: 14.0 FI-20: 10.0
Running point TI-1213: 14.0 FI-20: 12.0
Running point TI-1213: 14.0 FI-20: 14.0
Running point TI-1213: 14.0 FI-20: 16.0
Running point TI-1213: 14.0 FI-20: 18.0
Running point TI-1213: 14.0 FI-20: 20.0
Running point TI-1213: 16.0 FI-20: -20.0
Running point TI-1213: 16.0 FI-20: -18.0
Running point TI-1213: 16.0 FI-20: -16.0
Running point TI-1213: 16.0 FI-20: -14.0
Running point TI-1213: 16.0 FI-20: -12.0
Running point TI-1213: 16.0 FI-20: -10.0
Running point TI-1213: 16.0 FI-20: -8.0
Running point TI-1213: 16.0 FI-20: -6.0
Running point TI-1213: 16.0 FI-20: -4.0
Running point TI-1213: 16.0 FI-20: -2.0
Running point TI-1213: 16.0 FI-20: 0.0
Running point TI-1213: 16.0 FI-20: 2.0
Running point TI-1213: 16.0 FI-20: 4.0
Running point TI-1213: 16.0 FI-20: 6.0
Running point TI-1213: 16.0 FI-20: 8.0
Running point TI-1213: 16.0 FI-20: 10.0
Running point TI-1213: 16.0 FI-20: 12.0
Running point TI-1213: 16.0 FI-20: 14.0
Running point TI-1213: 16.0 FI-20: 16.0
Running point TI-1213: 16.0 FI-20: 18.0
Running point TI-1213: 16.0 FI-20: 20.0
Running point TI-1213: 18.0 FI-20: -20.0
Running point TI-1213: 18.0 FI-20: -18.0
Running point TI-1213: 18.0 FI-20: -16.0
Running point TI-1213: 18.0 FI-20: -14.0
Running point TI-1213: 18.0 FI-20: -12.0
Running point TI-1213: 18.0 FI-20: -10.0
Running point TI-1213: 18.0 FI-20: -8.0
Running point TI-1213: 18.0 FI-20: -6.0
Running point TI-1213: 18.0 FI-20: -4.0
Running point TI-1213: 18.0 FI-20: -2.0
Running point TI-1213: 18.0 FI-20: 0.0
Running point TI-1213: 18.0 FI-20: 2.0
Running point TI-1213: 18.0 FI-20: 4.0
Running point TI-1213: 18.0 FI-20: 6.0
Running point TI-1213: 18.0 FI-20: 8.0
Running point TI-1213: 18.0 FI-20: 10.0
Running point TI-1213: 18.0 FI-20: 12.0
Running point TI-1213: 18.0 FI-20: 14.0
Running point TI-1213: 18.0 FI-20: 16.0
Running point TI-1213: 18.0 FI-20: 18.0
Running point TI-1213: 18.0 FI-20: 20.0
Running point TI-1213: 20.0 FI-20: -20.0
Running point TI-1213: 20.0 FI-20: -18.0
Running point TI-1213: 20.0 FI-20: -16.0
Running point TI-1213: 20.0 FI-20: -14.0
Running point TI-1213: 20.0 FI-20: -12.0
Running point TI-1213: 20.0 FI-20: -10.0
Running point TI-1213: 20.0 FI-20: -8.0
Running point TI-1213: 20.0 FI-20: -6.0
Running point TI-1213: 20.0 FI-20: -4.0
Running point TI-1213: 20.0 FI-20: -2.0
Running point TI-1213: 20.0 FI-20: 0.0
Running point TI-1213: 20.0 FI-20: 2.0
Running point TI-1213: 20.0 FI-20: 4.0
Running point TI-1213: 20.0 FI-20: 6.0
Running point TI-1213: 20.0 FI-20: 8.0
Running point TI-1213: 20.0 FI-20: 10.0
Running point TI-1213: 20.0 FI-20: 12.0
Running point TI-1213: 20.0 FI-20: 14.0
Running point TI-1213: 20.0 FI-20: 16.0
Running point TI-1213: 20.0 FI-20: 18.0
Running point TI-1213: 20.0 FI-20: 20.0
