[2021-05-15 01:43:09,842] WARNING | darts.models | Support Facebook Prophet is not available. To enable it, install u8darts[fbprophet] or u8darts[all].
loading model_best_10.pth.tar
loading model_best_10.pth.tar
starting run
Running point FI-20: -20.0 FI-20/FI-23: -20.0
Running point FI-20: -20.0 FI-20/FI-23: -18.0
Running point FI-20: -20.0 FI-20/FI-23: -16.0
Running point FI-20: -20.0 FI-20/FI-23: -14.0
Running point FI-20: -20.0 FI-20/FI-23: -12.0
Running point FI-20: -20.0 FI-20/FI-23: -10.0
Running point FI-20: -20.0 FI-20/FI-23: -8.0
Running point FI-20: -20.0 FI-20/FI-23: -6.0
Running point FI-20: -20.0 FI-20/FI-23: -4.0
Running point FI-20: -20.0 FI-20/FI-23: -2.0
Running point FI-20: -20.0 FI-20/FI-23: 0.0
Running point FI-20: -20.0 FI-20/FI-23: 2.0
Running point FI-20: -20.0 FI-20/FI-23: 4.0
Running point FI-20: -20.0 FI-20/FI-23: 6.0
Running point FI-20: -20.0 FI-20/FI-23: 8.0
Running point FI-20: -20.0 FI-20/FI-23: 10.0
Running point FI-20: -20.0 FI-20/FI-23: 12.0
Running point FI-20: -20.0 FI-20/FI-23: 14.0
Running point FI-20: -20.0 FI-20/FI-23: 16.0
Running point FI-20: -20.0 FI-20/FI-23: 18.0
Running point FI-20: -20.0 FI-20/FI-23: 20.0
Running point FI-20: -18.0 FI-20/FI-23: -20.0
Running point FI-20: -18.0 FI-20/FI-23: -18.0
Running point FI-20: -18.0 FI-20/FI-23: -16.0
Running point FI-20: -18.0 FI-20/FI-23: -14.0
Running point FI-20: -18.0 FI-20/FI-23: -12.0
Running point FI-20: -18.0 FI-20/FI-23: -10.0
Running point FI-20: -18.0 FI-20/FI-23: -8.0
Running point FI-20: -18.0 FI-20/FI-23: -6.0
Running point FI-20: -18.0 FI-20/FI-23: -4.0
Running point FI-20: -18.0 FI-20/FI-23: -2.0
Running point FI-20: -18.0 FI-20/FI-23: 0.0
Running point FI-20: -18.0 FI-20/FI-23: 2.0
Running point FI-20: -18.0 FI-20/FI-23: 4.0
Running point FI-20: -18.0 FI-20/FI-23: 6.0
Running point FI-20: -18.0 FI-20/FI-23: 8.0
Running point FI-20: -18.0 FI-20/FI-23: 10.0
Running point FI-20: -18.0 FI-20/FI-23: 12.0
Running point FI-20: -18.0 FI-20/FI-23: 14.0
Running point FI-20: -18.0 FI-20/FI-23: 16.0
Running point FI-20: -18.0 FI-20/FI-23: 18.0
Running point FI-20: -18.0 FI-20/FI-23: 20.0
Running point FI-20: -16.0 FI-20/FI-23: -20.0
Running point FI-20: -16.0 FI-20/FI-23: -18.0
Running point FI-20: -16.0 FI-20/FI-23: -16.0
Running point FI-20: -16.0 FI-20/FI-23: -14.0
Running point FI-20: -16.0 FI-20/FI-23: -12.0
Running point FI-20: -16.0 FI-20/FI-23: -10.0
Running point FI-20: -16.0 FI-20/FI-23: -8.0
Running point FI-20: -16.0 FI-20/FI-23: -6.0
Running point FI-20: -16.0 FI-20/FI-23: -4.0
Running point FI-20: -16.0 FI-20/FI-23: -2.0
Running point FI-20: -16.0 FI-20/FI-23: 0.0
Running point FI-20: -16.0 FI-20/FI-23: 2.0
Running point FI-20: -16.0 FI-20/FI-23: 4.0
Running point FI-20: -16.0 FI-20/FI-23: 6.0
Running point FI-20: -16.0 FI-20/FI-23: 8.0
Running point FI-20: -16.0 FI-20/FI-23: 10.0
Running point FI-20: -16.0 FI-20/FI-23: 12.0
Running point FI-20: -16.0 FI-20/FI-23: 14.0
Running point FI-20: -16.0 FI-20/FI-23: 16.0
Running point FI-20: -16.0 FI-20/FI-23: 18.0
Running point FI-20: -16.0 FI-20/FI-23: 20.0
Running point FI-20: -14.0 FI-20/FI-23: -20.0
Running point FI-20: -14.0 FI-20/FI-23: -18.0
Running point FI-20: -14.0 FI-20/FI-23: -16.0
Running point FI-20: -14.0 FI-20/FI-23: -14.0
Running point FI-20: -14.0 FI-20/FI-23: -12.0
Running point FI-20: -14.0 FI-20/FI-23: -10.0
Running point FI-20: -14.0 FI-20/FI-23: -8.0
Running point FI-20: -14.0 FI-20/FI-23: -6.0
Running point FI-20: -14.0 FI-20/FI-23: -4.0
Running point FI-20: -14.0 FI-20/FI-23: -2.0
Running point FI-20: -14.0 FI-20/FI-23: 0.0
Running point FI-20: -14.0 FI-20/FI-23: 2.0
Running point FI-20: -14.0 FI-20/FI-23: 4.0
Running point FI-20: -14.0 FI-20/FI-23: 6.0
Running point FI-20: -14.0 FI-20/FI-23: 8.0
Running point FI-20: -14.0 FI-20/FI-23: 10.0
Running point FI-20: -14.0 FI-20/FI-23: 12.0
Running point FI-20: -14.0 FI-20/FI-23: 14.0
Running point FI-20: -14.0 FI-20/FI-23: 16.0
Running point FI-20: -14.0 FI-20/FI-23: 18.0
Running point FI-20: -14.0 FI-20/FI-23: 20.0
Running point FI-20: -12.0 FI-20/FI-23: -20.0
Running point FI-20: -12.0 FI-20/FI-23: -18.0
Running point FI-20: -12.0 FI-20/FI-23: -16.0
Running point FI-20: -12.0 FI-20/FI-23: -14.0
Running point FI-20: -12.0 FI-20/FI-23: -12.0
Running point FI-20: -12.0 FI-20/FI-23: -10.0
Running point FI-20: -12.0 FI-20/FI-23: -8.0
Running point FI-20: -12.0 FI-20/FI-23: -6.0
Running point FI-20: -12.0 FI-20/FI-23: -4.0
Running point FI-20: -12.0 FI-20/FI-23: -2.0
Running point FI-20: -12.0 FI-20/FI-23: 0.0
Running point FI-20: -12.0 FI-20/FI-23: 2.0
Running point FI-20: -12.0 FI-20/FI-23: 4.0
Running point FI-20: -12.0 FI-20/FI-23: 6.0
Running point FI-20: -12.0 FI-20/FI-23: 8.0
Running point FI-20: -12.0 FI-20/FI-23: 10.0
Running point FI-20: -12.0 FI-20/FI-23: 12.0
Running point FI-20: -12.0 FI-20/FI-23: 14.0
Running point FI-20: -12.0 FI-20/FI-23: 16.0
Running point FI-20: -12.0 FI-20/FI-23: 18.0
Running point FI-20: -12.0 FI-20/FI-23: 20.0
Running point FI-20: -10.0 FI-20/FI-23: -20.0
Running point FI-20: -10.0 FI-20/FI-23: -18.0
Running point FI-20: -10.0 FI-20/FI-23: -16.0
Running point FI-20: -10.0 FI-20/FI-23: -14.0
Running point FI-20: -10.0 FI-20/FI-23: -12.0
Running point FI-20: -10.0 FI-20/FI-23: -10.0
Running point FI-20: -10.0 FI-20/FI-23: -8.0
Running point FI-20: -10.0 FI-20/FI-23: -6.0
Running point FI-20: -10.0 FI-20/FI-23: -4.0
Running point FI-20: -10.0 FI-20/FI-23: -2.0
Running point FI-20: -10.0 FI-20/FI-23: 0.0
Running point FI-20: -10.0 FI-20/FI-23: 2.0
Running point FI-20: -10.0 FI-20/FI-23: 4.0
Running point FI-20: -10.0 FI-20/FI-23: 6.0
Running point FI-20: -10.0 FI-20/FI-23: 8.0
Running point FI-20: -10.0 FI-20/FI-23: 10.0
Running point FI-20: -10.0 FI-20/FI-23: 12.0
Running point FI-20: -10.0 FI-20/FI-23: 14.0
Running point FI-20: -10.0 FI-20/FI-23: 16.0
Running point FI-20: -10.0 FI-20/FI-23: 18.0
Running point FI-20: -10.0 FI-20/FI-23: 20.0
Running point FI-20: -8.0 FI-20/FI-23: -20.0
Running point FI-20: -8.0 FI-20/FI-23: -18.0
Running point FI-20: -8.0 FI-20/FI-23: -16.0
Running point FI-20: -8.0 FI-20/FI-23: -14.0
Running point FI-20: -8.0 FI-20/FI-23: -12.0
Running point FI-20: -8.0 FI-20/FI-23: -10.0
Running point FI-20: -8.0 FI-20/FI-23: -8.0
Running point FI-20: -8.0 FI-20/FI-23: -6.0
Running point FI-20: -8.0 FI-20/FI-23: -4.0
Running point FI-20: -8.0 FI-20/FI-23: -2.0
Running point FI-20: -8.0 FI-20/FI-23: 0.0
Running point FI-20: -8.0 FI-20/FI-23: 2.0
Running point FI-20: -8.0 FI-20/FI-23: 4.0
Running point FI-20: -8.0 FI-20/FI-23: 6.0
Running point FI-20: -8.0 FI-20/FI-23: 8.0
Running point FI-20: -8.0 FI-20/FI-23: 10.0
Running point FI-20: -8.0 FI-20/FI-23: 12.0
Running point FI-20: -8.0 FI-20/FI-23: 14.0
Running point FI-20: -8.0 FI-20/FI-23: 16.0
Running point FI-20: -8.0 FI-20/FI-23: 18.0
Running point FI-20: -8.0 FI-20/FI-23: 20.0
Running point FI-20: -6.0 FI-20/FI-23: -20.0
Running point FI-20: -6.0 FI-20/FI-23: -18.0
Running point FI-20: -6.0 FI-20/FI-23: -16.0
Running point FI-20: -6.0 FI-20/FI-23: -14.0
Running point FI-20: -6.0 FI-20/FI-23: -12.0
Running point FI-20: -6.0 FI-20/FI-23: -10.0
Running point FI-20: -6.0 FI-20/FI-23: -8.0
Running point FI-20: -6.0 FI-20/FI-23: -6.0
Running point FI-20: -6.0 FI-20/FI-23: -4.0
Running point FI-20: -6.0 FI-20/FI-23: -2.0
Running point FI-20: -6.0 FI-20/FI-23: 0.0
Running point FI-20: -6.0 FI-20/FI-23: 2.0
Running point FI-20: -6.0 FI-20/FI-23: 4.0
Running point FI-20: -6.0 FI-20/FI-23: 6.0
Running point FI-20: -6.0 FI-20/FI-23: 8.0
Running point FI-20: -6.0 FI-20/FI-23: 10.0
Running point FI-20: -6.0 FI-20/FI-23: 12.0
Running point FI-20: -6.0 FI-20/FI-23: 14.0
Running point FI-20: -6.0 FI-20/FI-23: 16.0
Running point FI-20: -6.0 FI-20/FI-23: 18.0
Running point FI-20: -6.0 FI-20/FI-23: 20.0
Running point FI-20: -4.0 FI-20/FI-23: -20.0
Running point FI-20: -4.0 FI-20/FI-23: -18.0
Running point FI-20: -4.0 FI-20/FI-23: -16.0
Running point FI-20: -4.0 FI-20/FI-23: -14.0
Running point FI-20: -4.0 FI-20/FI-23: -12.0
Running point FI-20: -4.0 FI-20/FI-23: -10.0
Running point FI-20: -4.0 FI-20/FI-23: -8.0
Running point FI-20: -4.0 FI-20/FI-23: -6.0
Running point FI-20: -4.0 FI-20/FI-23: -4.0
Running point FI-20: -4.0 FI-20/FI-23: -2.0
Running point FI-20: -4.0 FI-20/FI-23: 0.0
Running point FI-20: -4.0 FI-20/FI-23: 2.0
Running point FI-20: -4.0 FI-20/FI-23: 4.0
Running point FI-20: -4.0 FI-20/FI-23: 6.0
Running point FI-20: -4.0 FI-20/FI-23: 8.0
Running point FI-20: -4.0 FI-20/FI-23: 10.0
Running point FI-20: -4.0 FI-20/FI-23: 12.0
Running point FI-20: -4.0 FI-20/FI-23: 14.0
Running point FI-20: -4.0 FI-20/FI-23: 16.0
Running point FI-20: -4.0 FI-20/FI-23: 18.0
Running point FI-20: -4.0 FI-20/FI-23: 20.0
Running point FI-20: -2.0 FI-20/FI-23: -20.0
Running point FI-20: -2.0 FI-20/FI-23: -18.0
Running point FI-20: -2.0 FI-20/FI-23: -16.0
Running point FI-20: -2.0 FI-20/FI-23: -14.0
Running point FI-20: -2.0 FI-20/FI-23: -12.0
Running point FI-20: -2.0 FI-20/FI-23: -10.0
Running point FI-20: -2.0 FI-20/FI-23: -8.0
Running point FI-20: -2.0 FI-20/FI-23: -6.0
Running point FI-20: -2.0 FI-20/FI-23: -4.0
Running point FI-20: -2.0 FI-20/FI-23: -2.0
Running point FI-20: -2.0 FI-20/FI-23: 0.0
Running point FI-20: -2.0 FI-20/FI-23: 2.0
Running point FI-20: -2.0 FI-20/FI-23: 4.0
Running point FI-20: -2.0 FI-20/FI-23: 6.0
Running point FI-20: -2.0 FI-20/FI-23: 8.0
Running point FI-20: -2.0 FI-20/FI-23: 10.0
Running point FI-20: -2.0 FI-20/FI-23: 12.0
Running point FI-20: -2.0 FI-20/FI-23: 14.0
Running point FI-20: -2.0 FI-20/FI-23: 16.0
Running point FI-20: -2.0 FI-20/FI-23: 18.0
Running point FI-20: -2.0 FI-20/FI-23: 20.0
Running point FI-20: 0.0 FI-20/FI-23: -20.0
Running point FI-20: 0.0 FI-20/FI-23: -18.0
Running point FI-20: 0.0 FI-20/FI-23: -16.0
Running point FI-20: 0.0 FI-20/FI-23: -14.0
Running point FI-20: 0.0 FI-20/FI-23: -12.0
Running point FI-20: 0.0 FI-20/FI-23: -10.0
Running point FI-20: 0.0 FI-20/FI-23: -8.0
Running point FI-20: 0.0 FI-20/FI-23: -6.0
Running point FI-20: 0.0 FI-20/FI-23: -4.0
Running point FI-20: 0.0 FI-20/FI-23: -2.0
Running point FI-20: 0.0 FI-20/FI-23: 0.0
Running point FI-20: 0.0 FI-20/FI-23: 2.0
Running point FI-20: 0.0 FI-20/FI-23: 4.0
Running point FI-20: 0.0 FI-20/FI-23: 6.0
Running point FI-20: 0.0 FI-20/FI-23: 8.0
Running point FI-20: 0.0 FI-20/FI-23: 10.0
Running point FI-20: 0.0 FI-20/FI-23: 12.0
Running point FI-20: 0.0 FI-20/FI-23: 14.0
Running point FI-20: 0.0 FI-20/FI-23: 16.0
Running point FI-20: 0.0 FI-20/FI-23: 18.0
Running point FI-20: 0.0 FI-20/FI-23: 20.0
Running point FI-20: 2.0 FI-20/FI-23: -20.0
Running point FI-20: 2.0 FI-20/FI-23: -18.0
Running point FI-20: 2.0 FI-20/FI-23: -16.0
Running point FI-20: 2.0 FI-20/FI-23: -14.0
Running point FI-20: 2.0 FI-20/FI-23: -12.0
Running point FI-20: 2.0 FI-20/FI-23: -10.0
Running point FI-20: 2.0 FI-20/FI-23: -8.0
Running point FI-20: 2.0 FI-20/FI-23: -6.0
Running point FI-20: 2.0 FI-20/FI-23: -4.0
Running point FI-20: 2.0 FI-20/FI-23: -2.0
Running point FI-20: 2.0 FI-20/FI-23: 0.0
Running point FI-20: 2.0 FI-20/FI-23: 2.0
Running point FI-20: 2.0 FI-20/FI-23: 4.0
Running point FI-20: 2.0 FI-20/FI-23: 6.0
Running point FI-20: 2.0 FI-20/FI-23: 8.0
Running point FI-20: 2.0 FI-20/FI-23: 10.0
Running point FI-20: 2.0 FI-20/FI-23: 12.0
Running point FI-20: 2.0 FI-20/FI-23: 14.0
Running point FI-20: 2.0 FI-20/FI-23: 16.0
Running point FI-20: 2.0 FI-20/FI-23: 18.0
Running point FI-20: 2.0 FI-20/FI-23: 20.0
Running point FI-20: 4.0 FI-20/FI-23: -20.0
Running point FI-20: 4.0 FI-20/FI-23: -18.0
Running point FI-20: 4.0 FI-20/FI-23: -16.0
Running point FI-20: 4.0 FI-20/FI-23: -14.0
Running point FI-20: 4.0 FI-20/FI-23: -12.0
Running point FI-20: 4.0 FI-20/FI-23: -10.0
Running point FI-20: 4.0 FI-20/FI-23: -8.0
Running point FI-20: 4.0 FI-20/FI-23: -6.0
Running point FI-20: 4.0 FI-20/FI-23: -4.0
Running point FI-20: 4.0 FI-20/FI-23: -2.0
Running point FI-20: 4.0 FI-20/FI-23: 0.0
Running point FI-20: 4.0 FI-20/FI-23: 2.0
Running point FI-20: 4.0 FI-20/FI-23: 4.0
Running point FI-20: 4.0 FI-20/FI-23: 6.0
Running point FI-20: 4.0 FI-20/FI-23: 8.0
Running point FI-20: 4.0 FI-20/FI-23: 10.0
Running point FI-20: 4.0 FI-20/FI-23: 12.0
Running point FI-20: 4.0 FI-20/FI-23: 14.0
Running point FI-20: 4.0 FI-20/FI-23: 16.0
Running point FI-20: 4.0 FI-20/FI-23: 18.0
Running point FI-20: 4.0 FI-20/FI-23: 20.0
Running point FI-20: 6.0 FI-20/FI-23: -20.0
Running point FI-20: 6.0 FI-20/FI-23: -18.0
Running point FI-20: 6.0 FI-20/FI-23: -16.0
Running point FI-20: 6.0 FI-20/FI-23: -14.0
Running point FI-20: 6.0 FI-20/FI-23: -12.0
Running point FI-20: 6.0 FI-20/FI-23: -10.0
Running point FI-20: 6.0 FI-20/FI-23: -8.0
Running point FI-20: 6.0 FI-20/FI-23: -6.0
Running point FI-20: 6.0 FI-20/FI-23: -4.0
Running point FI-20: 6.0 FI-20/FI-23: -2.0
Running point FI-20: 6.0 FI-20/FI-23: 0.0
Running point FI-20: 6.0 FI-20/FI-23: 2.0
Running point FI-20: 6.0 FI-20/FI-23: 4.0
Running point FI-20: 6.0 FI-20/FI-23: 6.0
Running point FI-20: 6.0 FI-20/FI-23: 8.0
Running point FI-20: 6.0 FI-20/FI-23: 10.0
Running point FI-20: 6.0 FI-20/FI-23: 12.0
Running point FI-20: 6.0 FI-20/FI-23: 14.0
Running point FI-20: 6.0 FI-20/FI-23: 16.0
Running point FI-20: 6.0 FI-20/FI-23: 18.0
Running point FI-20: 6.0 FI-20/FI-23: 20.0
Running point FI-20: 8.0 FI-20/FI-23: -20.0
Running point FI-20: 8.0 FI-20/FI-23: -18.0
Running point FI-20: 8.0 FI-20/FI-23: -16.0
Running point FI-20: 8.0 FI-20/FI-23: -14.0
Running point FI-20: 8.0 FI-20/FI-23: -12.0
Running point FI-20: 8.0 FI-20/FI-23: -10.0
Running point FI-20: 8.0 FI-20/FI-23: -8.0
Running point FI-20: 8.0 FI-20/FI-23: -6.0
Running point FI-20: 8.0 FI-20/FI-23: -4.0
Running point FI-20: 8.0 FI-20/FI-23: -2.0
Running point FI-20: 8.0 FI-20/FI-23: 0.0
Running point FI-20: 8.0 FI-20/FI-23: 2.0
Running point FI-20: 8.0 FI-20/FI-23: 4.0
Running point FI-20: 8.0 FI-20/FI-23: 6.0
Running point FI-20: 8.0 FI-20/FI-23: 8.0
Running point FI-20: 8.0 FI-20/FI-23: 10.0
Running point FI-20: 8.0 FI-20/FI-23: 12.0
Running point FI-20: 8.0 FI-20/FI-23: 14.0
Running point FI-20: 8.0 FI-20/FI-23: 16.0
Running point FI-20: 8.0 FI-20/FI-23: 18.0
Running point FI-20: 8.0 FI-20/FI-23: 20.0
Running point FI-20: 10.0 FI-20/FI-23: -20.0
Running point FI-20: 10.0 FI-20/FI-23: -18.0
Running point FI-20: 10.0 FI-20/FI-23: -16.0
Running point FI-20: 10.0 FI-20/FI-23: -14.0
Running point FI-20: 10.0 FI-20/FI-23: -12.0
Running point FI-20: 10.0 FI-20/FI-23: -10.0
Running point FI-20: 10.0 FI-20/FI-23: -8.0
Running point FI-20: 10.0 FI-20/FI-23: -6.0
Running point FI-20: 10.0 FI-20/FI-23: -4.0
Running point FI-20: 10.0 FI-20/FI-23: -2.0
Running point FI-20: 10.0 FI-20/FI-23: 0.0
Running point FI-20: 10.0 FI-20/FI-23: 2.0
Running point FI-20: 10.0 FI-20/FI-23: 4.0
Running point FI-20: 10.0 FI-20/FI-23: 6.0
Running point FI-20: 10.0 FI-20/FI-23: 8.0
Running point FI-20: 10.0 FI-20/FI-23: 10.0
Running point FI-20: 10.0 FI-20/FI-23: 12.0
Running point FI-20: 10.0 FI-20/FI-23: 14.0
Running point FI-20: 10.0 FI-20/FI-23: 16.0
Running point FI-20: 10.0 FI-20/FI-23: 18.0
Running point FI-20: 10.0 FI-20/FI-23: 20.0
Running point FI-20: 12.0 FI-20/FI-23: -20.0
Running point FI-20: 12.0 FI-20/FI-23: -18.0
Running point FI-20: 12.0 FI-20/FI-23: -16.0
Running point FI-20: 12.0 FI-20/FI-23: -14.0
Running point FI-20: 12.0 FI-20/FI-23: -12.0
Running point FI-20: 12.0 FI-20/FI-23: -10.0
Running point FI-20: 12.0 FI-20/FI-23: -8.0
Running point FI-20: 12.0 FI-20/FI-23: -6.0
Running point FI-20: 12.0 FI-20/FI-23: -4.0
Running point FI-20: 12.0 FI-20/FI-23: -2.0
Running point FI-20: 12.0 FI-20/FI-23: 0.0
Running point FI-20: 12.0 FI-20/FI-23: 2.0
Running point FI-20: 12.0 FI-20/FI-23: 4.0
Running point FI-20: 12.0 FI-20/FI-23: 6.0
Running point FI-20: 12.0 FI-20/FI-23: 8.0
Running point FI-20: 12.0 FI-20/FI-23: 10.0
Running point FI-20: 12.0 FI-20/FI-23: 12.0
Running point FI-20: 12.0 FI-20/FI-23: 14.0
Running point FI-20: 12.0 FI-20/FI-23: 16.0
Running point FI-20: 12.0 FI-20/FI-23: 18.0
Running point FI-20: 12.0 FI-20/FI-23: 20.0
Running point FI-20: 14.0 FI-20/FI-23: -20.0
Running point FI-20: 14.0 FI-20/FI-23: -18.0
Running point FI-20: 14.0 FI-20/FI-23: -16.0
Running point FI-20: 14.0 FI-20/FI-23: -14.0
Running point FI-20: 14.0 FI-20/FI-23: -12.0
Running point FI-20: 14.0 FI-20/FI-23: -10.0
Running point FI-20: 14.0 FI-20/FI-23: -8.0
Running point FI-20: 14.0 FI-20/FI-23: -6.0
Running point FI-20: 14.0 FI-20/FI-23: -4.0
Running point FI-20: 14.0 FI-20/FI-23: -2.0
Running point FI-20: 14.0 FI-20/FI-23: 0.0
Running point FI-20: 14.0 FI-20/FI-23: 2.0
Running point FI-20: 14.0 FI-20/FI-23: 4.0
Running point FI-20: 14.0 FI-20/FI-23: 6.0
Running point FI-20: 14.0 FI-20/FI-23: 8.0
Running point FI-20: 14.0 FI-20/FI-23: 10.0
Running point FI-20: 14.0 FI-20/FI-23: 12.0
Running point FI-20: 14.0 FI-20/FI-23: 14.0
Running point FI-20: 14.0 FI-20/FI-23: 16.0
Running point FI-20: 14.0 FI-20/FI-23: 18.0
Running point FI-20: 14.0 FI-20/FI-23: 20.0
Running point FI-20: 16.0 FI-20/FI-23: -20.0
Running point FI-20: 16.0 FI-20/FI-23: -18.0
Running point FI-20: 16.0 FI-20/FI-23: -16.0
Running point FI-20: 16.0 FI-20/FI-23: -14.0
Running point FI-20: 16.0 FI-20/FI-23: -12.0
Running point FI-20: 16.0 FI-20/FI-23: -10.0
Running point FI-20: 16.0 FI-20/FI-23: -8.0
Running point FI-20: 16.0 FI-20/FI-23: -6.0
Running point FI-20: 16.0 FI-20/FI-23: -4.0
Running point FI-20: 16.0 FI-20/FI-23: -2.0
Running point FI-20: 16.0 FI-20/FI-23: 0.0
Running point FI-20: 16.0 FI-20/FI-23: 2.0
Running point FI-20: 16.0 FI-20/FI-23: 4.0
Running point FI-20: 16.0 FI-20/FI-23: 6.0
Running point FI-20: 16.0 FI-20/FI-23: 8.0
Running point FI-20: 16.0 FI-20/FI-23: 10.0
Running point FI-20: 16.0 FI-20/FI-23: 12.0
Running point FI-20: 16.0 FI-20/FI-23: 14.0
Running point FI-20: 16.0 FI-20/FI-23: 16.0
Running point FI-20: 16.0 FI-20/FI-23: 18.0
Running point FI-20: 16.0 FI-20/FI-23: 20.0
Running point FI-20: 18.0 FI-20/FI-23: -20.0
Running point FI-20: 18.0 FI-20/FI-23: -18.0
Running point FI-20: 18.0 FI-20/FI-23: -16.0
Running point FI-20: 18.0 FI-20/FI-23: -14.0
Running point FI-20: 18.0 FI-20/FI-23: -12.0
Running point FI-20: 18.0 FI-20/FI-23: -10.0
Running point FI-20: 18.0 FI-20/FI-23: -8.0
Running point FI-20: 18.0 FI-20/FI-23: -6.0
Running point FI-20: 18.0 FI-20/FI-23: -4.0
Running point FI-20: 18.0 FI-20/FI-23: -2.0
Running point FI-20: 18.0 FI-20/FI-23: 0.0
Running point FI-20: 18.0 FI-20/FI-23: 2.0
Running point FI-20: 18.0 FI-20/FI-23: 4.0
Running point FI-20: 18.0 FI-20/FI-23: 6.0
Running point FI-20: 18.0 FI-20/FI-23: 8.0
Running point FI-20: 18.0 FI-20/FI-23: 10.0
Running point FI-20: 18.0 FI-20/FI-23: 12.0
Running point FI-20: 18.0 FI-20/FI-23: 14.0
Running point FI-20: 18.0 FI-20/FI-23: 16.0
Running point FI-20: 18.0 FI-20/FI-23: 18.0
Running point FI-20: 18.0 FI-20/FI-23: 20.0
Running point FI-20: 20.0 FI-20/FI-23: -20.0
Running point FI-20: 20.0 FI-20/FI-23: -18.0
Running point FI-20: 20.0 FI-20/FI-23: -16.0
Running point FI-20: 20.0 FI-20/FI-23: -14.0
Running point FI-20: 20.0 FI-20/FI-23: -12.0
Running point FI-20: 20.0 FI-20/FI-23: -10.0
Running point FI-20: 20.0 FI-20/FI-23: -8.0
Running point FI-20: 20.0 FI-20/FI-23: -6.0
Running point FI-20: 20.0 FI-20/FI-23: -4.0
Running point FI-20: 20.0 FI-20/FI-23: -2.0
Running point FI-20: 20.0 FI-20/FI-23: 0.0
Running point FI-20: 20.0 FI-20/FI-23: 2.0
Running point FI-20: 20.0 FI-20/FI-23: 4.0
Running point FI-20: 20.0 FI-20/FI-23: 6.0
Running point FI-20: 20.0 FI-20/FI-23: 8.0
Running point FI-20: 20.0 FI-20/FI-23: 10.0
Running point FI-20: 20.0 FI-20/FI-23: 12.0
Running point FI-20: 20.0 FI-20/FI-23: 14.0
Running point FI-20: 20.0 FI-20/FI-23: 16.0
Running point FI-20: 20.0 FI-20/FI-23: 18.0
Running point FI-20: 20.0 FI-20/FI-23: 20.0
