[2021-05-15 01:43:09,842] WARNING | darts.models | Support Facebook Prophet is not available. To enable it, install u8darts[fbprophet] or u8darts[all].
loading model_best_10.pth.tar
loading model_best_10.pth.tar
starting run
Running point TI-1213: -20.0 FI-20/FI-23: -20.0
Running point TI-1213: -20.0 FI-20/FI-23: -18.0
Running point TI-1213: -20.0 FI-20/FI-23: -16.0
Running point TI-1213: -20.0 FI-20/FI-23: -14.0
Running point TI-1213: -20.0 FI-20/FI-23: -12.0
Running point TI-1213: -20.0 FI-20/FI-23: -10.0
Running point TI-1213: -20.0 FI-20/FI-23: -8.0
Running point TI-1213: -20.0 FI-20/FI-23: -6.0
Running point TI-1213: -20.0 FI-20/FI-23: -4.0
Running point TI-1213: -20.0 FI-20/FI-23: -2.0
Running point TI-1213: -20.0 FI-20/FI-23: 0.0
Running point TI-1213: -20.0 FI-20/FI-23: 2.0
Running point TI-1213: -20.0 FI-20/FI-23: 4.0
Running point TI-1213: -20.0 FI-20/FI-23: 6.0
Running point TI-1213: -20.0 FI-20/FI-23: 8.0
Running point TI-1213: -20.0 FI-20/FI-23: 10.0
Running point TI-1213: -20.0 FI-20/FI-23: 12.0
Running point TI-1213: -20.0 FI-20/FI-23: 14.0
Running point TI-1213: -20.0 FI-20/FI-23: 16.0
Running point TI-1213: -20.0 FI-20/FI-23: 18.0
Running point TI-1213: -20.0 FI-20/FI-23: 20.0
Running point TI-1213: -18.0 FI-20/FI-23: -20.0
Running point TI-1213: -18.0 FI-20/FI-23: -18.0
Running point TI-1213: -18.0 FI-20/FI-23: -16.0
Running point TI-1213: -18.0 FI-20/FI-23: -14.0
Running point TI-1213: -18.0 FI-20/FI-23: -12.0
Running point TI-1213: -18.0 FI-20/FI-23: -10.0
Running point TI-1213: -18.0 FI-20/FI-23: -8.0
Running point TI-1213: -18.0 FI-20/FI-23: -6.0
Running point TI-1213: -18.0 FI-20/FI-23: -4.0
Running point TI-1213: -18.0 FI-20/FI-23: -2.0
Running point TI-1213: -18.0 FI-20/FI-23: 0.0
Running point TI-1213: -18.0 FI-20/FI-23: 2.0
Running point TI-1213: -18.0 FI-20/FI-23: 4.0
Running point TI-1213: -18.0 FI-20/FI-23: 6.0
Running point TI-1213: -18.0 FI-20/FI-23: 8.0
Running point TI-1213: -18.0 FI-20/FI-23: 10.0
Running point TI-1213: -18.0 FI-20/FI-23: 12.0
Running point TI-1213: -18.0 FI-20/FI-23: 14.0
Running point TI-1213: -18.0 FI-20/FI-23: 16.0
Running point TI-1213: -18.0 FI-20/FI-23: 18.0
Running point TI-1213: -18.0 FI-20/FI-23: 20.0
Running point TI-1213: -16.0 FI-20/FI-23: -20.0
Running point TI-1213: -16.0 FI-20/FI-23: -18.0
Running point TI-1213: -16.0 FI-20/FI-23: -16.0
Running point TI-1213: -16.0 FI-20/FI-23: -14.0
Running point TI-1213: -16.0 FI-20/FI-23: -12.0
Running point TI-1213: -16.0 FI-20/FI-23: -10.0
Running point TI-1213: -16.0 FI-20/FI-23: -8.0
Running point TI-1213: -16.0 FI-20/FI-23: -6.0
Running point TI-1213: -16.0 FI-20/FI-23: -4.0
Running point TI-1213: -16.0 FI-20/FI-23: -2.0
Running point TI-1213: -16.0 FI-20/FI-23: 0.0
Running point TI-1213: -16.0 FI-20/FI-23: 2.0
Running point TI-1213: -16.0 FI-20/FI-23: 4.0
Running point TI-1213: -16.0 FI-20/FI-23: 6.0
Running point TI-1213: -16.0 FI-20/FI-23: 8.0
Running point TI-1213: -16.0 FI-20/FI-23: 10.0
Running point TI-1213: -16.0 FI-20/FI-23: 12.0
Running point TI-1213: -16.0 FI-20/FI-23: 14.0
Running point TI-1213: -16.0 FI-20/FI-23: 16.0
Running point TI-1213: -16.0 FI-20/FI-23: 18.0
Running point TI-1213: -16.0 FI-20/FI-23: 20.0
Running point TI-1213: -14.0 FI-20/FI-23: -20.0
Running point TI-1213: -14.0 FI-20/FI-23: -18.0
Running point TI-1213: -14.0 FI-20/FI-23: -16.0
Running point TI-1213: -14.0 FI-20/FI-23: -14.0
Running point TI-1213: -14.0 FI-20/FI-23: -12.0
Running point TI-1213: -14.0 FI-20/FI-23: -10.0
Running point TI-1213: -14.0 FI-20/FI-23: -8.0
Running point TI-1213: -14.0 FI-20/FI-23: -6.0
Running point TI-1213: -14.0 FI-20/FI-23: -4.0
Running point TI-1213: -14.0 FI-20/FI-23: -2.0
Running point TI-1213: -14.0 FI-20/FI-23: 0.0
Running point TI-1213: -14.0 FI-20/FI-23: 2.0
Running point TI-1213: -14.0 FI-20/FI-23: 4.0
Running point TI-1213: -14.0 FI-20/FI-23: 6.0
Running point TI-1213: -14.0 FI-20/FI-23: 8.0
Running point TI-1213: -14.0 FI-20/FI-23: 10.0
Running point TI-1213: -14.0 FI-20/FI-23: 12.0
Running point TI-1213: -14.0 FI-20/FI-23: 14.0
Running point TI-1213: -14.0 FI-20/FI-23: 16.0
Running point TI-1213: -14.0 FI-20/FI-23: 18.0
Running point TI-1213: -14.0 FI-20/FI-23: 20.0
Running point TI-1213: -12.0 FI-20/FI-23: -20.0
Running point TI-1213: -12.0 FI-20/FI-23: -18.0
Running point TI-1213: -12.0 FI-20/FI-23: -16.0
Running point TI-1213: -12.0 FI-20/FI-23: -14.0
Running point TI-1213: -12.0 FI-20/FI-23: -12.0
Running point TI-1213: -12.0 FI-20/FI-23: -10.0
Running point TI-1213: -12.0 FI-20/FI-23: -8.0
Running point TI-1213: -12.0 FI-20/FI-23: -6.0
Running point TI-1213: -12.0 FI-20/FI-23: -4.0
Running point TI-1213: -12.0 FI-20/FI-23: -2.0
Running point TI-1213: -12.0 FI-20/FI-23: 0.0
Running point TI-1213: -12.0 FI-20/FI-23: 2.0
Running point TI-1213: -12.0 FI-20/FI-23: 4.0
Running point TI-1213: -12.0 FI-20/FI-23: 6.0
Running point TI-1213: -12.0 FI-20/FI-23: 8.0
Running point TI-1213: -12.0 FI-20/FI-23: 10.0
Running point TI-1213: -12.0 FI-20/FI-23: 12.0
Running point TI-1213: -12.0 FI-20/FI-23: 14.0
Running point TI-1213: -12.0 FI-20/FI-23: 16.0
Running point TI-1213: -12.0 FI-20/FI-23: 18.0
Running point TI-1213: -12.0 FI-20/FI-23: 20.0
Running point TI-1213: -10.0 FI-20/FI-23: -20.0
Running point TI-1213: -10.0 FI-20/FI-23: -18.0
Running point TI-1213: -10.0 FI-20/FI-23: -16.0
Running point TI-1213: -10.0 FI-20/FI-23: -14.0
Running point TI-1213: -10.0 FI-20/FI-23: -12.0
Running point TI-1213: -10.0 FI-20/FI-23: -10.0
Running point TI-1213: -10.0 FI-20/FI-23: -8.0
Running point TI-1213: -10.0 FI-20/FI-23: -6.0
Running point TI-1213: -10.0 FI-20/FI-23: -4.0
Running point TI-1213: -10.0 FI-20/FI-23: -2.0
Running point TI-1213: -10.0 FI-20/FI-23: 0.0
Running point TI-1213: -10.0 FI-20/FI-23: 2.0
Running point TI-1213: -10.0 FI-20/FI-23: 4.0
Running point TI-1213: -10.0 FI-20/FI-23: 6.0
Running point TI-1213: -10.0 FI-20/FI-23: 8.0
Running point TI-1213: -10.0 FI-20/FI-23: 10.0
Running point TI-1213: -10.0 FI-20/FI-23: 12.0
Running point TI-1213: -10.0 FI-20/FI-23: 14.0
Running point TI-1213: -10.0 FI-20/FI-23: 16.0
Running point TI-1213: -10.0 FI-20/FI-23: 18.0
Running point TI-1213: -10.0 FI-20/FI-23: 20.0
Running point TI-1213: -8.0 FI-20/FI-23: -20.0
Running point TI-1213: -8.0 FI-20/FI-23: -18.0
Running point TI-1213: -8.0 FI-20/FI-23: -16.0
Running point TI-1213: -8.0 FI-20/FI-23: -14.0
Running point TI-1213: -8.0 FI-20/FI-23: -12.0
Running point TI-1213: -8.0 FI-20/FI-23: -10.0
Running point TI-1213: -8.0 FI-20/FI-23: -8.0
Running point TI-1213: -8.0 FI-20/FI-23: -6.0
Running point TI-1213: -8.0 FI-20/FI-23: -4.0
Running point TI-1213: -8.0 FI-20/FI-23: -2.0
Running point TI-1213: -8.0 FI-20/FI-23: 0.0
Running point TI-1213: -8.0 FI-20/FI-23: 2.0
Running point TI-1213: -8.0 FI-20/FI-23: 4.0
Running point TI-1213: -8.0 FI-20/FI-23: 6.0
Running point TI-1213: -8.0 FI-20/FI-23: 8.0
Running point TI-1213: -8.0 FI-20/FI-23: 10.0
Running point TI-1213: -8.0 FI-20/FI-23: 12.0
Running point TI-1213: -8.0 FI-20/FI-23: 14.0
Running point TI-1213: -8.0 FI-20/FI-23: 16.0
Running point TI-1213: -8.0 FI-20/FI-23: 18.0
Running point TI-1213: -8.0 FI-20/FI-23: 20.0
Running point TI-1213: -6.0 FI-20/FI-23: -20.0
Running point TI-1213: -6.0 FI-20/FI-23: -18.0
Running point TI-1213: -6.0 FI-20/FI-23: -16.0
Running point TI-1213: -6.0 FI-20/FI-23: -14.0
Running point TI-1213: -6.0 FI-20/FI-23: -12.0
Running point TI-1213: -6.0 FI-20/FI-23: -10.0
Running point TI-1213: -6.0 FI-20/FI-23: -8.0
Running point TI-1213: -6.0 FI-20/FI-23: -6.0
Running point TI-1213: -6.0 FI-20/FI-23: -4.0
Running point TI-1213: -6.0 FI-20/FI-23: -2.0
Running point TI-1213: -6.0 FI-20/FI-23: 0.0
Running point TI-1213: -6.0 FI-20/FI-23: 2.0
Running point TI-1213: -6.0 FI-20/FI-23: 4.0
Running point TI-1213: -6.0 FI-20/FI-23: 6.0
Running point TI-1213: -6.0 FI-20/FI-23: 8.0
Running point TI-1213: -6.0 FI-20/FI-23: 10.0
Running point TI-1213: -6.0 FI-20/FI-23: 12.0
Running point TI-1213: -6.0 FI-20/FI-23: 14.0
Running point TI-1213: -6.0 FI-20/FI-23: 16.0
Running point TI-1213: -6.0 FI-20/FI-23: 18.0
Running point TI-1213: -6.0 FI-20/FI-23: 20.0
Running point TI-1213: -4.0 FI-20/FI-23: -20.0
Running point TI-1213: -4.0 FI-20/FI-23: -18.0
Running point TI-1213: -4.0 FI-20/FI-23: -16.0
Running point TI-1213: -4.0 FI-20/FI-23: -14.0
Running point TI-1213: -4.0 FI-20/FI-23: -12.0
Running point TI-1213: -4.0 FI-20/FI-23: -10.0
Running point TI-1213: -4.0 FI-20/FI-23: -8.0
Running point TI-1213: -4.0 FI-20/FI-23: -6.0
Running point TI-1213: -4.0 FI-20/FI-23: -4.0
Running point TI-1213: -4.0 FI-20/FI-23: -2.0
Running point TI-1213: -4.0 FI-20/FI-23: 0.0
Running point TI-1213: -4.0 FI-20/FI-23: 2.0
Running point TI-1213: -4.0 FI-20/FI-23: 4.0
Running point TI-1213: -4.0 FI-20/FI-23: 6.0
Running point TI-1213: -4.0 FI-20/FI-23: 8.0
Running point TI-1213: -4.0 FI-20/FI-23: 10.0
Running point TI-1213: -4.0 FI-20/FI-23: 12.0
Running point TI-1213: -4.0 FI-20/FI-23: 14.0
Running point TI-1213: -4.0 FI-20/FI-23: 16.0
Running point TI-1213: -4.0 FI-20/FI-23: 18.0
Running point TI-1213: -4.0 FI-20/FI-23: 20.0
Running point TI-1213: -2.0 FI-20/FI-23: -20.0
Running point TI-1213: -2.0 FI-20/FI-23: -18.0
Running point TI-1213: -2.0 FI-20/FI-23: -16.0
Running point TI-1213: -2.0 FI-20/FI-23: -14.0
Running point TI-1213: -2.0 FI-20/FI-23: -12.0
Running point TI-1213: -2.0 FI-20/FI-23: -10.0
Running point TI-1213: -2.0 FI-20/FI-23: -8.0
Running point TI-1213: -2.0 FI-20/FI-23: -6.0
Running point TI-1213: -2.0 FI-20/FI-23: -4.0
Running point TI-1213: -2.0 FI-20/FI-23: -2.0
Running point TI-1213: -2.0 FI-20/FI-23: 0.0
Running point TI-1213: -2.0 FI-20/FI-23: 2.0
Running point TI-1213: -2.0 FI-20/FI-23: 4.0
Running point TI-1213: -2.0 FI-20/FI-23: 6.0
Running point TI-1213: -2.0 FI-20/FI-23: 8.0
Running point TI-1213: -2.0 FI-20/FI-23: 10.0
Running point TI-1213: -2.0 FI-20/FI-23: 12.0
Running point TI-1213: -2.0 FI-20/FI-23: 14.0
Running point TI-1213: -2.0 FI-20/FI-23: 16.0
Running point TI-1213: -2.0 FI-20/FI-23: 18.0
Running point TI-1213: -2.0 FI-20/FI-23: 20.0
Running point TI-1213: 0.0 FI-20/FI-23: -20.0
Running point TI-1213: 0.0 FI-20/FI-23: -18.0
Running point TI-1213: 0.0 FI-20/FI-23: -16.0
Running point TI-1213: 0.0 FI-20/FI-23: -14.0
Running point TI-1213: 0.0 FI-20/FI-23: -12.0
Running point TI-1213: 0.0 FI-20/FI-23: -10.0
Running point TI-1213: 0.0 FI-20/FI-23: -8.0
Running point TI-1213: 0.0 FI-20/FI-23: -6.0
Running point TI-1213: 0.0 FI-20/FI-23: -4.0
Running point TI-1213: 0.0 FI-20/FI-23: -2.0
Running point TI-1213: 0.0 FI-20/FI-23: 0.0
Running point TI-1213: 0.0 FI-20/FI-23: 2.0
Running point TI-1213: 0.0 FI-20/FI-23: 4.0
Running point TI-1213: 0.0 FI-20/FI-23: 6.0
Running point TI-1213: 0.0 FI-20/FI-23: 8.0
Running point TI-1213: 0.0 FI-20/FI-23: 10.0
Running point TI-1213: 0.0 FI-20/FI-23: 12.0
Running point TI-1213: 0.0 FI-20/FI-23: 14.0
Running point TI-1213: 0.0 FI-20/FI-23: 16.0
Running point TI-1213: 0.0 FI-20/FI-23: 18.0
Running point TI-1213: 0.0 FI-20/FI-23: 20.0
Running point TI-1213: 2.0 FI-20/FI-23: -20.0
Running point TI-1213: 2.0 FI-20/FI-23: -18.0
Running point TI-1213: 2.0 FI-20/FI-23: -16.0
Running point TI-1213: 2.0 FI-20/FI-23: -14.0
Running point TI-1213: 2.0 FI-20/FI-23: -12.0
Running point TI-1213: 2.0 FI-20/FI-23: -10.0
Running point TI-1213: 2.0 FI-20/FI-23: -8.0
Running point TI-1213: 2.0 FI-20/FI-23: -6.0
Running point TI-1213: 2.0 FI-20/FI-23: -4.0
Running point TI-1213: 2.0 FI-20/FI-23: -2.0
Running point TI-1213: 2.0 FI-20/FI-23: 0.0
Running point TI-1213: 2.0 FI-20/FI-23: 2.0
Running point TI-1213: 2.0 FI-20/FI-23: 4.0
Running point TI-1213: 2.0 FI-20/FI-23: 6.0
Running point TI-1213: 2.0 FI-20/FI-23: 8.0
Running point TI-1213: 2.0 FI-20/FI-23: 10.0
Running point TI-1213: 2.0 FI-20/FI-23: 12.0
Running point TI-1213: 2.0 FI-20/FI-23: 14.0
Running point TI-1213: 2.0 FI-20/FI-23: 16.0
Running point TI-1213: 2.0 FI-20/FI-23: 18.0
Running point TI-1213: 2.0 FI-20/FI-23: 20.0
Running point TI-1213: 4.0 FI-20/FI-23: -20.0
Running point TI-1213: 4.0 FI-20/FI-23: -18.0
Running point TI-1213: 4.0 FI-20/FI-23: -16.0
Running point TI-1213: 4.0 FI-20/FI-23: -14.0
Running point TI-1213: 4.0 FI-20/FI-23: -12.0
Running point TI-1213: 4.0 FI-20/FI-23: -10.0
Running point TI-1213: 4.0 FI-20/FI-23: -8.0
Running point TI-1213: 4.0 FI-20/FI-23: -6.0
Running point TI-1213: 4.0 FI-20/FI-23: -4.0
Running point TI-1213: 4.0 FI-20/FI-23: -2.0
Running point TI-1213: 4.0 FI-20/FI-23: 0.0
Running point TI-1213: 4.0 FI-20/FI-23: 2.0
Running point TI-1213: 4.0 FI-20/FI-23: 4.0
Running point TI-1213: 4.0 FI-20/FI-23: 6.0
Running point TI-1213: 4.0 FI-20/FI-23: 8.0
Running point TI-1213: 4.0 FI-20/FI-23: 10.0
Running point TI-1213: 4.0 FI-20/FI-23: 12.0
Running point TI-1213: 4.0 FI-20/FI-23: 14.0
Running point TI-1213: 4.0 FI-20/FI-23: 16.0
Running point TI-1213: 4.0 FI-20/FI-23: 18.0
Running point TI-1213: 4.0 FI-20/FI-23: 20.0
Running point TI-1213: 6.0 FI-20/FI-23: -20.0
Running point TI-1213: 6.0 FI-20/FI-23: -18.0
Running point TI-1213: 6.0 FI-20/FI-23: -16.0
Running point TI-1213: 6.0 FI-20/FI-23: -14.0
Running point TI-1213: 6.0 FI-20/FI-23: -12.0
Running point TI-1213: 6.0 FI-20/FI-23: -10.0
Running point TI-1213: 6.0 FI-20/FI-23: -8.0
Running point TI-1213: 6.0 FI-20/FI-23: -6.0
Running point TI-1213: 6.0 FI-20/FI-23: -4.0
Running point TI-1213: 6.0 FI-20/FI-23: -2.0
Running point TI-1213: 6.0 FI-20/FI-23: 0.0
Running point TI-1213: 6.0 FI-20/FI-23: 2.0
Running point TI-1213: 6.0 FI-20/FI-23: 4.0
Running point TI-1213: 6.0 FI-20/FI-23: 6.0
Running point TI-1213: 6.0 FI-20/FI-23: 8.0
Running point TI-1213: 6.0 FI-20/FI-23: 10.0
Running point TI-1213: 6.0 FI-20/FI-23: 12.0
Running point TI-1213: 6.0 FI-20/FI-23: 14.0
Running point TI-1213: 6.0 FI-20/FI-23: 16.0
Running point TI-1213: 6.0 FI-20/FI-23: 18.0
Running point TI-1213: 6.0 FI-20/FI-23: 20.0
Running point TI-1213: 8.0 FI-20/FI-23: -20.0
Running point TI-1213: 8.0 FI-20/FI-23: -18.0
Running point TI-1213: 8.0 FI-20/FI-23: -16.0
Running point TI-1213: 8.0 FI-20/FI-23: -14.0
Running point TI-1213: 8.0 FI-20/FI-23: -12.0
Running point TI-1213: 8.0 FI-20/FI-23: -10.0
Running point TI-1213: 8.0 FI-20/FI-23: -8.0
Running point TI-1213: 8.0 FI-20/FI-23: -6.0
Running point TI-1213: 8.0 FI-20/FI-23: -4.0
Running point TI-1213: 8.0 FI-20/FI-23: -2.0
Running point TI-1213: 8.0 FI-20/FI-23: 0.0
Running point TI-1213: 8.0 FI-20/FI-23: 2.0
Running point TI-1213: 8.0 FI-20/FI-23: 4.0
Running point TI-1213: 8.0 FI-20/FI-23: 6.0
Running point TI-1213: 8.0 FI-20/FI-23: 8.0
Running point TI-1213: 8.0 FI-20/FI-23: 10.0
Running point TI-1213: 8.0 FI-20/FI-23: 12.0
Running point TI-1213: 8.0 FI-20/FI-23: 14.0
Running point TI-1213: 8.0 FI-20/FI-23: 16.0
Running point TI-1213: 8.0 FI-20/FI-23: 18.0
Running point TI-1213: 8.0 FI-20/FI-23: 20.0
Running point TI-1213: 10.0 FI-20/FI-23: -20.0
Running point TI-1213: 10.0 FI-20/FI-23: -18.0
Running point TI-1213: 10.0 FI-20/FI-23: -16.0
Running point TI-1213: 10.0 FI-20/FI-23: -14.0
Running point TI-1213: 10.0 FI-20/FI-23: -12.0
Running point TI-1213: 10.0 FI-20/FI-23: -10.0
Running point TI-1213: 10.0 FI-20/FI-23: -8.0
Running point TI-1213: 10.0 FI-20/FI-23: -6.0
Running point TI-1213: 10.0 FI-20/FI-23: -4.0
Running point TI-1213: 10.0 FI-20/FI-23: -2.0
Running point TI-1213: 10.0 FI-20/FI-23: 0.0
Running point TI-1213: 10.0 FI-20/FI-23: 2.0
Running point TI-1213: 10.0 FI-20/FI-23: 4.0
Running point TI-1213: 10.0 FI-20/FI-23: 6.0
Running point TI-1213: 10.0 FI-20/FI-23: 8.0
Running point TI-1213: 10.0 FI-20/FI-23: 10.0
Running point TI-1213: 10.0 FI-20/FI-23: 12.0
Running point TI-1213: 10.0 FI-20/FI-23: 14.0
Running point TI-1213: 10.0 FI-20/FI-23: 16.0
Running point TI-1213: 10.0 FI-20/FI-23: 18.0
Running point TI-1213: 10.0 FI-20/FI-23: 20.0
Running point TI-1213: 12.0 FI-20/FI-23: -20.0
Running point TI-1213: 12.0 FI-20/FI-23: -18.0
Running point TI-1213: 12.0 FI-20/FI-23: -16.0
Running point TI-1213: 12.0 FI-20/FI-23: -14.0
Running point TI-1213: 12.0 FI-20/FI-23: -12.0
Running point TI-1213: 12.0 FI-20/FI-23: -10.0
Running point TI-1213: 12.0 FI-20/FI-23: -8.0
Running point TI-1213: 12.0 FI-20/FI-23: -6.0
Running point TI-1213: 12.0 FI-20/FI-23: -4.0
Running point TI-1213: 12.0 FI-20/FI-23: -2.0
Running point TI-1213: 12.0 FI-20/FI-23: 0.0
Running point TI-1213: 12.0 FI-20/FI-23: 2.0
Running point TI-1213: 12.0 FI-20/FI-23: 4.0
Running point TI-1213: 12.0 FI-20/FI-23: 6.0
Running point TI-1213: 12.0 FI-20/FI-23: 8.0
Running point TI-1213: 12.0 FI-20/FI-23: 10.0
Running point TI-1213: 12.0 FI-20/FI-23: 12.0
Running point TI-1213: 12.0 FI-20/FI-23: 14.0
Running point TI-1213: 12.0 FI-20/FI-23: 16.0
Running point TI-1213: 12.0 FI-20/FI-23: 18.0
Running point TI-1213: 12.0 FI-20/FI-23: 20.0
Running point TI-1213: 14.0 FI-20/FI-23: -20.0
Running point TI-1213: 14.0 FI-20/FI-23: -18.0
Running point TI-1213: 14.0 FI-20/FI-23: -16.0
Running point TI-1213: 14.0 FI-20/FI-23: -14.0
Running point TI-1213: 14.0 FI-20/FI-23: -12.0
Running point TI-1213: 14.0 FI-20/FI-23: -10.0
Running point TI-1213: 14.0 FI-20/FI-23: -8.0
Running point TI-1213: 14.0 FI-20/FI-23: -6.0
Running point TI-1213: 14.0 FI-20/FI-23: -4.0
Running point TI-1213: 14.0 FI-20/FI-23: -2.0
Running point TI-1213: 14.0 FI-20/FI-23: 0.0
Running point TI-1213: 14.0 FI-20/FI-23: 2.0
Running point TI-1213: 14.0 FI-20/FI-23: 4.0
Running point TI-1213: 14.0 FI-20/FI-23: 6.0
Running point TI-1213: 14.0 FI-20/FI-23: 8.0
Running point TI-1213: 14.0 FI-20/FI-23: 10.0
Running point TI-1213: 14.0 FI-20/FI-23: 12.0
Running point TI-1213: 14.0 FI-20/FI-23: 14.0
Running point TI-1213: 14.0 FI-20/FI-23: 16.0
Running point TI-1213: 14.0 FI-20/FI-23: 18.0
Running point TI-1213: 14.0 FI-20/FI-23: 20.0
Running point TI-1213: 16.0 FI-20/FI-23: -20.0
Running point TI-1213: 16.0 FI-20/FI-23: -18.0
Running point TI-1213: 16.0 FI-20/FI-23: -16.0
Running point TI-1213: 16.0 FI-20/FI-23: -14.0
Running point TI-1213: 16.0 FI-20/FI-23: -12.0
Running point TI-1213: 16.0 FI-20/FI-23: -10.0
Running point TI-1213: 16.0 FI-20/FI-23: -8.0
Running point TI-1213: 16.0 FI-20/FI-23: -6.0
Running point TI-1213: 16.0 FI-20/FI-23: -4.0
Running point TI-1213: 16.0 FI-20/FI-23: -2.0
Running point TI-1213: 16.0 FI-20/FI-23: 0.0
Running point TI-1213: 16.0 FI-20/FI-23: 2.0
Running point TI-1213: 16.0 FI-20/FI-23: 4.0
Running point TI-1213: 16.0 FI-20/FI-23: 6.0
Running point TI-1213: 16.0 FI-20/FI-23: 8.0
Running point TI-1213: 16.0 FI-20/FI-23: 10.0
Running point TI-1213: 16.0 FI-20/FI-23: 12.0
Running point TI-1213: 16.0 FI-20/FI-23: 14.0
Running point TI-1213: 16.0 FI-20/FI-23: 16.0
Running point TI-1213: 16.0 FI-20/FI-23: 18.0
Running point TI-1213: 16.0 FI-20/FI-23: 20.0
Running point TI-1213: 18.0 FI-20/FI-23: -20.0
Running point TI-1213: 18.0 FI-20/FI-23: -18.0
Running point TI-1213: 18.0 FI-20/FI-23: -16.0
Running point TI-1213: 18.0 FI-20/FI-23: -14.0
Running point TI-1213: 18.0 FI-20/FI-23: -12.0
Running point TI-1213: 18.0 FI-20/FI-23: -10.0
Running point TI-1213: 18.0 FI-20/FI-23: -8.0
Running point TI-1213: 18.0 FI-20/FI-23: -6.0
Running point TI-1213: 18.0 FI-20/FI-23: -4.0
Running point TI-1213: 18.0 FI-20/FI-23: -2.0
Running point TI-1213: 18.0 FI-20/FI-23: 0.0
Running point TI-1213: 18.0 FI-20/FI-23: 2.0
Running point TI-1213: 18.0 FI-20/FI-23: 4.0
Running point TI-1213: 18.0 FI-20/FI-23: 6.0
Running point TI-1213: 18.0 FI-20/FI-23: 8.0
Running point TI-1213: 18.0 FI-20/FI-23: 10.0
Running point TI-1213: 18.0 FI-20/FI-23: 12.0
Running point TI-1213: 18.0 FI-20/FI-23: 14.0
Running point TI-1213: 18.0 FI-20/FI-23: 16.0
Running point TI-1213: 18.0 FI-20/FI-23: 18.0
Running point TI-1213: 18.0 FI-20/FI-23: 20.0
Running point TI-1213: 20.0 FI-20/FI-23: -20.0
Running point TI-1213: 20.0 FI-20/FI-23: -18.0
Running point TI-1213: 20.0 FI-20/FI-23: -16.0
Running point TI-1213: 20.0 FI-20/FI-23: -14.0
Running point TI-1213: 20.0 FI-20/FI-23: -12.0
Running point TI-1213: 20.0 FI-20/FI-23: -10.0
Running point TI-1213: 20.0 FI-20/FI-23: -8.0
Running point TI-1213: 20.0 FI-20/FI-23: -6.0
Running point TI-1213: 20.0 FI-20/FI-23: -4.0
Running point TI-1213: 20.0 FI-20/FI-23: -2.0
Running point TI-1213: 20.0 FI-20/FI-23: 0.0
Running point TI-1213: 20.0 FI-20/FI-23: 2.0
Running point TI-1213: 20.0 FI-20/FI-23: 4.0
Running point TI-1213: 20.0 FI-20/FI-23: 6.0
Running point TI-1213: 20.0 FI-20/FI-23: 8.0
Running point TI-1213: 20.0 FI-20/FI-23: 10.0
Running point TI-1213: 20.0 FI-20/FI-23: 12.0
Running point TI-1213: 20.0 FI-20/FI-23: 14.0
Running point TI-1213: 20.0 FI-20/FI-23: 16.0
Running point TI-1213: 20.0 FI-20/FI-23: 18.0
Running point TI-1213: 20.0 FI-20/FI-23: 20.0
