[2021-05-15 01:43:09,842] WARNING | darts.models | Support Facebook Prophet is not available. To enable it, install u8darts[fbprophet] or u8darts[all].
loading model_best_10.pth.tar
loading model_best_10.pth.tar
starting run
Running point TI-3: -20.0 FI-11: -20.0
Running point TI-3: -20.0 FI-11: -18.0
Running point TI-3: -20.0 FI-11: -16.0
Running point TI-3: -20.0 FI-11: -14.0
Running point TI-3: -20.0 FI-11: -12.0
Running point TI-3: -20.0 FI-11: -10.0
Running point TI-3: -20.0 FI-11: -8.0
Running point TI-3: -20.0 FI-11: -6.0
Running point TI-3: -20.0 FI-11: -4.0
Running point TI-3: -20.0 FI-11: -2.0
Running point TI-3: -20.0 FI-11: 0.0
Running point TI-3: -20.0 FI-11: 2.0
Running point TI-3: -20.0 FI-11: 4.0
Running point TI-3: -20.0 FI-11: 6.0
Running point TI-3: -20.0 FI-11: 8.0
Running point TI-3: -20.0 FI-11: 10.0
Running point TI-3: -20.0 FI-11: 12.0
Running point TI-3: -20.0 FI-11: 14.0
Running point TI-3: -20.0 FI-11: 16.0
Running point TI-3: -20.0 FI-11: 18.0
Running point TI-3: -20.0 FI-11: 20.0
Running point TI-3: -18.0 FI-11: -20.0
Running point TI-3: -18.0 FI-11: -18.0
Running point TI-3: -18.0 FI-11: -16.0
Running point TI-3: -18.0 FI-11: -14.0
Running point TI-3: -18.0 FI-11: -12.0
Running point TI-3: -18.0 FI-11: -10.0
Running point TI-3: -18.0 FI-11: -8.0
Running point TI-3: -18.0 FI-11: -6.0
Running point TI-3: -18.0 FI-11: -4.0
Running point TI-3: -18.0 FI-11: -2.0
Running point TI-3: -18.0 FI-11: 0.0
Running point TI-3: -18.0 FI-11: 2.0
Running point TI-3: -18.0 FI-11: 4.0
Running point TI-3: -18.0 FI-11: 6.0
Running point TI-3: -18.0 FI-11: 8.0
Running point TI-3: -18.0 FI-11: 10.0
Running point TI-3: -18.0 FI-11: 12.0
Running point TI-3: -18.0 FI-11: 14.0
Running point TI-3: -18.0 FI-11: 16.0
Running point TI-3: -18.0 FI-11: 18.0
Running point TI-3: -18.0 FI-11: 20.0
Running point TI-3: -16.0 FI-11: -20.0
Running point TI-3: -16.0 FI-11: -18.0
Running point TI-3: -16.0 FI-11: -16.0
Running point TI-3: -16.0 FI-11: -14.0
Running point TI-3: -16.0 FI-11: -12.0
Running point TI-3: -16.0 FI-11: -10.0
Running point TI-3: -16.0 FI-11: -8.0
Running point TI-3: -16.0 FI-11: -6.0
Running point TI-3: -16.0 FI-11: -4.0
Running point TI-3: -16.0 FI-11: -2.0
Running point TI-3: -16.0 FI-11: 0.0
Running point TI-3: -16.0 FI-11: 2.0
Running point TI-3: -16.0 FI-11: 4.0
Running point TI-3: -16.0 FI-11: 6.0
Running point TI-3: -16.0 FI-11: 8.0
Running point TI-3: -16.0 FI-11: 10.0
Running point TI-3: -16.0 FI-11: 12.0
Running point TI-3: -16.0 FI-11: 14.0
Running point TI-3: -16.0 FI-11: 16.0
Running point TI-3: -16.0 FI-11: 18.0
Running point TI-3: -16.0 FI-11: 20.0
Running point TI-3: -14.0 FI-11: -20.0
Running point TI-3: -14.0 FI-11: -18.0
Running point TI-3: -14.0 FI-11: -16.0
Running point TI-3: -14.0 FI-11: -14.0
Running point TI-3: -14.0 FI-11: -12.0
Running point TI-3: -14.0 FI-11: -10.0
Running point TI-3: -14.0 FI-11: -8.0
Running point TI-3: -14.0 FI-11: -6.0
Running point TI-3: -14.0 FI-11: -4.0
Running point TI-3: -14.0 FI-11: -2.0
Running point TI-3: -14.0 FI-11: 0.0
Running point TI-3: -14.0 FI-11: 2.0
Running point TI-3: -14.0 FI-11: 4.0
Running point TI-3: -14.0 FI-11: 6.0
Running point TI-3: -14.0 FI-11: 8.0
Running point TI-3: -14.0 FI-11: 10.0
Running point TI-3: -14.0 FI-11: 12.0
Running point TI-3: -14.0 FI-11: 14.0
Running point TI-3: -14.0 FI-11: 16.0
Running point TI-3: -14.0 FI-11: 18.0
Running point TI-3: -14.0 FI-11: 20.0
Running point TI-3: -12.0 FI-11: -20.0
Running point TI-3: -12.0 FI-11: -18.0
Running point TI-3: -12.0 FI-11: -16.0
Running point TI-3: -12.0 FI-11: -14.0
Running point TI-3: -12.0 FI-11: -12.0
Running point TI-3: -12.0 FI-11: -10.0
Running point TI-3: -12.0 FI-11: -8.0
Running point TI-3: -12.0 FI-11: -6.0
Running point TI-3: -12.0 FI-11: -4.0
Running point TI-3: -12.0 FI-11: -2.0
Running point TI-3: -12.0 FI-11: 0.0
Running point TI-3: -12.0 FI-11: 2.0
Running point TI-3: -12.0 FI-11: 4.0
Running point TI-3: -12.0 FI-11: 6.0
Running point TI-3: -12.0 FI-11: 8.0
Running point TI-3: -12.0 FI-11: 10.0
Running point TI-3: -12.0 FI-11: 12.0
Running point TI-3: -12.0 FI-11: 14.0
Running point TI-3: -12.0 FI-11: 16.0
Running point TI-3: -12.0 FI-11: 18.0
Running point TI-3: -12.0 FI-11: 20.0
Running point TI-3: -10.0 FI-11: -20.0
Running point TI-3: -10.0 FI-11: -18.0
Running point TI-3: -10.0 FI-11: -16.0
Running point TI-3: -10.0 FI-11: -14.0
Running point TI-3: -10.0 FI-11: -12.0
Running point TI-3: -10.0 FI-11: -10.0
Running point TI-3: -10.0 FI-11: -8.0
Running point TI-3: -10.0 FI-11: -6.0
Running point TI-3: -10.0 FI-11: -4.0
Running point TI-3: -10.0 FI-11: -2.0
Running point TI-3: -10.0 FI-11: 0.0
Running point TI-3: -10.0 FI-11: 2.0
Running point TI-3: -10.0 FI-11: 4.0
Running point TI-3: -10.0 FI-11: 6.0
Running point TI-3: -10.0 FI-11: 8.0
Running point TI-3: -10.0 FI-11: 10.0
Running point TI-3: -10.0 FI-11: 12.0
Running point TI-3: -10.0 FI-11: 14.0
Running point TI-3: -10.0 FI-11: 16.0
Running point TI-3: -10.0 FI-11: 18.0
Running point TI-3: -10.0 FI-11: 20.0
Running point TI-3: -8.0 FI-11: -20.0
Running point TI-3: -8.0 FI-11: -18.0
Running point TI-3: -8.0 FI-11: -16.0
Running point TI-3: -8.0 FI-11: -14.0
Running point TI-3: -8.0 FI-11: -12.0
Running point TI-3: -8.0 FI-11: -10.0
Running point TI-3: -8.0 FI-11: -8.0
Running point TI-3: -8.0 FI-11: -6.0
Running point TI-3: -8.0 FI-11: -4.0
Running point TI-3: -8.0 FI-11: -2.0
Running point TI-3: -8.0 FI-11: 0.0
Running point TI-3: -8.0 FI-11: 2.0
Running point TI-3: -8.0 FI-11: 4.0
Running point TI-3: -8.0 FI-11: 6.0
Running point TI-3: -8.0 FI-11: 8.0
Running point TI-3: -8.0 FI-11: 10.0
Running point TI-3: -8.0 FI-11: 12.0
Running point TI-3: -8.0 FI-11: 14.0
Running point TI-3: -8.0 FI-11: 16.0
Running point TI-3: -8.0 FI-11: 18.0
Running point TI-3: -8.0 FI-11: 20.0
Running point TI-3: -6.0 FI-11: -20.0
Running point TI-3: -6.0 FI-11: -18.0
Running point TI-3: -6.0 FI-11: -16.0
Running point TI-3: -6.0 FI-11: -14.0
Running point TI-3: -6.0 FI-11: -12.0
Running point TI-3: -6.0 FI-11: -10.0
Running point TI-3: -6.0 FI-11: -8.0
Running point TI-3: -6.0 FI-11: -6.0
Running point TI-3: -6.0 FI-11: -4.0
Running point TI-3: -6.0 FI-11: -2.0
Running point TI-3: -6.0 FI-11: 0.0
Running point TI-3: -6.0 FI-11: 2.0
Running point TI-3: -6.0 FI-11: 4.0
Running point TI-3: -6.0 FI-11: 6.0
Running point TI-3: -6.0 FI-11: 8.0
Running point TI-3: -6.0 FI-11: 10.0
Running point TI-3: -6.0 FI-11: 12.0
Running point TI-3: -6.0 FI-11: 14.0
Running point TI-3: -6.0 FI-11: 16.0
Running point TI-3: -6.0 FI-11: 18.0
Running point TI-3: -6.0 FI-11: 20.0
Running point TI-3: -4.0 FI-11: -20.0
Running point TI-3: -4.0 FI-11: -18.0
Running point TI-3: -4.0 FI-11: -16.0
Running point TI-3: -4.0 FI-11: -14.0
Running point TI-3: -4.0 FI-11: -12.0
Running point TI-3: -4.0 FI-11: -10.0
Running point TI-3: -4.0 FI-11: -8.0
Running point TI-3: -4.0 FI-11: -6.0
Running point TI-3: -4.0 FI-11: -4.0
Running point TI-3: -4.0 FI-11: -2.0
Running point TI-3: -4.0 FI-11: 0.0
Running point TI-3: -4.0 FI-11: 2.0
Running point TI-3: -4.0 FI-11: 4.0
Running point TI-3: -4.0 FI-11: 6.0
Running point TI-3: -4.0 FI-11: 8.0
Running point TI-3: -4.0 FI-11: 10.0
Running point TI-3: -4.0 FI-11: 12.0
Running point TI-3: -4.0 FI-11: 14.0
Running point TI-3: -4.0 FI-11: 16.0
Running point TI-3: -4.0 FI-11: 18.0
Running point TI-3: -4.0 FI-11: 20.0
Running point TI-3: -2.0 FI-11: -20.0
Running point TI-3: -2.0 FI-11: -18.0
Running point TI-3: -2.0 FI-11: -16.0
Running point TI-3: -2.0 FI-11: -14.0
Running point TI-3: -2.0 FI-11: -12.0
Running point TI-3: -2.0 FI-11: -10.0
Running point TI-3: -2.0 FI-11: -8.0
Running point TI-3: -2.0 FI-11: -6.0
Running point TI-3: -2.0 FI-11: -4.0
Running point TI-3: -2.0 FI-11: -2.0
Running point TI-3: -2.0 FI-11: 0.0
Running point TI-3: -2.0 FI-11: 2.0
Running point TI-3: -2.0 FI-11: 4.0
Running point TI-3: -2.0 FI-11: 6.0
Running point TI-3: -2.0 FI-11: 8.0
Running point TI-3: -2.0 FI-11: 10.0
Running point TI-3: -2.0 FI-11: 12.0
Running point TI-3: -2.0 FI-11: 14.0
Running point TI-3: -2.0 FI-11: 16.0
Running point TI-3: -2.0 FI-11: 18.0
Running point TI-3: -2.0 FI-11: 20.0
Running point TI-3: 0.0 FI-11: -20.0
Running point TI-3: 0.0 FI-11: -18.0
Running point TI-3: 0.0 FI-11: -16.0
Running point TI-3: 0.0 FI-11: -14.0
Running point TI-3: 0.0 FI-11: -12.0
Running point TI-3: 0.0 FI-11: -10.0
Running point TI-3: 0.0 FI-11: -8.0
Running point TI-3: 0.0 FI-11: -6.0
Running point TI-3: 0.0 FI-11: -4.0
Running point TI-3: 0.0 FI-11: -2.0
Running point TI-3: 0.0 FI-11: 0.0
Running point TI-3: 0.0 FI-11: 2.0
Running point TI-3: 0.0 FI-11: 4.0
Running point TI-3: 0.0 FI-11: 6.0
Running point TI-3: 0.0 FI-11: 8.0
Running point TI-3: 0.0 FI-11: 10.0
Running point TI-3: 0.0 FI-11: 12.0
Running point TI-3: 0.0 FI-11: 14.0
Running point TI-3: 0.0 FI-11: 16.0
Running point TI-3: 0.0 FI-11: 18.0
Running point TI-3: 0.0 FI-11: 20.0
Running point TI-3: 2.0 FI-11: -20.0
Running point TI-3: 2.0 FI-11: -18.0
Running point TI-3: 2.0 FI-11: -16.0
Running point TI-3: 2.0 FI-11: -14.0
Running point TI-3: 2.0 FI-11: -12.0
Running point TI-3: 2.0 FI-11: -10.0
Running point TI-3: 2.0 FI-11: -8.0
Running point TI-3: 2.0 FI-11: -6.0
Running point TI-3: 2.0 FI-11: -4.0
Running point TI-3: 2.0 FI-11: -2.0
Running point TI-3: 2.0 FI-11: 0.0
Running point TI-3: 2.0 FI-11: 2.0
Running point TI-3: 2.0 FI-11: 4.0
Running point TI-3: 2.0 FI-11: 6.0
Running point TI-3: 2.0 FI-11: 8.0
Running point TI-3: 2.0 FI-11: 10.0
Running point TI-3: 2.0 FI-11: 12.0
Running point TI-3: 2.0 FI-11: 14.0
Running point TI-3: 2.0 FI-11: 16.0
Running point TI-3: 2.0 FI-11: 18.0
Running point TI-3: 2.0 FI-11: 20.0
Running point TI-3: 4.0 FI-11: -20.0
Running point TI-3: 4.0 FI-11: -18.0
Running point TI-3: 4.0 FI-11: -16.0
Running point TI-3: 4.0 FI-11: -14.0
Running point TI-3: 4.0 FI-11: -12.0
Running point TI-3: 4.0 FI-11: -10.0
Running point TI-3: 4.0 FI-11: -8.0
Running point TI-3: 4.0 FI-11: -6.0
Running point TI-3: 4.0 FI-11: -4.0
Running point TI-3: 4.0 FI-11: -2.0
Running point TI-3: 4.0 FI-11: 0.0
Running point TI-3: 4.0 FI-11: 2.0
Running point TI-3: 4.0 FI-11: 4.0
Running point TI-3: 4.0 FI-11: 6.0
Running point TI-3: 4.0 FI-11: 8.0
Running point TI-3: 4.0 FI-11: 10.0
Running point TI-3: 4.0 FI-11: 12.0
Running point TI-3: 4.0 FI-11: 14.0
Running point TI-3: 4.0 FI-11: 16.0
Running point TI-3: 4.0 FI-11: 18.0
Running point TI-3: 4.0 FI-11: 20.0
Running point TI-3: 6.0 FI-11: -20.0
Running point TI-3: 6.0 FI-11: -18.0
Running point TI-3: 6.0 FI-11: -16.0
Running point TI-3: 6.0 FI-11: -14.0
Running point TI-3: 6.0 FI-11: -12.0
Running point TI-3: 6.0 FI-11: -10.0
Running point TI-3: 6.0 FI-11: -8.0
Running point TI-3: 6.0 FI-11: -6.0
Running point TI-3: 6.0 FI-11: -4.0
Running point TI-3: 6.0 FI-11: -2.0
Running point TI-3: 6.0 FI-11: 0.0
Running point TI-3: 6.0 FI-11: 2.0
Running point TI-3: 6.0 FI-11: 4.0
Running point TI-3: 6.0 FI-11: 6.0
Running point TI-3: 6.0 FI-11: 8.0
Running point TI-3: 6.0 FI-11: 10.0
Running point TI-3: 6.0 FI-11: 12.0
Running point TI-3: 6.0 FI-11: 14.0
Running point TI-3: 6.0 FI-11: 16.0
Running point TI-3: 6.0 FI-11: 18.0
Running point TI-3: 6.0 FI-11: 20.0
Running point TI-3: 8.0 FI-11: -20.0
Running point TI-3: 8.0 FI-11: -18.0
Running point TI-3: 8.0 FI-11: -16.0
Running point TI-3: 8.0 FI-11: -14.0
Running point TI-3: 8.0 FI-11: -12.0
Running point TI-3: 8.0 FI-11: -10.0
Running point TI-3: 8.0 FI-11: -8.0
Running point TI-3: 8.0 FI-11: -6.0
Running point TI-3: 8.0 FI-11: -4.0
Running point TI-3: 8.0 FI-11: -2.0
Running point TI-3: 8.0 FI-11: 0.0
Running point TI-3: 8.0 FI-11: 2.0
Running point TI-3: 8.0 FI-11: 4.0
Running point TI-3: 8.0 FI-11: 6.0
Running point TI-3: 8.0 FI-11: 8.0
Running point TI-3: 8.0 FI-11: 10.0
Running point TI-3: 8.0 FI-11: 12.0
Running point TI-3: 8.0 FI-11: 14.0
Running point TI-3: 8.0 FI-11: 16.0
Running point TI-3: 8.0 FI-11: 18.0
Running point TI-3: 8.0 FI-11: 20.0
Running point TI-3: 10.0 FI-11: -20.0
Running point TI-3: 10.0 FI-11: -18.0
Running point TI-3: 10.0 FI-11: -16.0
Running point TI-3: 10.0 FI-11: -14.0
Running point TI-3: 10.0 FI-11: -12.0
Running point TI-3: 10.0 FI-11: -10.0
Running point TI-3: 10.0 FI-11: -8.0
Running point TI-3: 10.0 FI-11: -6.0
Running point TI-3: 10.0 FI-11: -4.0
Running point TI-3: 10.0 FI-11: -2.0
Running point TI-3: 10.0 FI-11: 0.0
Running point TI-3: 10.0 FI-11: 2.0
Running point TI-3: 10.0 FI-11: 4.0
Running point TI-3: 10.0 FI-11: 6.0
Running point TI-3: 10.0 FI-11: 8.0
Running point TI-3: 10.0 FI-11: 10.0
Running point TI-3: 10.0 FI-11: 12.0
Running point TI-3: 10.0 FI-11: 14.0
Running point TI-3: 10.0 FI-11: 16.0
Running point TI-3: 10.0 FI-11: 18.0
Running point TI-3: 10.0 FI-11: 20.0
Running point TI-3: 12.0 FI-11: -20.0
Running point TI-3: 12.0 FI-11: -18.0
Running point TI-3: 12.0 FI-11: -16.0
Running point TI-3: 12.0 FI-11: -14.0
Running point TI-3: 12.0 FI-11: -12.0
Running point TI-3: 12.0 FI-11: -10.0
Running point TI-3: 12.0 FI-11: -8.0
Running point TI-3: 12.0 FI-11: -6.0
Running point TI-3: 12.0 FI-11: -4.0
Running point TI-3: 12.0 FI-11: -2.0
Running point TI-3: 12.0 FI-11: 0.0
Running point TI-3: 12.0 FI-11: 2.0
Running point TI-3: 12.0 FI-11: 4.0
Running point TI-3: 12.0 FI-11: 6.0
Running point TI-3: 12.0 FI-11: 8.0
Running point TI-3: 12.0 FI-11: 10.0
Running point TI-3: 12.0 FI-11: 12.0
Running point TI-3: 12.0 FI-11: 14.0
Running point TI-3: 12.0 FI-11: 16.0
Running point TI-3: 12.0 FI-11: 18.0
Running point TI-3: 12.0 FI-11: 20.0
Running point TI-3: 14.0 FI-11: -20.0
Running point TI-3: 14.0 FI-11: -18.0
Running point TI-3: 14.0 FI-11: -16.0
Running point TI-3: 14.0 FI-11: -14.0
Running point TI-3: 14.0 FI-11: -12.0
Running point TI-3: 14.0 FI-11: -10.0
Running point TI-3: 14.0 FI-11: -8.0
Running point TI-3: 14.0 FI-11: -6.0
Running point TI-3: 14.0 FI-11: -4.0
Running point TI-3: 14.0 FI-11: -2.0
Running point TI-3: 14.0 FI-11: 0.0
Running point TI-3: 14.0 FI-11: 2.0
Running point TI-3: 14.0 FI-11: 4.0
Running point TI-3: 14.0 FI-11: 6.0
Running point TI-3: 14.0 FI-11: 8.0
Running point TI-3: 14.0 FI-11: 10.0
Running point TI-3: 14.0 FI-11: 12.0
Running point TI-3: 14.0 FI-11: 14.0
Running point TI-3: 14.0 FI-11: 16.0
Running point TI-3: 14.0 FI-11: 18.0
Running point TI-3: 14.0 FI-11: 20.0
Running point TI-3: 16.0 FI-11: -20.0
Running point TI-3: 16.0 FI-11: -18.0
Running point TI-3: 16.0 FI-11: -16.0
Running point TI-3: 16.0 FI-11: -14.0
Running point TI-3: 16.0 FI-11: -12.0
Running point TI-3: 16.0 FI-11: -10.0
Running point TI-3: 16.0 FI-11: -8.0
Running point TI-3: 16.0 FI-11: -6.0
Running point TI-3: 16.0 FI-11: -4.0
Running point TI-3: 16.0 FI-11: -2.0
Running point TI-3: 16.0 FI-11: 0.0
Running point TI-3: 16.0 FI-11: 2.0
Running point TI-3: 16.0 FI-11: 4.0
Running point TI-3: 16.0 FI-11: 6.0
Running point TI-3: 16.0 FI-11: 8.0
Running point TI-3: 16.0 FI-11: 10.0
Running point TI-3: 16.0 FI-11: 12.0
Running point TI-3: 16.0 FI-11: 14.0
Running point TI-3: 16.0 FI-11: 16.0
Running point TI-3: 16.0 FI-11: 18.0
Running point TI-3: 16.0 FI-11: 20.0
Running point TI-3: 18.0 FI-11: -20.0
Running point TI-3: 18.0 FI-11: -18.0
Running point TI-3: 18.0 FI-11: -16.0
Running point TI-3: 18.0 FI-11: -14.0
Running point TI-3: 18.0 FI-11: -12.0
Running point TI-3: 18.0 FI-11: -10.0
Running point TI-3: 18.0 FI-11: -8.0
Running point TI-3: 18.0 FI-11: -6.0
Running point TI-3: 18.0 FI-11: -4.0
Running point TI-3: 18.0 FI-11: -2.0
Running point TI-3: 18.0 FI-11: 0.0
Running point TI-3: 18.0 FI-11: 2.0
Running point TI-3: 18.0 FI-11: 4.0
Running point TI-3: 18.0 FI-11: 6.0
Running point TI-3: 18.0 FI-11: 8.0
Running point TI-3: 18.0 FI-11: 10.0
Running point TI-3: 18.0 FI-11: 12.0
Running point TI-3: 18.0 FI-11: 14.0
Running point TI-3: 18.0 FI-11: 16.0
Running point TI-3: 18.0 FI-11: 18.0
Running point TI-3: 18.0 FI-11: 20.0
Running point TI-3: 20.0 FI-11: -20.0
Running point TI-3: 20.0 FI-11: -18.0
Running point TI-3: 20.0 FI-11: -16.0
Running point TI-3: 20.0 FI-11: -14.0
Running point TI-3: 20.0 FI-11: -12.0
Running point TI-3: 20.0 FI-11: -10.0
Running point TI-3: 20.0 FI-11: -8.0
Running point TI-3: 20.0 FI-11: -6.0
Running point TI-3: 20.0 FI-11: -4.0
Running point TI-3: 20.0 FI-11: -2.0
Running point TI-3: 20.0 FI-11: 0.0
Running point TI-3: 20.0 FI-11: 2.0
Running point TI-3: 20.0 FI-11: 4.0
Running point TI-3: 20.0 FI-11: 6.0
Running point TI-3: 20.0 FI-11: 8.0
Running point TI-3: 20.0 FI-11: 10.0
Running point TI-3: 20.0 FI-11: 12.0
Running point TI-3: 20.0 FI-11: 14.0
Running point TI-3: 20.0 FI-11: 16.0
Running point TI-3: 20.0 FI-11: 18.0
Running point TI-3: 20.0 FI-11: 20.0
